This is pdfTeX, Version 3.141592653-2.6-1.40.24 (MiKTeX 22.1) (preloaded format=pdflatex 2025.2.15)  8 MAR 2026 22:53
entering extended mode
 \write18 enabled.
 file:line:error style messages enabled.
 %&-line parsing enabled.
**"/Users/JoanaUCD/Library/CloudStorage/OneDrive-UniversityCollegeDublin/Labs/labs-files/tex Files/23311051_PHYC30170SPR26_LAB2.tex"
(/Users/JoanaUCD/Library/CloudStorage/OneDrive-UniversityCollegeDublin/Labs/labs-files/tex Files/23311051_PHYC30170SPR26_LAB2.tex
LaTeX2e <2024-11-01> patch level 2
L3 programming layer <2025-01-18>
(/Users/JoanaUCD/Library/Application Support/MiKTeX/texmfs/install/tex/latex/base/article.cls
Document Class: article 2024/06/29 v1.4n Standard LaTeX document class
(/Users/JoanaUCD/Library/Application Support/MiKTeX/texmfs/install/tex/latex/base/size11.clo
File: size11.clo 2024/06/29 v1.4n Standard LaTeX file (size option)
)
\c@part=\count196
\c@section=\count197
\c@subsection=\count198
\c@subsubsection=\count199
\c@paragraph=\count266
\c@subparagraph=\count267
\c@figure=\count268
\c@table=\count269
\abovecaptionskip=\skip49
\belowcaptionskip=\skip50
\bibindent=\dimen141
) (/Users/JoanaUCD/Library/Application Support/MiKTeX/texmfs/install/tex/latex/graphics/graphicx.sty
Package: graphicx 2021/09/16 v1.2d Enhanced LaTeX Graphics (DPC,SPQR)
 (/Users/JoanaUCD/Library/Application Support/MiKTeX/texmfs/install/tex/latex/graphics/keyval.sty
Package: keyval 2022/05/29 v1.15 key=value parser (DPC)
\KV@toks@=\toks17
) (/Users/JoanaUCD/Library/Application Support/MiKTeX/texmfs/install/tex/latex/graphics/graphics.sty
Package: graphics 2024/08/06 v1.4g Standard LaTeX Graphics (DPC,SPQR)
 (/Users/JoanaUCD/Library/Application Support/MiKTeX/texmfs/install/tex/latex/graphics/trig.sty
Package: trig 2023/12/02 v1.11 sin cos tan (DPC)
) (/Users/JoanaUCD/Library/Application Support/MiKTeX/texmfs/install/tex/latex/graphics-cfg/graphics.cfg
File: graphics.cfg 2016/06/04 v1.11 sample graphics configuration
)
Package graphics Info: Driver file: pdftex.def on input line 106.
 (/Users/JoanaUCD/Library/Application Support/MiKTeX/texmfs/install/tex/latex/graphics-def/pdftex.def
File: pdftex.def 2024/04/13 v1.2c Graphics/color driver for pdftex
))
\Gin@req@height=\dimen142
\Gin@req@width=\dimen143
) (/Users/JoanaUCD/Library/Application Support/MiKTeX/texmfs/install/tex/latex/tools/array.sty
Package: array 2024/10/17 v2.6g Tabular extension package (FMi)
\col@sep=\dimen144
\ar@mcellbox=\box52
\extrarowheight=\dimen145
\NC@list=\toks18
\extratabsurround=\skip51
\backup@length=\skip52
\ar@cellbox=\box53
) (/Users/JoanaUCD/Library/Application Support/MiKTeX/texmfs/install/tex/latex/amsmath/amsmath.sty
Package: amsmath 2024/11/05 v2.17t AMS math features
\@mathmargin=\skip53

For additional information on amsmath, use the `?' option.
(/Users/JoanaUCD/Library/Application Support/MiKTeX/texmfs/install/tex/latex/amsmath/amstext.sty
Package: amstext 2021/08/26 v2.01 AMS text
 (/Users/JoanaUCD/Library/Application Support/MiKTeX/texmfs/install/tex/latex/amsmath/amsgen.sty
File: amsgen.sty 1999/11/30 v2.0 generic functions
\@emptytoks=\toks19
\ex@=\dimen146
)) (/Users/JoanaUCD/Library/Application Support/MiKTeX/texmfs/install/tex/latex/amsmath/amsbsy.sty
Package: amsbsy 1999/11/29 v1.2d Bold Symbols
\pmbraise@=\dimen147
) (/Users/JoanaUCD/Library/Application Support/MiKTeX/texmfs/install/tex/latex/amsmath/amsopn.sty
Package: amsopn 2022/04/08 v2.04 operator names
)
\inf@bad=\count270
LaTeX Info: Redefining \frac on input line 233.
\uproot@=\count271
\leftroot@=\count272
LaTeX Info: Redefining \overline on input line 398.
LaTeX Info: Redefining \colon on input line 409.
\classnum@=\count273
\DOTSCASE@=\count274
LaTeX Info: Redefining \ldots on input line 495.
LaTeX Info: Redefining \dots on input line 498.
LaTeX Info: Redefining \cdots on input line 619.
\Mathstrutbox@=\box54
\strutbox@=\box55
LaTeX Info: Redefining \big on input line 721.
LaTeX Info: Redefining \Big on input line 722.
LaTeX Info: Redefining \bigg on input line 723.
LaTeX Info: Redefining \Bigg on input line 724.
\big@size=\dimen148
LaTeX Font Info:    Redeclaring font encoding OML on input line 742.
LaTeX Font Info:    Redeclaring font encoding OMS on input line 743.
\macc@depth=\count275
LaTeX Info: Redefining \bmod on input line 904.
LaTeX Info: Redefining \pmod on input line 909.
LaTeX Info: Redefining \smash on input line 939.
LaTeX Info: Redefining \relbar on input line 969.
LaTeX Info: Redefining \Relbar on input line 970.
\c@MaxMatrixCols=\count276
\dotsspace@=\muskip17
\c@parentequation=\count277
\dspbrk@lvl=\count278
\tag@help=\toks20
\row@=\count279
\column@=\count280
\maxfields@=\count281
\andhelp@=\toks21
\eqnshift@=\dimen149
\alignsep@=\dimen150
\tagshift@=\dimen151
\tagwidth@=\dimen152
\totwidth@=\dimen153
\lineht@=\dimen154
\@envbody=\toks22
\multlinegap=\skip54
\multlinetaggap=\skip55
\mathdisplay@stack=\toks23
LaTeX Info: Redefining \[ on input line 2953.
LaTeX Info: Redefining \] on input line 2954.
) (/Users/JoanaUCD/Library/Application Support/MiKTeX/texmfs/install/tex/latex/amsfonts/amssymb.sty
Package: amssymb 2013/01/14 v3.01 AMS font symbols
 (/Users/JoanaUCD/Library/Application Support/MiKTeX/texmfs/install/tex/latex/amsfonts/amsfonts.sty
Package: amsfonts 2013/01/14 v3.01 Basic AMSFonts support
\symAMSa=\mathgroup4
\symAMSb=\mathgroup5
LaTeX Font Info:    Redeclaring math symbol \hbar on input line 98.
LaTeX Font Info:    Overwriting math alphabet `\mathfrak' in version `bold'
(Font)                  U/euf/m/n --> U/euf/b/n on input line 106.
)) (/Users/JoanaUCD/Library/Application Support/MiKTeX/texmfs/install/tex/latex/cancel/cancel.sty
Package: cancel 2013/04/12 v2.2 Cancel math terms
) (/Users/JoanaUCD/Library/Application Support/MiKTeX/texmfs/install/tex/latex/siunitx/siunitx.sty
Package: siunitx 2025-07-09 v3.4.14 A comprehensive (SI) units package
\l__siunitx_number_uncert_offset_int=\count282
\l__siunitx_number_exponent_fixed_int=\count283
\l__siunitx_number_min_decimal_int=\count284
\l__siunitx_number_min_integer_int=\count285
\l__siunitx_number_round_precision_int=\count286
\l__siunitx_number_lower_threshold_int=\count287
\l__siunitx_number_upper_threshold_int=\count288
\l__siunitx_number_group_first_int=\count289
\l__siunitx_number_group_size_int=\count290
\l__siunitx_number_group_minimum_int=\count291
\l__siunitx_angle_tmp_dim=\dimen155
\l__siunitx_angle_marker_box=\box56
\l__siunitx_angle_unit_box=\box57
\l__siunitx_compound_count_int=\count292
 (/Users/JoanaUCD/Library/Application Support/MiKTeX/texmfs/install/tex/latex/translations/translations.sty
Package: translations 2022/02/05 v1.12 internationalization of LaTeX2e packages (CN)
 (/Users/JoanaUCD/Library/Application Support/MiKTeX/texmfs/install/tex/latex/etoolbox/etoolbox.sty
Package: etoolbox 2020/10/05 v2.5k e-TeX tools for LaTeX (JAW)
\etb@tempcnta=\count293
) (/Users/JoanaUCD/Library/Application Support/MiKTeX/texmfs/install/tex/generic/pdftexcmds/pdftexcmds.sty
Package: pdftexcmds 2020-06-27 v0.33 Utility functions of pdfTeX for LuaTeX (HO)
 (/Users/JoanaUCD/Library/Application Support/MiKTeX/texmfs/install/tex/generic/infwarerr/infwarerr.sty
Package: infwarerr 2019/12/03 v1.5 Providing info/warning/error messages (HO)
) (/Users/JoanaUCD/Library/Application Support/MiKTeX/texmfs/install/tex/generic/iftex/iftex.sty
Package: iftex 2024/12/12 v1.0g TeX engine tests
) (/Users/JoanaUCD/Library/Application Support/MiKTeX/texmfs/install/tex/generic/ltxcmds/ltxcmds.sty
Package: ltxcmds 2023-12-04 v1.26 LaTeX kernel commands for general use (HO)
)
Package pdftexcmds Info: \pdf@primitive is available.
Package pdftexcmds Info: \pdf@ifprimitive is available.
Package pdftexcmds Info: \pdfdraftmode found.
))
\l__siunitx_table_tmp_box=\box58
\l__siunitx_table_tmp_dim=\dimen156
\l__siunitx_table_column_width_dim=\dimen157
\l__siunitx_table_integer_box=\box59
\l__siunitx_table_decimal_box=\box60
\l__siunitx_table_uncert_box=\box61
\l__siunitx_table_before_box=\box62
\l__siunitx_table_after_box=\box63
\l__siunitx_table_before_dim=\dimen158
\l__siunitx_table_carry_dim=\dimen159
\l__siunitx_unit_tmp_int=\count294
\l__siunitx_unit_position_int=\count295
\l__siunitx_unit_total_int=\count296
) (/Users/JoanaUCD/Library/Application Support/MiKTeX/texmfs/install/tex/latex/mathtools/mathtools.sty
Package: mathtools 2024/10/04 v1.31 mathematical typesetting tools
 (/Users/JoanaUCD/Library/Application Support/MiKTeX/texmfs/install/tex/latex/tools/calc.sty
Package: calc 2023/07/08 v4.3 Infix arithmetic (KKT,FJ)
\calc@Acount=\count297
\calc@Bcount=\count298
\calc@Adimen=\dimen160
\calc@Bdimen=\dimen161
\calc@Askip=\skip56
\calc@Bskip=\skip57
LaTeX Info: Redefining \setlength on input line 80.
LaTeX Info: Redefining \addtolength on input line 81.
\calc@Ccount=\count299
\calc@Cskip=\skip58
) (/Users/JoanaUCD/Library/Application Support/MiKTeX/texmfs/install/tex/latex/mathtools/mhsetup.sty
Package: mhsetup 2021/03/18 v1.4 programming setup (MH)
)
\g_MT_multlinerow_int=\count300
\l_MT_multwidth_dim=\dimen162
\origjot=\skip59
\l_MT_shortvdotswithinadjustabove_dim=\dimen163
\l_MT_shortvdotswithinadjustbelow_dim=\dimen164
\l_MT_above_intertext_sep=\dimen165
\l_MT_below_intertext_sep=\dimen166
\l_MT_above_shortintertext_sep=\dimen167
\l_MT_below_shortintertext_sep=\dimen168
\xmathstrut@box=\box64
\xmathstrut@dim=\dimen169
) (/Users/JoanaUCD/Library/Application Support/MiKTeX/texmfs/install/tex/latex/physics2/physics2.sty
Package: physics2 2024/01/10 v1.0.1 Tools for typesetting math for physics.
\phy@tempcnta=\count301
\phy@tempdima=\dimen170
\phy@tempdimb=\dimen171
\phy@tempskipa=\skip60
\phy@tempmuskipa=\muskip18
\phy@tempboxa=\box65
\phy@toksa=\toks24
\l__phy_tmpa_int=\count302
\l__phy_tmpb_int=\count303
) (/Users/JoanaUCD/Library/Application Support/MiKTeX/texmfs/install/tex/latex/was/upgreek.sty
Package: upgreek 2003/02/12 v2.0 (WaS)
Package upgreek Info: Using Euler Roman for upright Greek on input line 31.
\symugrf@m=\mathgroup6
LaTeX Font Info:    Overwriting symbol font `ugrf@m' in version `bold'
(Font)                  U/eur/m/n --> U/eur/b/n on input line 38.
) (/Users/JoanaUCD/Library/Application Support/MiKTeX/texmfs/install/tex/latex/float/float.sty
Package: float 2001/11/08 v1.3d Float enhancements (AL)
\c@float@type=\count304
\float@exts=\toks25
\float@box=\box66
\@float@everytoks=\toks26
\@floatcapt=\box67
) (/Users/JoanaUCD/Library/Application Support/MiKTeX/texmfs/install/tex/latex/geometry/geometry.sty
Package: geometry 2020/01/02 v5.9 Page Geometry
 (/Users/JoanaUCD/Library/Application Support/MiKTeX/texmfs/install/tex/generic/iftex/ifvtex.sty
Package: ifvtex 2019/10/25 v1.7 ifvtex legacy package. Use iftex instead.
)
\Gm@cnth=\count305
\Gm@cntv=\count306
\c@Gm@tempcnt=\count307
\Gm@bindingoffset=\dimen172
\Gm@wd@mp=\dimen173
\Gm@odd@mp=\dimen174
\Gm@even@mp=\dimen175
\Gm@layoutwidth=\dimen176
\Gm@layoutheight=\dimen177
\Gm@layouthoffset=\dimen178
\Gm@layoutvoffset=\dimen179
\Gm@dimlist=\toks27
 (/Users/JoanaUCD/Library/Application Support/MiKTeX/texmfs/install/tex/latex/geometry/geometry.cfg)) (/Users/JoanaUCD/Library/Application Support/MiKTeX/texmfs/install/tex/latex/caption/subcaption.sty
Package: subcaption 2023/07/28 v1.6b Sub-captions (AR)
 (/Users/JoanaUCD/Library/Application Support/MiKTeX/texmfs/install/tex/latex/caption/caption.sty
Package: caption 2023/08/05 v3.6o Customizing captions (AR)
 (/Users/JoanaUCD/Library/Application Support/MiKTeX/texmfs/install/tex/latex/caption/caption3.sty
Package: caption3 2023/07/31 v2.4d caption3 kernel (AR)
\caption@tempdima=\dimen180
\captionmargin=\dimen181
\caption@leftmargin=\dimen182
\caption@rightmargin=\dimen183
\caption@width=\dimen184
\caption@indent=\dimen185
\caption@parindent=\dimen186
\caption@hangindent=\dimen187
Package caption Info: Standard document class detected.
)
\c@caption@flags=\count308
\c@continuedfloat=\count309
Package caption Info: float package is loaded.
)
Package caption Info: New subtype `subfigure' on input line 238.
\c@subfigure=\count310
Package caption Info: New subtype `subtable' on input line 238.
\c@subtable=\count311
) (/Users/JoanaUCD/Library/Application Support/MiKTeX/texmfs/install/tex/latex/pgf/frontendlayer/tikz.sty (/Users/JoanaUCD/Library/Application Support/MiKTeX/texmfs/install/tex/latex/pgf/basiclayer/pgf.sty (/Users/JoanaUCD/Library/Application Support/MiKTeX/texmfs/install/tex/latex/pgf/utilities/pgfrcs.sty (/Users/JoanaUCD/Library/Application Support/MiKTeX/texmfs/install/tex/generic/pgf/utilities/pgfutil-common.tex
\pgfutil@everybye=\toks28
\pgfutil@tempdima=\dimen188
\pgfutil@tempdimb=\dimen189
) (/Users/JoanaUCD/Library/Application Support/MiKTeX/texmfs/install/tex/generic/pgf/utilities/pgfutil-latex.def
\pgfutil@abb=\box68
) (/Users/JoanaUCD/Library/Application Support/MiKTeX/texmfs/install/tex/generic/pgf/utilities/pgfrcs.code.tex (/Users/JoanaUCD/Library/Application Support/MiKTeX/texmfs/install/tex/generic/pgf/pgf.revision.tex)
Package: pgfrcs 2023-01-15 v3.1.10 (3.1.10)
))
Package: pgf 2023-01-15 v3.1.10 (3.1.10)
 (/Users/JoanaUCD/Library/Application Support/MiKTeX/texmfs/install/tex/latex/pgf/basiclayer/pgfcore.sty (/Users/JoanaUCD/Library/Application Support/MiKTeX/texmfs/install/tex/latex/pgf/systemlayer/pgfsys.sty (/Users/JoanaUCD/Library/Application Support/MiKTeX/texmfs/install/tex/generic/pgf/systemlayer/pgfsys.code.tex
Package: pgfsys 2023-01-15 v3.1.10 (3.1.10)
 (/Users/JoanaUCD/Library/Application Support/MiKTeX/texmfs/install/tex/generic/pgf/utilities/pgfkeys.code.tex
\pgfkeys@pathtoks=\toks29
\pgfkeys@temptoks=\toks30
 (/Users/JoanaUCD/Library/Application Support/MiKTeX/texmfs/install/tex/generic/pgf/utilities/pgfkeyslibraryfiltered.code.tex
\pgfkeys@tmptoks=\toks31
))
\pgf@x=\dimen190
\pgf@y=\dimen191
\pgf@xa=\dimen192
\pgf@ya=\dimen193
\pgf@xb=\dimen194
\pgf@yb=\dimen195
\pgf@xc=\dimen196
\pgf@yc=\dimen197
\pgf@xd=\dimen198
\pgf@yd=\dimen199
\w@pgf@writea=\write3
\r@pgf@reada=\read2
\c@pgf@counta=\count312
\c@pgf@countb=\count313
\c@pgf@countc=\count314
\c@pgf@countd=\count315
\t@pgf@toka=\toks32
\t@pgf@tokb=\toks33
\t@pgf@tokc=\toks34
\pgf@sys@id@count=\count316
 (/Users/JoanaUCD/Library/Application Support/MiKTeX/texmfs/install/tex/generic/pgf/systemlayer/pgf.cfg
File: pgf.cfg 2023-01-15 v3.1.10 (3.1.10)
)
Driver file for pgf: pgfsys-pdftex.def
 (/Users/JoanaUCD/Library/Application Support/MiKTeX/texmfs/install/tex/generic/pgf/systemlayer/pgfsys-pdftex.def
File: pgfsys-pdftex.def 2023-01-15 v3.1.10 (3.1.10)
 (/Users/JoanaUCD/Library/Application Support/MiKTeX/texmfs/install/tex/generic/pgf/systemlayer/pgfsys-common-pdf.def
File: pgfsys-common-pdf.def 2023-01-15 v3.1.10 (3.1.10)
))) (/Users/JoanaUCD/Library/Application Support/MiKTeX/texmfs/install/tex/generic/pgf/systemlayer/pgfsyssoftpath.code.tex
File: pgfsyssoftpath.code.tex 2023-01-15 v3.1.10 (3.1.10)
\pgfsyssoftpath@smallbuffer@items=\count317
\pgfsyssoftpath@bigbuffer@items=\count318
) (/Users/JoanaUCD/Library/Application Support/MiKTeX/texmfs/install/tex/generic/pgf/systemlayer/pgfsysprotocol.code.tex
File: pgfsysprotocol.code.tex 2023-01-15 v3.1.10 (3.1.10)
)) (/Users/JoanaUCD/Library/Application Support/MiKTeX/texmfs/install/tex/latex/xcolor/xcolor.sty
Package: xcolor 2024/09/29 v3.02 LaTeX color extensions (UK)
 (/Users/JoanaUCD/Library/Application Support/MiKTeX/texmfs/install/tex/latex/graphics-cfg/color.cfg
File: color.cfg 2016/01/02 v1.6 sample color configuration
)
Package xcolor Info: Driver file: pdftex.def on input line 274.
 (/Users/JoanaUCD/Library/Application Support/MiKTeX/texmfs/install/tex/latex/graphics/mathcolor.ltx)
Package xcolor Info: Model `cmy' substituted by `cmy0' on input line 1349.
Package xcolor Info: Model `hsb' substituted by `rgb' on input line 1353.
Package xcolor Info: Model `RGB' extended on input line 1365.
Package xcolor Info: Model `HTML' substituted by `rgb' on input line 1367.
Package xcolor Info: Model `Hsb' substituted by `hsb' on input line 1368.
Package xcolor Info: Model `tHsb' substituted by `hsb' on input line 1369.
Package xcolor Info: Model `HSB' substituted by `hsb' on input line 1370.
Package xcolor Info: Model `Gray' substituted by `gray' on input line 1371.
Package xcolor Info: Model `wave' substituted by `hsb' on input line 1372.
) (/Users/JoanaUCD/Library/Application Support/MiKTeX/texmfs/install/tex/generic/pgf/basiclayer/pgfcore.code.tex
Package: pgfcore 2023-01-15 v3.1.10 (3.1.10)
 (/Users/JoanaUCD/Library/Application Support/MiKTeX/texmfs/install/tex/generic/pgf/math/pgfmath.code.tex (/Users/JoanaUCD/Library/Application Support/MiKTeX/texmfs/install/tex/generic/pgf/math/pgfmathutil.code.tex) (/Users/JoanaUCD/Library/Application Support/MiKTeX/texmfs/install/tex/generic/pgf/math/pgfmathparser.code.tex
\pgfmath@dimen=\dimen256
\pgfmath@count=\count319
\pgfmath@box=\box69
\pgfmath@toks=\toks35
\pgfmath@stack@operand=\toks36
\pgfmath@stack@operation=\toks37
) (/Users/JoanaUCD/Library/Application Support/MiKTeX/texmfs/install/tex/generic/pgf/math/pgfmathfunctions.code.tex) (/Users/JoanaUCD/Library/Application Support/MiKTeX/texmfs/install/tex/generic/pgf/math/pgfmathfunctions.basic.code.tex) (/Users/JoanaUCD/Library/Application Support/MiKTeX/texmfs/install/tex/generic/pgf/math/pgfmathfunctions.trigonometric.code.tex) (/Users/JoanaUCD/Library/Application Support/MiKTeX/texmfs/install/tex/generic/pgf/math/pgfmathfunctions.random.code.tex) (/Users/JoanaUCD/Library/Application Support/MiKTeX/texmfs/install/tex/generic/pgf/math/pgfmathfunctions.comparison.code.tex) (/Users/JoanaUCD/Library/Application Support/MiKTeX/texmfs/install/tex/generic/pgf/math/pgfmathfunctions.base.code.tex) (/Users/JoanaUCD/Library/Application Support/MiKTeX/texmfs/install/tex/generic/pgf/math/pgfmathfunctions.round.code.tex) (/Users/JoanaUCD/Library/Application Support/MiKTeX/texmfs/install/tex/generic/pgf/math/pgfmathfunctions.misc.code.tex) (/Users/JoanaUCD/Library/Application Support/MiKTeX/texmfs/install/tex/generic/pgf/math/pgfmathfunctions.integerarithmetics.code.tex) (/Users/JoanaUCD/Library/Application Support/MiKTeX/texmfs/install/tex/generic/pgf/math/pgfmathcalc.code.tex) (/Users/JoanaUCD/Library/Application Support/MiKTeX/texmfs/install/tex/generic/pgf/math/pgfmathfloat.code.tex
\c@pgfmathroundto@lastzeros=\count320
)) (/Users/JoanaUCD/Library/Application Support/MiKTeX/texmfs/install/tex/generic/pgf/math/pgfint.code.tex) (/Users/JoanaUCD/Library/Application Support/MiKTeX/texmfs/install/tex/generic/pgf/basiclayer/pgfcorepoints.code.tex
File: pgfcorepoints.code.tex 2023-01-15 v3.1.10 (3.1.10)
\pgf@picminx=\dimen257
\pgf@picmaxx=\dimen258
\pgf@picminy=\dimen259
\pgf@picmaxy=\dimen260
\pgf@pathminx=\dimen261
\pgf@pathmaxx=\dimen262
\pgf@pathminy=\dimen263
\pgf@pathmaxy=\dimen264
\pgf@xx=\dimen265
\pgf@xy=\dimen266
\pgf@yx=\dimen267
\pgf@yy=\dimen268
\pgf@zx=\dimen269
\pgf@zy=\dimen270
) (/Users/JoanaUCD/Library/Application Support/MiKTeX/texmfs/install/tex/generic/pgf/basiclayer/pgfcorepathconstruct.code.tex
File: pgfcorepathconstruct.code.tex 2023-01-15 v3.1.10 (3.1.10)
\pgf@path@lastx=\dimen271
\pgf@path@lasty=\dimen272
) (/Users/JoanaUCD/Library/Application Support/MiKTeX/texmfs/install/tex/generic/pgf/basiclayer/pgfcorepathusage.code.tex
File: pgfcorepathusage.code.tex 2023-01-15 v3.1.10 (3.1.10)
\pgf@shorten@end@additional=\dimen273
\pgf@shorten@start@additional=\dimen274
) (/Users/JoanaUCD/Library/Application Support/MiKTeX/texmfs/install/tex/generic/pgf/basiclayer/pgfcorescopes.code.tex
File: pgfcorescopes.code.tex 2023-01-15 v3.1.10 (3.1.10)
\pgfpic=\box70
\pgf@hbox=\box71
\pgf@layerbox@main=\box72
\pgf@picture@serial@count=\count321
) (/Users/JoanaUCD/Library/Application Support/MiKTeX/texmfs/install/tex/generic/pgf/basiclayer/pgfcoregraphicstate.code.tex
File: pgfcoregraphicstate.code.tex 2023-01-15 v3.1.10 (3.1.10)
\pgflinewidth=\dimen275
) (/Users/JoanaUCD/Library/Application Support/MiKTeX/texmfs/install/tex/generic/pgf/basiclayer/pgfcoretransformations.code.tex
File: pgfcoretransformations.code.tex 2023-01-15 v3.1.10 (3.1.10)
\pgf@pt@x=\dimen276
\pgf@pt@y=\dimen277
\pgf@pt@temp=\dimen278
) (/Users/JoanaUCD/Library/Application Support/MiKTeX/texmfs/install/tex/generic/pgf/basiclayer/pgfcorequick.code.tex
File: pgfcorequick.code.tex 2023-01-15 v3.1.10 (3.1.10)
) (/Users/JoanaUCD/Library/Application Support/MiKTeX/texmfs/install/tex/generic/pgf/basiclayer/pgfcoreobjects.code.tex
File: pgfcoreobjects.code.tex 2023-01-15 v3.1.10 (3.1.10)
) (/Users/JoanaUCD/Library/Application Support/MiKTeX/texmfs/install/tex/generic/pgf/basiclayer/pgfcorepathprocessing.code.tex
File: pgfcorepathprocessing.code.tex 2023-01-15 v3.1.10 (3.1.10)
) (/Users/JoanaUCD/Library/Application Support/MiKTeX/texmfs/install/tex/generic/pgf/basiclayer/pgfcorearrows.code.tex
File: pgfcorearrows.code.tex 2023-01-15 v3.1.10 (3.1.10)
\pgfarrowsep=\dimen279
) (/Users/JoanaUCD/Library/Application Support/MiKTeX/texmfs/install/tex/generic/pgf/basiclayer/pgfcoreshade.code.tex
File: pgfcoreshade.code.tex 2023-01-15 v3.1.10 (3.1.10)
\pgf@max=\dimen280
\pgf@sys@shading@range@num=\count322
\pgf@shadingcount=\count323
) (/Users/JoanaUCD/Library/Application Support/MiKTeX/texmfs/install/tex/generic/pgf/basiclayer/pgfcoreimage.code.tex
File: pgfcoreimage.code.tex 2023-01-15 v3.1.10 (3.1.10)
) (/Users/JoanaUCD/Library/Application Support/MiKTeX/texmfs/install/tex/generic/pgf/basiclayer/pgfcoreexternal.code.tex
File: pgfcoreexternal.code.tex 2023-01-15 v3.1.10 (3.1.10)
\pgfexternal@startupbox=\box73
) (/Users/JoanaUCD/Library/Application Support/MiKTeX/texmfs/install/tex/generic/pgf/basiclayer/pgfcorelayers.code.tex
File: pgfcorelayers.code.tex 2023-01-15 v3.1.10 (3.1.10)
) (/Users/JoanaUCD/Library/Application Support/MiKTeX/texmfs/install/tex/generic/pgf/basiclayer/pgfcoretransparency.code.tex
File: pgfcoretransparency.code.tex 2023-01-15 v3.1.10 (3.1.10)
) (/Users/JoanaUCD/Library/Application Support/MiKTeX/texmfs/install/tex/generic/pgf/basiclayer/pgfcorepatterns.code.tex
File: pgfcorepatterns.code.tex 2023-01-15 v3.1.10 (3.1.10)
) (/Users/JoanaUCD/Library/Application Support/MiKTeX/texmfs/install/tex/generic/pgf/basiclayer/pgfcorerdf.code.tex
File: pgfcorerdf.code.tex 2023-01-15 v3.1.10 (3.1.10)
))) (/Users/JoanaUCD/Library/Application Support/MiKTeX/texmfs/install/tex/generic/pgf/modules/pgfmoduleshapes.code.tex
File: pgfmoduleshapes.code.tex 2023-01-15 v3.1.10 (3.1.10)
\pgfnodeparttextbox=\box74
) (/Users/JoanaUCD/Library/Application Support/MiKTeX/texmfs/install/tex/generic/pgf/modules/pgfmoduleplot.code.tex
File: pgfmoduleplot.code.tex 2023-01-15 v3.1.10 (3.1.10)
) (/Users/JoanaUCD/Library/Application Support/MiKTeX/texmfs/install/tex/latex/pgf/compatibility/pgfcomp-version-0-65.sty
Package: pgfcomp-version-0-65 2023-01-15 v3.1.10 (3.1.10)
\pgf@nodesepstart=\dimen281
\pgf@nodesepend=\dimen282
) (/Users/JoanaUCD/Library/Application Support/MiKTeX/texmfs/install/tex/latex/pgf/compatibility/pgfcomp-version-1-18.sty
Package: pgfcomp-version-1-18 2023-01-15 v3.1.10 (3.1.10)
)) (/Users/JoanaUCD/Library/Application Support/MiKTeX/texmfs/install/tex/latex/pgf/utilities/pgffor.sty (/Users/JoanaUCD/Library/Application Support/MiKTeX/texmfs/install/tex/latex/pgf/utilities/pgfkeys.sty (/Users/JoanaUCD/Library/Application Support/MiKTeX/texmfs/install/tex/generic/pgf/utilities/pgfkeys.code.tex)) (/Users/JoanaUCD/Library/Application Support/MiKTeX/texmfs/install/tex/latex/pgf/math/pgfmath.sty (/Users/JoanaUCD/Library/Application Support/MiKTeX/texmfs/install/tex/generic/pgf/math/pgfmath.code.tex)) (/Users/JoanaUCD/Library/Application Support/MiKTeX/texmfs/install/tex/generic/pgf/utilities/pgffor.code.tex
Package: pgffor 2023-01-15 v3.1.10 (3.1.10)
\pgffor@iter=\dimen283
\pgffor@skip=\dimen284
\pgffor@stack=\toks38
\pgffor@toks=\toks39
)) (/Users/JoanaUCD/Library/Application Support/MiKTeX/texmfs/install/tex/generic/pgf/frontendlayer/tikz/tikz.code.tex
Package: tikz 2023-01-15 v3.1.10 (3.1.10)

(/Users/JoanaUCD/Library/Application Support/MiKTeX/texmfs/install/tex/generic/pgf/libraries/pgflibraryplothandlers.code.tex
File: pgflibraryplothandlers.code.tex 2023-01-15 v3.1.10 (3.1.10)
\pgf@plot@mark@count=\count324
\pgfplotmarksize=\dimen285
)
\tikz@lastx=\dimen286
\tikz@lasty=\dimen287
\tikz@lastxsaved=\dimen288
\tikz@lastysaved=\dimen289
\tikz@lastmovetox=\dimen290
\tikz@lastmovetoy=\dimen291
\tikzleveldistance=\dimen292
\tikzsiblingdistance=\dimen293
\tikz@figbox=\box75
\tikz@figbox@bg=\box76
\tikz@tempbox=\box77
\tikz@tempbox@bg=\box78
\tikztreelevel=\count325
\tikznumberofchildren=\count326
\tikznumberofcurrentchild=\count327
\tikz@fig@count=\count328
 (/Users/JoanaUCD/Library/Application Support/MiKTeX/texmfs/install/tex/generic/pgf/modules/pgfmodulematrix.code.tex
File: pgfmodulematrix.code.tex 2023-01-15 v3.1.10 (3.1.10)
\pgfmatrixcurrentrow=\count329
\pgfmatrixcurrentcolumn=\count330
\pgf@matrix@numberofcolumns=\count331
)
\tikz@expandcount=\count332
 (/Users/JoanaUCD/Library/Application Support/MiKTeX/texmfs/install/tex/generic/pgf/frontendlayer/tikz/libraries/tikzlibrarytopaths.code.tex
File: tikzlibrarytopaths.code.tex 2023-01-15 v3.1.10 (3.1.10)
))) (/Users/JoanaUCD/Library/Application Support/MiKTeX/texmfs/install/tex/latex/circuitikz/circuitikz.sty
Package: circuitikz 2026/02/04{} The CircuiTikz circuit drawing package version 1.8.5
 (/Users/JoanaUCD/Library/Application Support/MiKTeX/texmfs/install/tex/generic/pgf/frontendlayer/tikz/libraries/tikzlibrarycalc.code.tex
File: tikzlibrarycalc.code.tex 2023-01-15 v3.1.10 (3.1.10)
) (/Users/JoanaUCD/Library/Application Support/MiKTeX/texmfs/install/tex/generic/pgf/libraries/pgflibraryarrows.meta.code.tex
File: pgflibraryarrows.meta.code.tex 2023-01-15 v3.1.10 (3.1.10)
\pgfarrowinset=\dimen294
\pgfarrowlength=\dimen295
\pgfarrowwidth=\dimen296
\pgfarrowlinewidth=\dimen297
) (/Users/JoanaUCD/Library/Application Support/MiKTeX/texmfs/install/tex/generic/pgf/frontendlayer/tikz/libraries/tikzlibrarybending.code.tex
File: tikzlibrarybending.code.tex 2023-01-15 v3.1.10 (3.1.10)
 (/Users/JoanaUCD/Library/Application Support/MiKTeX/texmfs/install/tex/generic/pgf/modules/pgfmodulebending.code.tex
File: pgfmodulebending.code.tex 2023-01-15 v3.1.10 (3.1.10)
 (/Users/JoanaUCD/Library/Application Support/MiKTeX/texmfs/install/tex/generic/pgf/modules/pgfmodulenonlineartransformations.code.tex
File: pgfmodulenonlineartransformations.code.tex 2023-01-15 v3.1.10 (3.1.10)
\pgftransformnonlinearflatness=\dimen298
) (/Users/JoanaUCD/Library/Application Support/MiKTeX/texmfs/install/tex/generic/pgf/libraries/pgflibrarycurvilinear.code.tex
File: pgflibrarycurvilinear.code.tex 2023-01-15 v3.1.10 (3.1.10)
\pgf@curvilinear@time@a=\dimen299
\pgf@curvilinear@length@a=\dimen300
\pgf@curvilinear@length@b=\dimen301
\pgf@curvilinear@length@c=\dimen302
\pgf@curvilinear@length@d=\dimen303
)
\pgf@arrows@the@rigidity=\dimen304
)) (/Users/JoanaUCD/Library/Application Support/MiKTeX/texmfs/install/tex/generic/pgf/frontendlayer/tikz/libraries/tikzlibraryfpu.code.tex (/Users/JoanaUCD/Library/Application Support/MiKTeX/texmfs/install/tex/generic/pgf/libraries/pgflibraryfpu.code.tex)) (/Users/JoanaUCD/Library/Application Support/MiKTeX/texmfs/install/tex/generic/circuitikz/pgfcirc.defines.tex
\pgf@circ@count@a=\count333
\pgf@circ@count@b=\count334
\pgf@circ@count@c=\count335
\pgf@circ@res@up=\dimen305
\pgf@circ@res@down=\dimen306
\pgf@circ@res@zero=\dimen307
\pgf@circ@res@left=\dimen308
\pgf@circ@res@right=\dimen309
\pgf@circ@res@other=\dimen310
\pgf@circ@res@step=\dimen311
\pgf@circ@res@temp=\dimen312
\pgf@circ@Rlen=\dimen313
\pgf@circ@scaled@Rlen=\dimen314
\pgfstartlinewidth=\dimen315
) (/Users/JoanaUCD/Library/Application Support/MiKTeX/texmfs/install/tex/generic/circuitikz/pgfcircutils.tex
\ctikz@scratchbox=\box79
) (/Users/JoanaUCD/Library/Application Support/MiKTeX/texmfs/install/tex/generic/circuitikz/pgfcircpath.tex
\ctikz@vif@count=\count336
) (/Users/JoanaUCD/Library/Application Support/MiKTeX/texmfs/install/tex/generic/circuitikz/pgfcircshapes.tex) (/Users/JoanaUCD/Library/Application Support/MiKTeX/texmfs/install/tex/generic/circuitikz/pgfcircmonopoles.tex) (/Users/JoanaUCD/Library/Application Support/MiKTeX/texmfs/install/tex/generic/circuitikz/pgfcircbipoles.tex) (/Users/JoanaUCD/Library/Application Support/MiKTeX/texmfs/install/tex/generic/circuitikz/pgfcirctripoles.tex
\pgf@circ@res@count=\count337
) (/Users/JoanaUCD/Library/Application Support/MiKTeX/texmfs/install/tex/generic/circuitikz/pgfcircquadpoles.tex) (/Users/JoanaUCD/Library/Application Support/MiKTeX/texmfs/install/tex/generic/circuitikz/pgfcircmultipoles.tex) (/Users/JoanaUCD/Library/Application Support/MiKTeX/texmfs/install/tex/generic/circuitikz/pgfcirclabel.tex) (/Users/JoanaUCD/Library/Application Support/MiKTeX/texmfs/install/tex/generic/circuitikz/pgfcircvoltage.tex
\pgfcirc@labelshift=\dimen316
) (/Users/JoanaUCD/Library/Application Support/MiKTeX/texmfs/install/tex/generic/circuitikz/pgfcirccurrent.tex) (/Users/JoanaUCD/Library/Application Support/MiKTeX/texmfs/install/tex/generic/circuitikz/pgfcircflow.tex)) (/Users/JoanaUCD/Library/Application Support/MiKTeX/texmfs/install/tex/latex/parskip/parskip.sty
Package: parskip 2021-03-14 v2.0h non-zero parskip adjustments
 (/Users/JoanaUCD/Library/Application Support/MiKTeX/texmfs/install/tex/latex/kvoptions/kvoptions.sty
Package: kvoptions 2022-06-15 v3.15 Key value format for package options (HO)
 (/Users/JoanaUCD/Library/Application Support/MiKTeX/texmfs/install/tex/latex/kvsetkeys/kvsetkeys.sty
Package: kvsetkeys 2022-10-05 v1.19 Key value parser (HO)
))) (/Users/JoanaUCD/Library/Application Support/MiKTeX/texmfs/install/tex/latex/setspace/setspace.sty
Package: setspace 2022/12/04 v6.7b set line spacing
) (/Users/JoanaUCD/Library/Application Support/MiKTeX/texmfs/install/tex/latex/hyperref/hyperref.sty
Package: hyperref 2024-11-05 v7.01l Hypertext links for LaTeX
 (/Users/JoanaUCD/Library/Application Support/MiKTeX/texmfs/install/tex/generic/kvdefinekeys/kvdefinekeys.sty
Package: kvdefinekeys 2019-12-19 v1.6 Define keys (HO)
) (/Users/JoanaUCD/Library/Application Support/MiKTeX/texmfs/install/tex/generic/pdfescape/pdfescape.sty
Package: pdfescape 2019/12/09 v1.15 Implements pdfTeX's escape features (HO)
) (/Users/JoanaUCD/Library/Application Support/MiKTeX/texmfs/install/tex/latex/hycolor/hycolor.sty
Package: hycolor 2020-01-27 v1.10 Color options for hyperref/bookmark (HO)
) (/Users/JoanaUCD/Library/Application Support/MiKTeX/texmfs/install/tex/latex/hyperref/nameref.sty
Package: nameref 2023-11-26 v2.56 Cross-referencing by name of section
 (/Users/JoanaUCD/Library/Application Support/MiKTeX/texmfs/install/tex/latex/refcount/refcount.sty
Package: refcount 2019/12/15 v3.6 Data extraction from label references (HO)
) (/Users/JoanaUCD/Library/Application Support/MiKTeX/texmfs/install/tex/generic/gettitlestring/gettitlestring.sty
Package: gettitlestring 2019/12/15 v1.6 Cleanup title references (HO)
)
\c@section@level=\count338
) (/Users/JoanaUCD/Library/Application Support/MiKTeX/texmfs/install/tex/generic/stringenc/stringenc.sty
Package: stringenc 2019/11/29 v1.12 Convert strings between diff. encodings (HO)
)
\@linkdim=\dimen317
\Hy@linkcounter=\count339
\Hy@pagecounter=\count340
 (/Users/JoanaUCD/Library/Application Support/MiKTeX/texmfs/install/tex/latex/hyperref/pd1enc.def
File: pd1enc.def 2024-11-05 v7.01l Hyperref: PDFDocEncoding definition (HO)
Now handling font encoding PD1 ...
... no UTF-8 mapping file for font encoding PD1
) (/Users/JoanaUCD/Library/Application Support/MiKTeX/texmfs/install/tex/generic/intcalc/intcalc.sty
Package: intcalc 2019/12/15 v1.3 Expandable calculations with integers (HO)
)
\Hy@SavedSpaceFactor=\count341
 (/Users/JoanaUCD/Library/Application Support/MiKTeX/texmfs/install/tex/latex/hyperref/puenc.def
File: puenc.def 2024-11-05 v7.01l Hyperref: PDF Unicode definition (HO)
Now handling font encoding PU ...
... no UTF-8 mapping file for font encoding PU
)
Package hyperref Info: Hyper figures OFF on input line 4157.
Package hyperref Info: Link nesting OFF on input line 4162.
Package hyperref Info: Hyper index ON on input line 4165.
Package hyperref Info: Plain pages OFF on input line 4172.
Package hyperref Info: Backreferencing OFF on input line 4177.
Package hyperref Info: Implicit mode ON; LaTeX internals redefined.
Package hyperref Info: Bookmarks ON on input line 4424.
\c@Hy@tempcnt=\count342
 (/Users/JoanaUCD/Library/Application Support/MiKTeX/texmfs/install/tex/latex/url/url.sty
\Urlmuskip=\muskip19
Package: url 2013/09/16  ver 3.4  Verb mode for urls, etc.
)
LaTeX Info: Redefining \url on input line 4763.
\XeTeXLinkMargin=\dimen318
 (/Users/JoanaUCD/Library/Application Support/MiKTeX/texmfs/install/tex/generic/bitset/bitset.sty
Package: bitset 2019/12/09 v1.3 Handle bit-vector datatype (HO)
 (/Users/JoanaUCD/Library/Application Support/MiKTeX/texmfs/install/tex/generic/bigintcalc/bigintcalc.sty
Package: bigintcalc 2019/12/15 v1.5 Expandable calculations on big integers (HO)
))
\Fld@menulength=\count343
\Field@Width=\dimen319
\Fld@charsize=\dimen320
Package hyperref Info: Hyper figures OFF on input line 6042.
Package hyperref Info: Link nesting OFF on input line 6047.
Package hyperref Info: Hyper index ON on input line 6050.
Package hyperref Info: backreferencing OFF on input line 6057.
Package hyperref Info: Link coloring OFF on input line 6062.
Package hyperref Info: Link coloring with OCG OFF on input line 6067.
Package hyperref Info: PDF/A mode OFF on input line 6072.
 (/Users/JoanaUCD/Library/Application Support/MiKTeX/texmfs/install/tex/latex/base/atbegshi-ltx.sty
Package: atbegshi-ltx 2021/01/10 v1.0c Emulation of the original atbegshi
package with kernel methods
)
\Hy@abspage=\count344
\c@Item=\count345
\c@Hfootnote=\count346
)
Package hyperref Info: Driver (autodetected): hpdftex.
 (/Users/JoanaUCD/Library/Application Support/MiKTeX/texmfs/install/tex/latex/hyperref/hpdftex.def
File: hpdftex.def 2024-11-05 v7.01l Hyperref driver for pdfTeX
 (/Users/JoanaUCD/Library/Application Support/MiKTeX/texmfs/install/tex/latex/base/atveryend-ltx.sty
Package: atveryend-ltx 2020/08/19 v1.0a Emulation of the original atveryend package
with kernel methods
)
\Fld@listcount=\count347
\c@bookmark@seq@number=\count348
 (/Users/JoanaUCD/Library/Application Support/MiKTeX/texmfs/install/tex/latex/rerunfilecheck/rerunfilecheck.sty
Package: rerunfilecheck 2022-07-10 v1.10 Rerun checks for auxiliary files (HO)
 (/Users/JoanaUCD/Library/Application Support/MiKTeX/texmfs/install/tex/generic/uniquecounter/uniquecounter.sty
Package: uniquecounter 2019/12/15 v1.4 Provide unlimited unique counter (HO)
)
Package uniquecounter Info: New unique counter `rerunfilecheck' on input line 285.
)
\Hy@SectionHShift=\skip61
) (/Users/JoanaUCD/Library/Application Support/MiKTeX/texmfs/install/tex/latex/cleveref/cleveref.sty
Package: cleveref 2018/03/27 v0.21.4 Intelligent cross-referencing
Package cleveref Info: `hyperref' support loaded on input line 2370.
LaTeX Info: Redefining \cref on input line 2370.
LaTeX Info: Redefining \Cref on input line 2370.
LaTeX Info: Redefining \crefrange on input line 2370.
LaTeX Info: Redefining \Crefrange on input line 2370.
LaTeX Info: Redefining \cpageref on input line 2370.
LaTeX Info: Redefining \Cpageref on input line 2370.
LaTeX Info: Redefining \cpagerefrange on input line 2370.
LaTeX Info: Redefining \Cpagerefrange on input line 2370.
LaTeX Info: Redefining \labelcref on input line 2370.
LaTeX Info: Redefining \labelcpageref on input line 2370.
) (/Users/JoanaUCD/Library/Application Support/MiKTeX/texmfs/install/tex/latex/cite/cite.sty
LaTeX Info: Redefining \cite on input line 302.
LaTeX Info: Redefining \nocite on input line 332.
Package: cite 2015/02/27  v 5.5
) (/Users/JoanaUCD/Library/Application Support/MiKTeX/texmfs/install/tex/latex/bookmark/bookmark.sty
Package: bookmark 2023-12-10 v1.31 PDF bookmarks (HO)
 (/Users/JoanaUCD/Library/Application Support/MiKTeX/texmfs/install/tex/latex/bookmark/bkm-pdftex.def
File: bkm-pdftex.def 2023-12-10 v1.31 bookmark driver for pdfTeX and luaTeX (HO)
\BKM@id=\count349
)) (/Users/JoanaUCD/Library/Application Support/MiKTeX/texmfs/install/tex/latex/colortbl/colortbl.sty
Package: colortbl 2024/07/06 v1.0i Color table columns (DPC)
\everycr=\toks40
\minrowclearance=\skip62
\rownum=\count350
)

LaTeX Warning: Package "xcolor" has already been loaded: ignoring load-time
(LaTeX)        option "xcdraw".

(/Users/JoanaUCD/Library/Application Support/MiKTeX/texmfs/install/tex/latex/adjustbox/adjustbox.sty
Package: adjustbox 2022/10/17 v1.3a Adjusting TeX boxes (trim, clip, ...)
 (/Users/JoanaUCD/Library/Application Support/MiKTeX/texmfs/install/tex/latex/xkeyval/xkeyval.sty
Package: xkeyval 2022/06/16 v2.9 package option processing (HA)
 (/Users/JoanaUCD/Library/Application Support/MiKTeX/texmfs/install/tex/generic/xkeyval/xkeyval.tex (/Users/JoanaUCD/Library/Application Support/MiKTeX/texmfs/install/tex/generic/xkeyval/xkvutils.tex
\XKV@toks=\toks41
\XKV@tempa@toks=\toks42
)
\XKV@depth=\count351
File: xkeyval.tex 2014/12/03 v2.7a key=value parser (HA)
)) (/Users/JoanaUCD/Library/Application Support/MiKTeX/texmfs/install/tex/latex/adjustbox/adjcalc.sty
Package: adjcalc 2012/05/16 v1.1 Provides advanced setlength with multiple back-ends (calc, etex, pgfmath)
) (/Users/JoanaUCD/Library/Application Support/MiKTeX/texmfs/install/tex/latex/adjustbox/trimclip.sty
Package: trimclip 2020/08/19 v1.2 Trim and clip general TeX material
 (/Users/JoanaUCD/Library/Application Support/MiKTeX/texmfs/install/tex/latex/collectbox/collectbox.sty
Package: collectbox 2022/10/17 v0.4c Collect macro arguments as boxes
\collectedbox=\box80
)
\tc@llx=\dimen321
\tc@lly=\dimen322
\tc@urx=\dimen323
\tc@ury=\dimen324
Package trimclip Info: Using driver 'tc-pdftex.def'.
 (/Users/JoanaUCD/Library/Application Support/MiKTeX/texmfs/install/tex/latex/adjustbox/tc-pdftex.def
File: tc-pdftex.def 2019/01/04 v2.2 Clipping driver for pdftex
))
\adjbox@Width=\dimen325
\adjbox@Height=\dimen326
\adjbox@Depth=\dimen327
\adjbox@Totalheight=\dimen328
\adjbox@pwidth=\dimen329
\adjbox@pheight=\dimen330
\adjbox@pdepth=\dimen331
\adjbox@ptotalheight=\dimen332
 (/Users/JoanaUCD/Library/Application Support/MiKTeX/texmfs/install/tex/latex/ifoddpage/ifoddpage.sty
Package: ifoddpage 2022/10/18 v1.2 Conditionals for odd/even page detection
\c@checkoddpage=\count352
) (/Users/JoanaUCD/Library/Application Support/MiKTeX/texmfs/install/tex/latex/varwidth/varwidth.sty
Package: varwidth 2009/03/30 ver 0.92;  Variable-width minipages
\@vwid@box=\box81
\sift@deathcycles=\count353
\@vwid@loff=\dimen333
\@vwid@roff=\dimen334
)) (/Users/JoanaUCD/Library/Application Support/MiKTeX/texmfs/install/tex/latex/listings/listings.sty
\lst@mode=\count354
\lst@gtempboxa=\box82
\lst@token=\toks43
\lst@length=\count355
\lst@currlwidth=\dimen335
\lst@column=\count356
\lst@pos=\count357
\lst@lostspace=\dimen336
\lst@width=\dimen337
\lst@newlines=\count358
\lst@lineno=\count359
\lst@maxwidth=\dimen338
 (/Users/JoanaUCD/Library/Application Support/MiKTeX/texmfs/install/tex/latex/listings/lstpatch.sty
File: lstpatch.sty 2024/09/23 1.10c (Carsten Heinz)
) (/Users/JoanaUCD/Library/Application Support/MiKTeX/texmfs/install/tex/latex/listings/lstmisc.sty
File: lstmisc.sty 2024/09/23 1.10c (Carsten Heinz)
\c@lstnumber=\count360
\lst@skipnumbers=\count361
\lst@framebox=\box83
) (/Users/JoanaUCD/Library/Application Support/MiKTeX/texmfs/install/tex/latex/listings/listings.cfg
File: listings.cfg 2024/09/23 1.10c listings configuration
))
Package: listings 2024/09/23 1.10c (Carsten Heinz)
 (/Users/JoanaUCD/Library/Application Support/MiKTeX/texmfs/install/tex/latex/pdfpages/pdfpages.sty
Package: pdfpages 2025/01/30 v0.6e Insert pages of external PDF documents (AM)
 (/Users/JoanaUCD/Library/Application Support/MiKTeX/texmfs/install/tex/latex/base/ifthen.sty
Package: ifthen 2024/03/16 v1.1e Standard LaTeX ifthen package (DPC)
) (/Users/JoanaUCD/Library/Application Support/MiKTeX/texmfs/install/tex/latex/eso-pic/eso-pic.sty
Package: eso-pic 2023/05/03 v3.0c eso-pic (RN)
\ESO@tempdima=\dimen339
\ESO@tempdimb=\dimen340
)
\AM@pagewidth=\dimen341
\AM@pageheight=\dimen342
\AM@fboxrule=\dimen343
 (/Users/JoanaUCD/Library/Application Support/MiKTeX/texmfs/install/tex/latex/pdfpages/pppdftex.def
File: pppdftex.def 2025/01/30 v0.6e Pdfpages driver for pdfTeX (AM)
)
\pdfpages@includegraphics@status=\count362
\AM@pagebox=\box84
\AM@global@opts=\toks44
\AM@pagecnt=\count363
\AM@toc@title=\toks45
\AM@lof@heading=\toks46
\c@AM@survey=\count364
\AM@templatesizebox=\box85
) (/Users/JoanaUCD/Library/Application Support/MiKTeX/texmfs/install/tex/latex/dblfloatfix/dblfloatfix.sty
Package: dblfloatfix 2012/12/31 v1.0a (JAW)
 (/Users/JoanaUCD/Library/Application Support/MiKTeX/texmfs/install/tex/latex/base/fixltx2e.sty
Package: fixltx2e 2016/12/29 v2.1a fixes to LaTeX (obsolete)
Applying: [2015/01/01] Old fixltx2e package on input line 46.


Package fixltx2e Warning: fixltx2e is not required with releases after 2015
(fixltx2e)                All fixes are now in the LaTeX kernel.
(fixltx2e)                See the latexrelease package for details.

Already applied: [0000/00/00] Old fixltx2e package on input line 53.
)
\@dblbotnum=\count365
\c@dblbotnumber=\count366
) (/Users/JoanaUCD/Library/Application Support/MiKTeX/texmfs/install/tex/latex/abstract/abstract.sty
Package: abstract 2009/06/08 v1.2a configurable abstracts
\abstitleskip=\skip63
\absleftindent=\skip64
\absrightindent=\skip65
\absparindent=\skip66
\absparsep=\skip67
) (/Users/JoanaUCD/Library/Application Support/MiKTeX/texmfs/install/tex/latex/titlesec/titlesec.sty
Package: titlesec 2025/01/04 v2.17 Sectioning titles
\ttl@box=\box86
\beforetitleunit=\skip68
\aftertitleunit=\skip69
\ttl@plus=\dimen344
\ttl@minus=\dimen345
\ttl@toksa=\toks47
\titlewidth=\dimen346
\titlewidthlast=\dimen347
\titlewidthfirst=\dimen348
) (/Users/JoanaUCD/Library/Application Support/MiKTeX/texmfs/install/tex/latex/tocloft/tocloft.sty
Package: tocloft 2017/08/31 v2.3i parameterised ToC, etc., typesetting
Package tocloft Info: The document has section divisions on input line 51.
\cftparskip=\skip70
\cftbeforetoctitleskip=\skip71
\cftaftertoctitleskip=\skip72
\cftbeforepartskip=\skip73
\cftpartnumwidth=\skip74
\cftpartindent=\skip75
\cftbeforesecskip=\skip76
\cftsecindent=\skip77
\cftsecnumwidth=\skip78
\cftbeforesubsecskip=\skip79
\cftsubsecindent=\skip80
\cftsubsecnumwidth=\skip81
\cftbeforesubsubsecskip=\skip82
\cftsubsubsecindent=\skip83
\cftsubsubsecnumwidth=\skip84
\cftbeforeparaskip=\skip85
\cftparaindent=\skip86
\cftparanumwidth=\skip87
\cftbeforesubparaskip=\skip88
\cftsubparaindent=\skip89
\cftsubparanumwidth=\skip90
\cftbeforeloftitleskip=\skip91
\cftafterloftitleskip=\skip92
\cftbeforefigskip=\skip93
\cftfigindent=\skip94
\cftfignumwidth=\skip95
\c@lofdepth=\count367
\c@lotdepth=\count368
\cftbeforelottitleskip=\skip96
\cftafterlottitleskip=\skip97
\cftbeforetabskip=\skip98
\cfttabindent=\skip99
\cfttabnumwidth=\skip100


Package tocloft Warning: \@starttoc has already been redefined; tocloft bailing out. on input line 1156.

)
Package hyperref Info: Option `colorlinks' set `true' on input line 55.
 (/Users/JoanaUCD/Library/Application Support/MiKTeX/texmfs/install/tex/latex/listings/lstlang1.sty
File: lstlang1.sty 2024/09/23 1.10c listings language file
)
Package translations Info: No language package found. I am going to use `english' as default language. on input line 97.
 (/Users/JoanaUCD/Library/Application Support/MiKTeX/texmfs/install/tex/latex/l3backend/l3backend-pdftex.def
File: l3backend-pdftex.def 2024-05-08 L3 backend support: PDF output (pdfTeX)
\l__color_backend_stack_int=\count369
\l__pdf_internal_box=\box87
) (/Users/JoanaUCD/Library/CloudStorage/OneDrive-UniversityCollegeDublin/Labs/labs-files/tex Files/out/23311051_PHYC30170SPR26_LAB2.aux)
\openout1 = `23311051_PHYC30170SPR26_LAB2.aux'.

LaTeX Font Info:    Checking defaults for OML/cmm/m/it on input line 97.
LaTeX Font Info:    ... okay on input line 97.
LaTeX Font Info:    Checking defaults for OMS/cmsy/m/n on input line 97.
LaTeX Font Info:    ... okay on input line 97.
LaTeX Font Info:    Checking defaults for OT1/cmr/m/n on input line 97.
LaTeX Font Info:    ... okay on input line 97.
LaTeX Font Info:    Checking defaults for T1/cmr/m/n on input line 97.
LaTeX Font Info:    ... okay on input line 97.
LaTeX Font Info:    Checking defaults for TS1/cmr/m/n on input line 97.
LaTeX Font Info:    ... okay on input line 97.
LaTeX Font Info:    Checking defaults for OMX/cmex/m/n on input line 97.
LaTeX Font Info:    ... okay on input line 97.
LaTeX Font Info:    Checking defaults for U/cmr/m/n on input line 97.
LaTeX Font Info:    ... okay on input line 97.
LaTeX Font Info:    Checking defaults for PD1/pdf/m/n on input line 97.
LaTeX Font Info:    ... okay on input line 97.
LaTeX Font Info:    Checking defaults for PU/pdf/m/n on input line 97.
LaTeX Font Info:    ... okay on input line 97.
 (/Users/JoanaUCD/Library/Application Support/MiKTeX/texmfs/install/tex/context/base/mkii/supp-pdf.mkii
[Loading MPS to PDF converter (version 2006.09.02).]
\scratchcounter=\count370
\scratchdimen=\dimen349
\scratchbox=\box88
\nofMPsegments=\count371
\nofMParguments=\count372
\everyMPshowfont=\toks48
\MPscratchCnt=\count373
\MPscratchDim=\dimen350
\MPnumerator=\count374
\makeMPintoPDFobject=\count375
\everyMPtoPDFconversion=\toks49
) (/Users/JoanaUCD/Library/Application Support/MiKTeX/texmfs/install/tex/latex/epstopdf-pkg/epstopdf-base.sty
Package: epstopdf-base 2020-01-24 v2.11 Base part for package epstopdf
Package epstopdf-base Info: Redefining graphics rule for `.eps' on input line 485.
 (/Users/JoanaUCD/Library/Application Support/MiKTeX/texmfs/install/tex/latex/00miktex/epstopdf-sys.cfg
File: epstopdf-sys.cfg 2021/03/18 v2.0 Configuration of epstopdf for MiKTeX
)) (/Users/JoanaUCD/Library/Application Support/MiKTeX/texmfs/install/tex/latex/translations/dicts/translations-basic-dictionary-english.trsl
File: translations-basic-dictionary-english.trsl (english translation file `translations-basic-dictionary')
)
Package translations Info: loading dictionary `translations-basic-dictionary' for `english'. on input line 97.

*geometry* driver: auto-detecting
*geometry* detected driver: pdftex
*geometry* verbose mode - [ preamble ] result:
* driver: pdftex
* paper: a4paper
* layout: <same size as paper>
* layoutoffset:(h,v)=(0.0pt,0.0pt)
* modes: 
* h-part:(L,W,R)=(56.9055pt, 483.69687pt, 56.9055pt)
* v-part:(T,H,B)=(56.9055pt, 731.23584pt, 56.9055pt)
* \paperwidth=597.50787pt
* \paperheight=845.04684pt
* \textwidth=483.69687pt
* \textheight=731.23584pt
* \oddsidemargin=-15.36449pt
* \evensidemargin=-15.36449pt
* \topmargin=-52.36449pt
* \headheight=12.0pt
* \headsep=25.0pt
* \topskip=11.0pt
* \footskip=30.0pt
* \marginparwidth=4.0pt
* \marginparsep=10.0pt
* \columnsep=10.0pt
* \skip\footins=10.0pt plus 4.0pt minus 2.0pt
* \hoffset=0.0pt
* \voffset=0.0pt
* \mag=1000
* \@twocolumntrue
* \@twosidefalse
* \@mparswitchfalse
* \@reversemarginfalse
* (1in=72.27pt=25.4mm, 1cm=28.453pt)

Package caption Info: Begin \AtBeginDocument code.
Package caption Info: hyperref package is loaded.
Package caption Info: listings package is loaded.
Package caption Info: End \AtBeginDocument code.
Package hyperref Info: Link coloring ON on input line 97.
\c@lstlisting=\count376
(/Users/JoanaUCD/Library/Application Support/MiKTeX/texmfs/install/tex/latex/pdflscape/pdflscape.sty
Package: pdflscape 2022-10-27 v0.13 Display of landscape pages in PDF
 (/Users/JoanaUCD/Library/Application Support/MiKTeX/texmfs/install/tex/latex/pdflscape/pdflscape-nometadata.sty
Package: pdflscape-nometadata 2022-10-28 v0.13 Display of landscape pages in PDF (HO)
 (/Users/JoanaUCD/Library/Application Support/MiKTeX/texmfs/install/tex/latex/graphics/lscape.sty
Package: lscape 2020/05/28 v3.02 Landscape Pages (DPC)
)
Package pdflscape Info: Auto-detected driver: pdftex on input line 81.
))
<./images/ucd_brandmark_black.jpg, id=6, 426.59375pt x 626.34pt>
File: ./images/ucd_brandmark_black.jpg Graphic file (type jpg)
<use ./images/ucd_brandmark_black.jpg>
Package pdftex.def Info: ./images/ucd_brandmark_black.jpg  used on input line 102.
(pdftex.def)             Requested size: 96.73788pt x 142.02904pt.
LaTeX Font Info:    Trying to load font information for U+msa on input line 102.
 (/Users/JoanaUCD/Library/Application Support/MiKTeX/texmfs/install/tex/latex/amsfonts/umsa.fd
File: umsa.fd 2013/01/14 v3.01 AMS symbols A
)
LaTeX Font Info:    Trying to load font information for U+msb on input line 102.
 (/Users/JoanaUCD/Library/Application Support/MiKTeX/texmfs/install/tex/latex/amsfonts/umsb.fd
File: umsb.fd 2013/01/14 v3.01 AMS symbols B
)

[1


{/Users/JoanaUCD/Library/Application Support/MiKTeX/texmfs/data/fonts/map/pdftex/pdftex.map} <./images/ucd_brandmark_black.jpg>] (/Users/JoanaUCD/Library/CloudStorage/OneDrive-UniversityCollegeDublin/Labs/labs-files/tex Files/out/23311051_PHYC30170SPR26_LAB2.toc)
\tf@toc=\write4
\openout4 = `23311051_PHYC30170SPR26_LAB2.toc'.



[2]



[1

]
<./images/skindepth_exp.png, id=100, 1292.1pt x 897.9pt>
File: ./images/skindepth_exp.png Graphic file (type png)
<use ./images/skindepth_exp.png>
Package pdftex.def Info: ./images/skindepth_exp.png  used on input line 196.
(pdftex.def)             Requested size: 236.84843pt x 164.5881pt.




[2 <./images/skindepth_exp.png>]

<./images/skindepth_mf.png, id=114, 859.2903pt x 859.2903pt>
File: ./images/skindepth_mf.png Graphic file (type png)
<use ./images/skindepth_mf.png>
Package pdftex.def Info: ./images/skindepth_mf.png  used on input line 297.
(pdftex.def)             Requested size: 225.00528pt x 224.99672pt.


[3 <./images/skindepth_mf.png>]
<./images/se_phase.png, id=135, 857.8449pt x 859.2903pt>
File: ./images/se_phase.png Graphic file (type png)
<use ./images/se_phase.png>
Package pdftex.def Info: ./images/se_phase.png  used on input line 350.
(pdftex.def)             Requested size: 225.00528pt x 225.37695pt.




[4 <./images/se_phase.png>]



[5] (/Users/JoanaUCD/Library/CloudStorage/OneDrive-UniversityCollegeDublin/Labs/labs-files/tex Files/out/23311051_PHYC30170SPR26_LAB2.bbl)

[6

]
<./images/skindepth.png, id=159, 859.2903pt x 859.2903pt>
File: ./images/skindepth.png Graphic file (type png)
<use ./images/skindepth.png>
Package pdftex.def Info: ./images/skindepth.png  used on input line 413.
(pdftex.def)             Requested size: 314.40001pt x 314.39227pt.
<./images/se_all.png, id=160, 724.8681pt x 510.9489pt>
File: ./images/se_all.png Graphic file (type png)
<use ./images/se_all.png>
Package pdftex.def Info: ./images/se_all.png  used on input line 422.
(pdftex.def)             Requested size: 237.01411pt x 167.06216pt.
<./images/se_metals.png, id=161, 733.5405pt x 510.9489pt>
File: ./images/se_metals.png Graphic file (type png)
<use ./images/se_metals.png>
Package pdftex.def Info: ./images/se_metals.png  used on input line 427.
(pdftex.def)             Requested size: 237.01411pt x 165.08966pt.
<skindepth.pdf, id=162, 614.295pt x 794.97pt>
File: skindepth.pdf Graphic file (type pdf)
<use skindepth.pdf>
Package pdftex.def Info: skindepth.pdf  used on input line 436.
(pdftex.def)             Requested size: 614.29349pt x 794.96806pt.
<skindepth.pdf, id=164, page=1, 614.295pt x 794.97pt>
File: skindepth.pdf Graphic file (type pdf)
<use skindepth.pdf, page 1>
Package pdftex.def Info: skindepth.pdf , page1 used on input line 436.
(pdftex.def)             Requested size: 614.29349pt x 794.96806pt.
File: skindepth.pdf Graphic file (type pdf)
<use skindepth.pdf, page 1>
Package pdftex.def Info: skindepth.pdf , page1 used on input line 436.
(pdftex.def)             Requested size: 597.78697pt x 773.60669pt.


[7 <./images/skindepth.png> <./images/se_all.png> <./images/se_metals.png>]
File: skindepth.pdf Graphic file (type pdf)
<use skindepth.pdf, page 1>
Package pdftex.def Info: skindepth.pdf , page1 used on input line 436.
(pdftex.def)             Requested size: 597.78697pt x 773.60669pt.
File: skindepth.pdf Graphic file (type pdf)
<use skindepth.pdf, page 1>
Package pdftex.def Info: skindepth.pdf , page1 used on input line 436.
(pdftex.def)             Requested size: 597.78697pt x 773.60669pt.


File: skindepth.pdf Graphic file (type pdf)
<use skindepth.pdf, page 1>
Package pdftex.def Info: skindepth.pdf , page1 used on input line 436.
(pdftex.def)             Requested size: 597.78697pt x 773.60669pt.
[8

 <./skindepth.pdf>]
<skindepth.pdf, id=219, page=3, 614.295pt x 794.97pt>
File: skindepth.pdf Graphic file (type pdf)
<use skindepth.pdf, page 3>
Package pdftex.def Info: skindepth.pdf , page3 used on input line 436.
(pdftex.def)             Requested size: 597.78697pt x 773.60669pt.
File: skindepth.pdf Graphic file (type pdf)
<use skindepth.pdf, page 3>
Package pdftex.def Info: skindepth.pdf , page3 used on input line 436.
(pdftex.def)             Requested size: 597.78697pt x 773.60669pt.


File: skindepth.pdf Graphic file (type pdf)
<use skindepth.pdf, page 3>
Package pdftex.def Info: skindepth.pdf , page3 used on input line 436.
(pdftex.def)             Requested size: 597.78697pt x 773.60669pt.
[9

 <./skindepth.pdf>]
<skindepth.pdf, id=238, page=5, 614.295pt x 794.97pt>
File: skindepth.pdf Graphic file (type pdf)
<use skindepth.pdf, page 5>
Package pdftex.def Info: skindepth.pdf , page5 used on input line 436.
(pdftex.def)             Requested size: 597.78697pt x 773.60669pt.
File: skindepth.pdf Graphic file (type pdf)
<use skindepth.pdf, page 5>
Package pdftex.def Info: skindepth.pdf , page5 used on input line 436.
(pdftex.def)             Requested size: 597.78697pt x 773.60669pt.


File: skindepth.pdf Graphic file (type pdf)
<use skindepth.pdf, page 5>
Package pdftex.def Info: skindepth.pdf , page5 used on input line 436.
(pdftex.def)             Requested size: 597.78697pt x 773.60669pt.
[10

 <./skindepth.pdf>]
<skindepth.pdf, id=243, page=6, 614.295pt x 794.97pt>
File: skindepth.pdf Graphic file (type pdf)
<use skindepth.pdf, page 6>
Package pdftex.def Info: skindepth.pdf , page6 used on input line 436.
(pdftex.def)             Requested size: 597.78697pt x 773.60669pt.
File: skindepth.pdf Graphic file (type pdf)
<use skindepth.pdf, page 6>
Package pdftex.def Info: skindepth.pdf , page6 used on input line 436.
(pdftex.def)             Requested size: 597.78697pt x 773.60669pt.


File: skindepth.pdf Graphic file (type pdf)
<use skindepth.pdf, page 6>
Package pdftex.def Info: skindepth.pdf , page6 used on input line 436.
(pdftex.def)             Requested size: 597.78697pt x 773.60669pt.
[11

 <./skindepth.pdf>]
<skindepth.pdf, id=251, page=7, 614.295pt x 794.97pt>
File: skindepth.pdf Graphic file (type pdf)
<use skindepth.pdf, page 7>
Package pdftex.def Info: skindepth.pdf , page7 used on input line 436.
(pdftex.def)             Requested size: 597.78697pt x 773.60669pt.
File: skindepth.pdf Graphic file (type pdf)
<use skindepth.pdf, page 7>
Package pdftex.def Info: skindepth.pdf , page7 used on input line 436.
(pdftex.def)             Requested size: 597.78697pt x 773.60669pt.


File: skindepth.pdf Graphic file (type pdf)
<use skindepth.pdf, page 7>
Package pdftex.def Info: skindepth.pdf , page7 used on input line 436.
(pdftex.def)             Requested size: 597.78697pt x 773.60669pt.
[12

 <./skindepth.pdf>]
<skindepth.pdf, id=256, page=9, 614.295pt x 794.97pt>
File: skindepth.pdf Graphic file (type pdf)
<use skindepth.pdf, page 9>
Package pdftex.def Info: skindepth.pdf , page9 used on input line 436.
(pdftex.def)             Requested size: 597.78697pt x 773.60669pt.
File: skindepth.pdf Graphic file (type pdf)
<use skindepth.pdf, page 9>
Package pdftex.def Info: skindepth.pdf , page9 used on input line 436.
(pdftex.def)             Requested size: 597.78697pt x 773.60669pt.


File: skindepth.pdf Graphic file (type pdf)
<use skindepth.pdf, page 9>
Package pdftex.def Info: skindepth.pdf , page9 used on input line 436.
(pdftex.def)             Requested size: 597.78697pt x 773.60669pt.
[13

 <./skindepth.pdf>]
<skindepth.pdf, id=263, page=10, 614.295pt x 794.97pt>
File: skindepth.pdf Graphic file (type pdf)
<use skindepth.pdf, page 10>
Package pdftex.def Info: skindepth.pdf , page10 used on input line 436.
(pdftex.def)             Requested size: 597.78697pt x 773.60669pt.
File: skindepth.pdf Graphic file (type pdf)
<use skindepth.pdf, page 10>
Package pdftex.def Info: skindepth.pdf , page10 used on input line 436.
(pdftex.def)             Requested size: 597.78697pt x 773.60669pt.


File: skindepth.pdf Graphic file (type pdf)
<use skindepth.pdf, page 10>
Package pdftex.def Info: skindepth.pdf , page10 used on input line 436.
(pdftex.def)             Requested size: 597.78697pt x 773.60669pt.
[14

 <./skindepth.pdf>]
<skindepth.pdf, id=270, page=11, 614.295pt x 794.97pt>
File: skindepth.pdf Graphic file (type pdf)
<use skindepth.pdf, page 11>
Package pdftex.def Info: skindepth.pdf , page11 used on input line 436.
(pdftex.def)             Requested size: 597.78697pt x 773.60669pt.
File: skindepth.pdf Graphic file (type pdf)
<use skindepth.pdf, page 11>
Package pdftex.def Info: skindepth.pdf , page11 used on input line 436.
(pdftex.def)             Requested size: 597.78697pt x 773.60669pt.


File: skindepth.pdf Graphic file (type pdf)
<use skindepth.pdf, page 11>
Package pdftex.def Info: skindepth.pdf , page11 used on input line 436.
(pdftex.def)             Requested size: 597.78697pt x 773.60669pt.
[15

 <./skindepth.pdf>]
<skindepth.pdf, id=275, page=12, 614.295pt x 794.97pt>
File: skindepth.pdf Graphic file (type pdf)
<use skindepth.pdf, page 12>
Package pdftex.def Info: skindepth.pdf , page12 used on input line 436.
(pdftex.def)             Requested size: 597.78697pt x 773.60669pt.
File: skindepth.pdf Graphic file (type pdf)
<use skindepth.pdf, page 12>
Package pdftex.def Info: skindepth.pdf , page12 used on input line 436.
(pdftex.def)             Requested size: 597.78697pt x 773.60669pt.


File: skindepth.pdf Graphic file (type pdf)
<use skindepth.pdf, page 12>
Package pdftex.def Info: skindepth.pdf , page12 used on input line 436.
(pdftex.def)             Requested size: 597.78697pt x 773.60669pt.
[16

 <./skindepth.pdf>]
<skindepth.pdf, id=280, page=13, 614.295pt x 794.97pt>
File: skindepth.pdf Graphic file (type pdf)
<use skindepth.pdf, page 13>
Package pdftex.def Info: skindepth.pdf , page13 used on input line 436.
(pdftex.def)             Requested size: 597.78697pt x 773.60669pt.
File: skindepth.pdf Graphic file (type pdf)
<use skindepth.pdf, page 13>
Package pdftex.def Info: skindepth.pdf , page13 used on input line 436.
(pdftex.def)             Requested size: 597.78697pt x 773.60669pt.


File: skindepth.pdf Graphic file (type pdf)
<use skindepth.pdf, page 13>
Package pdftex.def Info: skindepth.pdf , page13 used on input line 436.
(pdftex.def)             Requested size: 597.78697pt x 773.60669pt.
[17

 <./skindepth.pdf>]
<skindepth.pdf, id=286, page=14, 614.295pt x 794.97pt>
File: skindepth.pdf Graphic file (type pdf)
<use skindepth.pdf, page 14>
Package pdftex.def Info: skindepth.pdf , page14 used on input line 436.
(pdftex.def)             Requested size: 597.78697pt x 773.60669pt.
File: skindepth.pdf Graphic file (type pdf)
<use skindepth.pdf, page 14>
Package pdftex.def Info: skindepth.pdf , page14 used on input line 436.
(pdftex.def)             Requested size: 597.78697pt x 773.60669pt.


File: skindepth.pdf Graphic file (type pdf)
<use skindepth.pdf, page 14>
Package pdftex.def Info: skindepth.pdf , page14 used on input line 436.
(pdftex.def)             Requested size: 597.78697pt x 773.60669pt.
[18

 <./skindepth.pdf>]
<skindepth.pdf, id=293, page=15, 614.295pt x 794.97pt>
File: skindepth.pdf Graphic file (type pdf)
<use skindepth.pdf, page 15>
Package pdftex.def Info: skindepth.pdf , page15 used on input line 436.
(pdftex.def)             Requested size: 597.78697pt x 773.60669pt.
File: skindepth.pdf Graphic file (type pdf)
<use skindepth.pdf, page 15>
Package pdftex.def Info: skindepth.pdf , page15 used on input line 436.
(pdftex.def)             Requested size: 597.78697pt x 773.60669pt.


File: skindepth.pdf Graphic file (type pdf)
<use skindepth.pdf, page 15>
Package pdftex.def Info: skindepth.pdf , page15 used on input line 436.
(pdftex.def)             Requested size: 597.78697pt x 773.60669pt.
[19

 <./skindepth.pdf>] (/Users/JoanaUCD/Library/CloudStorage/OneDrive-UniversityCollegeDublin/Labs/labs-files/tex Files/out/23311051_PHYC30170SPR26_LAB2.aux)
 ***********
LaTeX2e <2024-11-01> patch level 2
L3 programming layer <2025-01-18>
 ***********
 ) 
Here is how much of TeX's memory you used:
 52625 strings out of 473530
 1260852 string characters out of 5704664
 2004061 words of memory out of 5000000
 75226 multiletter control sequences out of 15000+600000
 569296 words of font info for 74 fonts, out of 8000000 for 9000
 1141 hyphenation exceptions out of 8191
 84i,17n,91p,1419b,1197s stack positions out of 10000i,1000n,20000p,200000b,200000s
{/Users/JoanaUCD/Library/Application Support/MiKTeX/texmfs/install/fonts/enc/dvips/cm-super/cm-super-ts1.enc}</Users/JoanaUCD/Library/Application Support/MiKTeX/texmfs/install/fonts/type1/public/amsfonts/cm/cmbx10.pfb></Users/JoanaUCD/Library/Application Support/MiKTeX/texmfs/install/fonts/type1/public/amsfonts/cm/cmbx12.pfb></Users/JoanaUCD/Library/Application Support/MiKTeX/texmfs/install/fonts/type1/public/amsfonts/cm/cmex10.pfb></Users/JoanaUCD/Library/Application Support/MiKTeX/texmfs/install/fonts/type1/public/amsfonts/cm/cmmi10.pfb></Users/JoanaUCD/Library/Application Support/MiKTeX/texmfs/install/fonts/type1/public/amsfonts/cm/cmmi12.pfb></Users/JoanaUCD/Library/Application Support/MiKTeX/texmfs/install/fonts/type1/public/amsfonts/cm/cmmi6.pfb></Users/JoanaUCD/Library/Application Support/MiKTeX/texmfs/install/fonts/type1/public/amsfonts/cm/cmmi8.pfb></Users/JoanaUCD/Library/Application Support/MiKTeX/texmfs/install/fonts/type1/public/amsfonts/cm/cmr10.pfb></Users/JoanaUCD/Library/Application Support/MiKTeX/texmfs/install/fonts/type1/public/amsfonts/cm/cmr12.pfb></Users/JoanaUCD/Library/Application Support/MiKTeX/texmfs/install/fonts/type1/public/amsfonts/cm/cmr8.pfb></Users/JoanaUCD/Library/Application Support/MiKTeX/texmfs/install/fonts/type1/public/amsfonts/cm/cmsy10.pfb></Users/JoanaUCD/Library/Application Support/MiKTeX/texmfs/install/fonts/type1/public/amsfonts/cm/cmsy8.pfb></Users/JoanaUCD/Library/Application Support/MiKTeX/texmfs/install/fonts/type1/public/amsfonts/cm/cmti10.pfb></Users/JoanaUCD/Library/Application Support/MiKTeX/texmfs/install/fonts/type1/public/cm-super/sfrm1095.pfb>
Output written on "/Users/JoanaUCD/Library/CloudStorage/OneDrive-UniversityCollegeDublin/Labs/labs-files/tex Files/out/23311051_PHYC30170SPR26_LAB2.pdf" (21 pages, 1749553 bytes).
PDF statistics:
 432 PDF objects out of 1000 (max. 8388607)
 59 named destinations out of 1000 (max. 500000)
 278 words of extra memory for PDF output out of 10000 (max. 10000000)

