\BOOKMARK [1][-]{section.1}{\376\377\000I\000n\000t\000r\000o\000d\000u\000c\000t\000i\000o\000n}{}% 1
\BOOKMARK [1][-]{section.2}{\376\377\000T\000h\000e\000o\000r\000y}{}% 2
\BOOKMARK [2][-]{subsection.2.1}{\376\377\000T\000h\000e\000\040\000W\000a\000v\000e\000\040\000N\000a\000t\000u\000r\000e\000\040\000o\000f\000\040\000L\000i\000g\000h\000t}{section.2}% 3
\BOOKMARK [3][-]{subsubsection.2.1.1}{\376\377\000S\000p\000h\000e\000r\000i\000c\000a\000l\000\040\000W\000a\000v\000e\000s}{subsection.2.1}% 4
\BOOKMARK [2][-]{subsection.2.2}{\376\377\000H\000u\000y\000g\000e\000n\000s\000-\000F\000r\000e\000s\000n\000e\000l\000\040\000P\000r\000i\000n\000c\000i\000p\000l\000e}{section.2}% 5
\BOOKMARK [2][-]{subsection.2.3}{\376\377\000D\000i\000f\000f\000r\000a\000c\000t\000i\000o\000n}{section.2}% 6
\BOOKMARK [3][-]{subsubsection.2.3.1}{\376\377\000F\000r\000a\000u\000n\000h\000o\000f\000e\000r\000\040\000v\000s\000.\000\040\000F\000r\000e\000s\000n\000e\000l\000\040\000D\000i\000f\000f\000r\000a\000c\000t\000i\000o\000n}{subsection.2.3}% 7
\BOOKMARK [3][-]{subsubsection.2.3.2}{\376\377\000D\000i\000f\000f\000r\000a\000c\000t\000i\000o\000n\000\040\000f\000o\000r\000\040\000a\000\040\000S\000i\000n\000g\000l\000e\000\040\000S\000l\000i\000t}{subsection.2.3}% 8
\BOOKMARK [3][-]{subsubsection.2.3.3}{\376\377\000D\000i\000f\000f\000r\000a\000c\000t\000i\000o\000n\000\040\000f\000o\000r\000\040\000T\000w\000o\000\040\000S\000l\000i\000t\000s}{subsection.2.3}% 9
\BOOKMARK [3][-]{subsubsection.2.3.4}{\376\377\000D\000i\000f\000f\000r\000a\000c\000t\000i\000o\000n\000\040\000f\000o\000r\000\040\000a\000\040\000C\000i\000r\000c\000u\000l\000a\000r\000\040\000A\000p\000e\000r\000t\000u\000r\000e}{subsection.2.3}% 10
\BOOKMARK [1][-]{section.3}{\376\377\000E\000x\000p\000e\000r\000i\000m\000e\000n\000t\000a\000l\000\040\000S\000e\000t\000u\000p\000\040\000\046\000\040\000P\000r\000o\000c\000e\000d\000u\000r\000e}{}% 11
\BOOKMARK [2][-]{subsection.3.1}{\376\377\000R\000e\000c\000t\000a\000n\000g\000u\000l\000a\000r\000\040\000A\000p\000e\000r\000t\000u\000r\000e\000\040\040\024\000\040\000S\000i\000n\000g\000l\000e\000\040\000S\000l\000i\000t}{section.3}% 12
\BOOKMARK [2][-]{subsection.3.2}{\376\377\000R\000e\000c\000t\000a\000n\000g\000u\000l\000a\000r\000\040\000A\000p\000e\000r\000t\000u\000r\000e\000\040\040\024\000\040\000D\000o\000u\000b\000l\000e\000\040\000S\000l\000i\000t}{section.3}% 13
\BOOKMARK [2][-]{subsection.3.3}{\376\377\000C\000i\000r\000c\000u\000l\000a\000r\000\040\000A\000p\000e\000r\000t\000u\000r\000e}{section.3}% 14
\BOOKMARK [2][-]{subsection.3.4}{\376\377\000P\000l\000o\000t\000s\000\040\000a\000n\000d\000\040\000G\000r\000a\000p\000h\000s}{section.3}% 15
\BOOKMARK [1][-]{section.4}{\376\377\000R\000e\000s\000u\000l\000t\000s}{}% 16
\BOOKMARK [2][-]{subsection.4.1}{\376\377\000R\000e\000c\000t\000a\000n\000g\000u\000l\000a\000r\000\040\000A\000p\000e\000r\000t\000u\000r\000e\000\040\040\024\000\040\000S\000i\000n\000g\000l\000e\000\040\000S\000l\000i\000t}{section.4}% 17
\BOOKMARK [3][-]{subsubsection.4.1.1}{\376\377\000V\000e\000r\000t\000i\000c\000a\000l\000\040\000A\000p\000e\000r\000t\000u\000r\000e}{subsection.4.1}% 18
\BOOKMARK [3][-]{subsubsection.4.1.2}{\376\377\000V\000e\000r\000t\000i\000c\000a\000l\000\040\000A\000p\000e\000r\000t\000u\000r\000e\000\040\040\024\000\040\000V\000a\000r\000y\000i\000n\000g\000\040\000D\000i\000s\000t\000a\000n\000c\000e\000\040\000t\000o\000\040\000S\000c\000r\000e\000e\000n}{subsection.4.1}% 19
\BOOKMARK [3][-]{subsubsection.4.1.3}{\376\377\000H\000o\000r\000i\000z\000o\000n\000t\000a\000l\000\040\000A\000p\000e\000r\000t\000u\000r\000e}{subsection.4.1}% 20
\BOOKMARK [2][-]{subsection.4.2}{\376\377\000R\000e\000c\000t\000a\000n\000g\000u\000l\000a\000r\000\040\000A\000p\000e\000r\000t\000u\000r\000e\000\040\040\024\000\040\000D\000o\000u\000b\000l\000e\000\040\000S\000l\000i\000t}{section.4}% 21
\BOOKMARK [2][-]{subsection.4.3}{\376\377\000C\000i\000r\000c\000u\000l\000a\000r\000\040\000A\000p\000e\000r\000t\000u\000r\000e}{section.4}% 22
\BOOKMARK [1][-]{section.5}{\376\377\000A\000n\000a\000l\000y\000s\000i\000s\000\040\000\046\000\040\000D\000i\000s\000c\000u\000s\000s\000i\000o\000n}{}% 23
\BOOKMARK [2][-]{subsection.5.1}{\376\377\000S\000i\000n\000g\000l\000e\000\040\000S\000l\000i\000t\000\040\000D\000i\000f\000f\000r\000a\000c\000t\000i\000o\000n}{section.5}% 24
\BOOKMARK [2][-]{subsection.5.2}{\376\377\000D\000o\000u\000b\000l\000e\000\040\000S\000l\000i\000t\000\040\000D\000i\000f\000f\000r\000a\000c\000t\000i\000o\000n}{section.5}% 25
\BOOKMARK [2][-]{subsection.5.3}{\376\377\000C\000i\000r\000c\000u\000l\000a\000r\000\040\000A\000p\000e\000r\000t\000u\000r\000e\000\040\000D\000i\000f\000f\000r\000a\000c\000t\000i\000o\000n}{section.5}% 26
\BOOKMARK [1][-]{section.6}{\376\377\000C\000o\000n\000c\000l\000u\000s\000i\000o\000n}{}% 27
\BOOKMARK [1][-]{section*.20}{\376\377\000R\000e\000f\000e\000r\000e\000n\000c\000e\000s}{}% 28
\BOOKMARK [1][-]{section*.21}{\376\377\000L\000i\000s\000t\000\040\000o\000f\000\040\000F\000i\000g\000u\000r\000e\000s}{}% 29
\BOOKMARK [1][-]{section*.22}{\376\377\000A\000p\000p\000e\000n\000d\000i\000x}{}% 30
