This is pdfTeX, Version 3.141592653-2.6-1.40.24 (MiKTeX 22.1) (preloaded format=pdflatex 2025.2.15)  24 OCT 2025 23:07
entering extended mode
 \write18 enabled.
 file:line:error style messages enabled.
 %&-line parsing enabled.
**"/Users/JoanaUCD/Library/CloudStorage/OneDrive-UniversityCollegeDublin/Labs/labs-files/tex Files/23311051_PHYC30170AUT25_LAB2.tex"
(/Users/JoanaUCD/Library/CloudStorage/OneDrive-UniversityCollegeDublin/Labs/labs-files/tex Files/23311051_PHYC30170AUT25_LAB2.tex
LaTeX2e <2024-11-01> patch level 2
L3 programming layer <2025-01-18>
(/Users/JoanaUCD/Library/Application Support/MiKTeX/texmfs/install/tex/latex/base/article.cls
Document Class: article 2024/06/29 v1.4n Standard LaTeX document class
(/Users/JoanaUCD/Library/Application Support/MiKTeX/texmfs/install/tex/latex/base/size11.clo
File: size11.clo 2024/06/29 v1.4n Standard LaTeX file (size option)
)
\c@part=\count196
\c@section=\count197
\c@subsection=\count198
\c@subsubsection=\count199
\c@paragraph=\count266
\c@subparagraph=\count267
\c@figure=\count268
\c@table=\count269
\abovecaptionskip=\skip49
\belowcaptionskip=\skip50
\bibindent=\dimen141
) (/Users/JoanaUCD/Library/Application Support/MiKTeX/texmfs/install/tex/latex/graphics/graphicx.sty
Package: graphicx 2021/09/16 v1.2d Enhanced LaTeX Graphics (DPC,SPQR)
 (/Users/JoanaUCD/Library/Application Support/MiKTeX/texmfs/install/tex/latex/graphics/keyval.sty
Package: keyval 2022/05/29 v1.15 key=value parser (DPC)
\KV@toks@=\toks17
) (/Users/JoanaUCD/Library/Application Support/MiKTeX/texmfs/install/tex/latex/graphics/graphics.sty
Package: graphics 2024/08/06 v1.4g Standard LaTeX Graphics (DPC,SPQR)
 (/Users/JoanaUCD/Library/Application Support/MiKTeX/texmfs/install/tex/latex/graphics/trig.sty
Package: trig 2023/12/02 v1.11 sin cos tan (DPC)
) (/Users/JoanaUCD/Library/Application Support/MiKTeX/texmfs/install/tex/latex/graphics-cfg/graphics.cfg
File: graphics.cfg 2016/06/04 v1.11 sample graphics configuration
)
Package graphics Info: Driver file: pdftex.def on input line 106.
 (/Users/JoanaUCD/Library/Application Support/MiKTeX/texmfs/install/tex/latex/graphics-def/pdftex.def
File: pdftex.def 2024/04/13 v1.2c Graphics/color driver for pdftex
))
\Gin@req@height=\dimen142
\Gin@req@width=\dimen143
) (/Users/JoanaUCD/Library/Application Support/MiKTeX/texmfs/install/tex/latex/tools/array.sty
Package: array 2024/10/17 v2.6g Tabular extension package (FMi)
\col@sep=\dimen144
\ar@mcellbox=\box52
\extrarowheight=\dimen145
\NC@list=\toks18
\extratabsurround=\skip51
\backup@length=\skip52
\ar@cellbox=\box53
) (/Users/JoanaUCD/Library/Application Support/MiKTeX/texmfs/install/tex/latex/amsmath/amsmath.sty
Package: amsmath 2024/11/05 v2.17t AMS math features
\@mathmargin=\skip53

For additional information on amsmath, use the `?' option.
(/Users/JoanaUCD/Library/Application Support/MiKTeX/texmfs/install/tex/latex/amsmath/amstext.sty
Package: amstext 2021/08/26 v2.01 AMS text
 (/Users/JoanaUCD/Library/Application Support/MiKTeX/texmfs/install/tex/latex/amsmath/amsgen.sty
File: amsgen.sty 1999/11/30 v2.0 generic functions
\@emptytoks=\toks19
\ex@=\dimen146
)) (/Users/JoanaUCD/Library/Application Support/MiKTeX/texmfs/install/tex/latex/amsmath/amsbsy.sty
Package: amsbsy 1999/11/29 v1.2d Bold Symbols
\pmbraise@=\dimen147
) (/Users/JoanaUCD/Library/Application Support/MiKTeX/texmfs/install/tex/latex/amsmath/amsopn.sty
Package: amsopn 2022/04/08 v2.04 operator names
)
\inf@bad=\count270
LaTeX Info: Redefining \frac on input line 233.
\uproot@=\count271
\leftroot@=\count272
LaTeX Info: Redefining \overline on input line 398.
LaTeX Info: Redefining \colon on input line 409.
\classnum@=\count273
\DOTSCASE@=\count274
LaTeX Info: Redefining \ldots on input line 495.
LaTeX Info: Redefining \dots on input line 498.
LaTeX Info: Redefining \cdots on input line 619.
\Mathstrutbox@=\box54
\strutbox@=\box55
LaTeX Info: Redefining \big on input line 721.
LaTeX Info: Redefining \Big on input line 722.
LaTeX Info: Redefining \bigg on input line 723.
LaTeX Info: Redefining \Bigg on input line 724.
\big@size=\dimen148
LaTeX Font Info:    Redeclaring font encoding OML on input line 742.
LaTeX Font Info:    Redeclaring font encoding OMS on input line 743.
\macc@depth=\count275
LaTeX Info: Redefining \bmod on input line 904.
LaTeX Info: Redefining \pmod on input line 909.
LaTeX Info: Redefining \smash on input line 939.
LaTeX Info: Redefining \relbar on input line 969.
LaTeX Info: Redefining \Relbar on input line 970.
\c@MaxMatrixCols=\count276
\dotsspace@=\muskip17
\c@parentequation=\count277
\dspbrk@lvl=\count278
\tag@help=\toks20
\row@=\count279
\column@=\count280
\maxfields@=\count281
\andhelp@=\toks21
\eqnshift@=\dimen149
\alignsep@=\dimen150
\tagshift@=\dimen151
\tagwidth@=\dimen152
\totwidth@=\dimen153
\lineht@=\dimen154
\@envbody=\toks22
\multlinegap=\skip54
\multlinetaggap=\skip55
\mathdisplay@stack=\toks23
LaTeX Info: Redefining \[ on input line 2953.
LaTeX Info: Redefining \] on input line 2954.
) (/Users/JoanaUCD/Library/Application Support/MiKTeX/texmfs/install/tex/latex/amsfonts/amssymb.sty
Package: amssymb 2013/01/14 v3.01 AMS font symbols
 (/Users/JoanaUCD/Library/Application Support/MiKTeX/texmfs/install/tex/latex/amsfonts/amsfonts.sty
Package: amsfonts 2013/01/14 v3.01 Basic AMSFonts support
\symAMSa=\mathgroup4
\symAMSb=\mathgroup5
LaTeX Font Info:    Redeclaring math symbol \hbar on input line 98.
LaTeX Font Info:    Overwriting math alphabet `\mathfrak' in version `bold'
(Font)                  U/euf/m/n --> U/euf/b/n on input line 106.
)) (/Users/JoanaUCD/Library/Application Support/MiKTeX/texmfs/install/tex/latex/cancel/cancel.sty
Package: cancel 2013/04/12 v2.2 Cancel math terms
) (/Users/JoanaUCD/Library/Application Support/MiKTeX/texmfs/install/tex/latex/float/float.sty
Package: float 2001/11/08 v1.3d Float enhancements (AL)
\c@float@type=\count282
\float@exts=\toks24
\float@box=\box56
\@float@everytoks=\toks25
\@floatcapt=\box57
) (/Users/JoanaUCD/Library/Application Support/MiKTeX/texmfs/install/tex/latex/geometry/geometry.sty
Package: geometry 2020/01/02 v5.9 Page Geometry
 (/Users/JoanaUCD/Library/Application Support/MiKTeX/texmfs/install/tex/generic/iftex/ifvtex.sty
Package: ifvtex 2019/10/25 v1.7 ifvtex legacy package. Use iftex instead.
 (/Users/JoanaUCD/Library/Application Support/MiKTeX/texmfs/install/tex/generic/iftex/iftex.sty
Package: iftex 2024/12/12 v1.0g TeX engine tests
))
\Gm@cnth=\count283
\Gm@cntv=\count284
\c@Gm@tempcnt=\count285
\Gm@bindingoffset=\dimen155
\Gm@wd@mp=\dimen156
\Gm@odd@mp=\dimen157
\Gm@even@mp=\dimen158
\Gm@layoutwidth=\dimen159
\Gm@layoutheight=\dimen160
\Gm@layouthoffset=\dimen161
\Gm@layoutvoffset=\dimen162
\Gm@dimlist=\toks26
 (/Users/JoanaUCD/Library/Application Support/MiKTeX/texmfs/install/tex/latex/geometry/geometry.cfg)) (/Users/JoanaUCD/Library/Application Support/MiKTeX/texmfs/install/tex/latex/parskip/parskip.sty
Package: parskip 2021-03-14 v2.0h non-zero parskip adjustments
 (/Users/JoanaUCD/Library/Application Support/MiKTeX/texmfs/install/tex/latex/kvoptions/kvoptions.sty
Package: kvoptions 2022-06-15 v3.15 Key value format for package options (HO)
 (/Users/JoanaUCD/Library/Application Support/MiKTeX/texmfs/install/tex/generic/ltxcmds/ltxcmds.sty
Package: ltxcmds 2023-12-04 v1.26 LaTeX kernel commands for general use (HO)
) (/Users/JoanaUCD/Library/Application Support/MiKTeX/texmfs/install/tex/latex/kvsetkeys/kvsetkeys.sty
Package: kvsetkeys 2022-10-05 v1.19 Key value parser (HO)
)) (/Users/JoanaUCD/Library/Application Support/MiKTeX/texmfs/install/tex/latex/etoolbox/etoolbox.sty
Package: etoolbox 2020/10/05 v2.5k e-TeX tools for LaTeX (JAW)
\etb@tempcnta=\count286
)) (/Users/JoanaUCD/Library/Application Support/MiKTeX/texmfs/install/tex/latex/setspace/setspace.sty
Package: setspace 2022/12/04 v6.7b set line spacing
) (/Users/JoanaUCD/Library/Application Support/MiKTeX/texmfs/install/tex/latex/hyperref/hyperref.sty
Package: hyperref 2024-11-05 v7.01l Hypertext links for LaTeX
 (/Users/JoanaUCD/Library/Application Support/MiKTeX/texmfs/install/tex/generic/kvdefinekeys/kvdefinekeys.sty
Package: kvdefinekeys 2019-12-19 v1.6 Define keys (HO)
) (/Users/JoanaUCD/Library/Application Support/MiKTeX/texmfs/install/tex/generic/pdfescape/pdfescape.sty
Package: pdfescape 2019/12/09 v1.15 Implements pdfTeX's escape features (HO)
 (/Users/JoanaUCD/Library/Application Support/MiKTeX/texmfs/install/tex/generic/pdftexcmds/pdftexcmds.sty
Package: pdftexcmds 2020-06-27 v0.33 Utility functions of pdfTeX for LuaTeX (HO)
 (/Users/JoanaUCD/Library/Application Support/MiKTeX/texmfs/install/tex/generic/infwarerr/infwarerr.sty
Package: infwarerr 2019/12/03 v1.5 Providing info/warning/error messages (HO)
)
Package pdftexcmds Info: \pdf@primitive is available.
Package pdftexcmds Info: \pdf@ifprimitive is available.
Package pdftexcmds Info: \pdfdraftmode found.
)) (/Users/JoanaUCD/Library/Application Support/MiKTeX/texmfs/install/tex/latex/hycolor/hycolor.sty
Package: hycolor 2020-01-27 v1.10 Color options for hyperref/bookmark (HO)
) (/Users/JoanaUCD/Library/Application Support/MiKTeX/texmfs/install/tex/latex/hyperref/nameref.sty
Package: nameref 2023-11-26 v2.56 Cross-referencing by name of section
 (/Users/JoanaUCD/Library/Application Support/MiKTeX/texmfs/install/tex/latex/refcount/refcount.sty
Package: refcount 2019/12/15 v3.6 Data extraction from label references (HO)
) (/Users/JoanaUCD/Library/Application Support/MiKTeX/texmfs/install/tex/generic/gettitlestring/gettitlestring.sty
Package: gettitlestring 2019/12/15 v1.6 Cleanup title references (HO)
)
\c@section@level=\count287
) (/Users/JoanaUCD/Library/Application Support/MiKTeX/texmfs/install/tex/generic/stringenc/stringenc.sty
Package: stringenc 2019/11/29 v1.12 Convert strings between diff. encodings (HO)
)
\@linkdim=\dimen163
\Hy@linkcounter=\count288
\Hy@pagecounter=\count289
 (/Users/JoanaUCD/Library/Application Support/MiKTeX/texmfs/install/tex/latex/hyperref/pd1enc.def
File: pd1enc.def 2024-11-05 v7.01l Hyperref: PDFDocEncoding definition (HO)
Now handling font encoding PD1 ...
... no UTF-8 mapping file for font encoding PD1
) (/Users/JoanaUCD/Library/Application Support/MiKTeX/texmfs/install/tex/generic/intcalc/intcalc.sty
Package: intcalc 2019/12/15 v1.3 Expandable calculations with integers (HO)
)
\Hy@SavedSpaceFactor=\count290
 (/Users/JoanaUCD/Library/Application Support/MiKTeX/texmfs/install/tex/latex/hyperref/puenc.def
File: puenc.def 2024-11-05 v7.01l Hyperref: PDF Unicode definition (HO)
Now handling font encoding PU ...
... no UTF-8 mapping file for font encoding PU
)
Package hyperref Info: Hyper figures OFF on input line 4157.
Package hyperref Info: Link nesting OFF on input line 4162.
Package hyperref Info: Hyper index ON on input line 4165.
Package hyperref Info: Plain pages OFF on input line 4172.
Package hyperref Info: Backreferencing OFF on input line 4177.
Package hyperref Info: Implicit mode ON; LaTeX internals redefined.
Package hyperref Info: Bookmarks ON on input line 4424.
\c@Hy@tempcnt=\count291
 (/Users/JoanaUCD/Library/Application Support/MiKTeX/texmfs/install/tex/latex/url/url.sty
\Urlmuskip=\muskip18
Package: url 2013/09/16  ver 3.4  Verb mode for urls, etc.
)
LaTeX Info: Redefining \url on input line 4763.
\XeTeXLinkMargin=\dimen164
 (/Users/JoanaUCD/Library/Application Support/MiKTeX/texmfs/install/tex/generic/bitset/bitset.sty
Package: bitset 2019/12/09 v1.3 Handle bit-vector datatype (HO)
 (/Users/JoanaUCD/Library/Application Support/MiKTeX/texmfs/install/tex/generic/bigintcalc/bigintcalc.sty
Package: bigintcalc 2019/12/15 v1.5 Expandable calculations on big integers (HO)
))
\Fld@menulength=\count292
\Field@Width=\dimen165
\Fld@charsize=\dimen166
Package hyperref Info: Hyper figures OFF on input line 6042.
Package hyperref Info: Link nesting OFF on input line 6047.
Package hyperref Info: Hyper index ON on input line 6050.
Package hyperref Info: backreferencing OFF on input line 6057.
Package hyperref Info: Link coloring OFF on input line 6062.
Package hyperref Info: Link coloring with OCG OFF on input line 6067.
Package hyperref Info: PDF/A mode OFF on input line 6072.
 (/Users/JoanaUCD/Library/Application Support/MiKTeX/texmfs/install/tex/latex/base/atbegshi-ltx.sty
Package: atbegshi-ltx 2021/01/10 v1.0c Emulation of the original atbegshi
package with kernel methods
)
\Hy@abspage=\count293
\c@Item=\count294
\c@Hfootnote=\count295
)
Package hyperref Info: Driver (autodetected): hpdftex.
 (/Users/JoanaUCD/Library/Application Support/MiKTeX/texmfs/install/tex/latex/hyperref/hpdftex.def
File: hpdftex.def 2024-11-05 v7.01l Hyperref driver for pdfTeX
 (/Users/JoanaUCD/Library/Application Support/MiKTeX/texmfs/install/tex/latex/base/atveryend-ltx.sty
Package: atveryend-ltx 2020/08/19 v1.0a Emulation of the original atveryend package
with kernel methods
)
\Fld@listcount=\count296
\c@bookmark@seq@number=\count297
 (/Users/JoanaUCD/Library/Application Support/MiKTeX/texmfs/install/tex/latex/rerunfilecheck/rerunfilecheck.sty
Package: rerunfilecheck 2022-07-10 v1.10 Rerun checks for auxiliary files (HO)
 (/Users/JoanaUCD/Library/Application Support/MiKTeX/texmfs/install/tex/generic/uniquecounter/uniquecounter.sty
Package: uniquecounter 2019/12/15 v1.4 Provide unlimited unique counter (HO)
)
Package uniquecounter Info: New unique counter `rerunfilecheck' on input line 285.
)
\Hy@SectionHShift=\skip56
) (/Users/JoanaUCD/Library/Application Support/MiKTeX/texmfs/install/tex/latex/cite/cite.sty
LaTeX Info: Redefining \cite on input line 302.
LaTeX Info: Redefining \nocite on input line 332.
Package: cite 2015/02/27  v 5.5
) (/Users/JoanaUCD/Library/Application Support/MiKTeX/texmfs/install/tex/latex/bookmark/bookmark.sty
Package: bookmark 2023-12-10 v1.31 PDF bookmarks (HO)
 (/Users/JoanaUCD/Library/Application Support/MiKTeX/texmfs/install/tex/latex/bookmark/bkm-pdftex.def
File: bkm-pdftex.def 2023-12-10 v1.31 bookmark driver for pdfTeX and luaTeX (HO)
\BKM@id=\count298
)) (/Users/JoanaUCD/Library/Application Support/MiKTeX/texmfs/install/tex/latex/xcolor/xcolor.sty
Package: xcolor 2024/09/29 v3.02 LaTeX color extensions (UK)
 (/Users/JoanaUCD/Library/Application Support/MiKTeX/texmfs/install/tex/latex/graphics-cfg/color.cfg
File: color.cfg 2016/01/02 v1.6 sample color configuration
)
Package xcolor Info: Driver file: pdftex.def on input line 274.
 (/Users/JoanaUCD/Library/Application Support/MiKTeX/texmfs/install/tex/latex/graphics/mathcolor.ltx)
Package xcolor Info: Model `cmy' substituted by `cmy0' on input line 1349.
Package xcolor Info: Model `hsb' substituted by `rgb' on input line 1353.
Package xcolor Info: Model `RGB' extended on input line 1365.
Package xcolor Info: Model `HTML' substituted by `rgb' on input line 1367.
Package xcolor Info: Model `Hsb' substituted by `hsb' on input line 1368.
Package xcolor Info: Model `tHsb' substituted by `hsb' on input line 1369.
Package xcolor Info: Model `HSB' substituted by `hsb' on input line 1370.
Package xcolor Info: Model `Gray' substituted by `gray' on input line 1371.
Package xcolor Info: Model `wave' substituted by `hsb' on input line 1372.
) (/Users/JoanaUCD/Library/Application Support/MiKTeX/texmfs/install/tex/latex/colortbl/colortbl.sty
Package: colortbl 2024/07/06 v1.0i Color table columns (DPC)
\everycr=\toks27
\minrowclearance=\skip57
\rownum=\count299
) (/Users/JoanaUCD/Library/Application Support/MiKTeX/texmfs/install/tex/latex/adjustbox/adjustbox.sty
Package: adjustbox 2022/10/17 v1.3a Adjusting TeX boxes (trim, clip, ...)
 (/Users/JoanaUCD/Library/Application Support/MiKTeX/texmfs/install/tex/latex/xkeyval/xkeyval.sty
Package: xkeyval 2022/06/16 v2.9 package option processing (HA)
 (/Users/JoanaUCD/Library/Application Support/MiKTeX/texmfs/install/tex/generic/xkeyval/xkeyval.tex (/Users/JoanaUCD/Library/Application Support/MiKTeX/texmfs/install/tex/generic/xkeyval/xkvutils.tex
\XKV@toks=\toks28
\XKV@tempa@toks=\toks29
)
\XKV@depth=\count300
File: xkeyval.tex 2014/12/03 v2.7a key=value parser (HA)
)) (/Users/JoanaUCD/Library/Application Support/MiKTeX/texmfs/install/tex/latex/adjustbox/adjcalc.sty
Package: adjcalc 2012/05/16 v1.1 Provides advanced setlength with multiple back-ends (calc, etex, pgfmath)
) (/Users/JoanaUCD/Library/Application Support/MiKTeX/texmfs/install/tex/latex/adjustbox/trimclip.sty
Package: trimclip 2020/08/19 v1.2 Trim and clip general TeX material
 (/Users/JoanaUCD/Library/Application Support/MiKTeX/texmfs/install/tex/latex/collectbox/collectbox.sty
Package: collectbox 2022/10/17 v0.4c Collect macro arguments as boxes
\collectedbox=\box58
)
\tc@llx=\dimen167
\tc@lly=\dimen168
\tc@urx=\dimen169
\tc@ury=\dimen170
Package trimclip Info: Using driver 'tc-pdftex.def'.
 (/Users/JoanaUCD/Library/Application Support/MiKTeX/texmfs/install/tex/latex/adjustbox/tc-pdftex.def
File: tc-pdftex.def 2019/01/04 v2.2 Clipping driver for pdftex
))
\adjbox@Width=\dimen171
\adjbox@Height=\dimen172
\adjbox@Depth=\dimen173
\adjbox@Totalheight=\dimen174
\adjbox@pwidth=\dimen175
\adjbox@pheight=\dimen176
\adjbox@pdepth=\dimen177
\adjbox@ptotalheight=\dimen178
 (/Users/JoanaUCD/Library/Application Support/MiKTeX/texmfs/install/tex/latex/ifoddpage/ifoddpage.sty
Package: ifoddpage 2022/10/18 v1.2 Conditionals for odd/even page detection
\c@checkoddpage=\count301
) (/Users/JoanaUCD/Library/Application Support/MiKTeX/texmfs/install/tex/latex/varwidth/varwidth.sty
Package: varwidth 2009/03/30 ver 0.92;  Variable-width minipages
\@vwid@box=\box59
\sift@deathcycles=\count302
\@vwid@loff=\dimen179
\@vwid@roff=\dimen180
)) (/Users/JoanaUCD/Library/Application Support/MiKTeX/texmfs/install/tex/latex/listings/listings.sty
\lst@mode=\count303
\lst@gtempboxa=\box60
\lst@token=\toks30
\lst@length=\count304
\lst@currlwidth=\dimen181
\lst@column=\count305
\lst@pos=\count306
\lst@lostspace=\dimen182
\lst@width=\dimen183
\lst@newlines=\count307
\lst@lineno=\count308
\lst@maxwidth=\dimen184
 (/Users/JoanaUCD/Library/Application Support/MiKTeX/texmfs/install/tex/latex/listings/lstpatch.sty
File: lstpatch.sty 2024/09/23 1.10c (Carsten Heinz)
) (/Users/JoanaUCD/Library/Application Support/MiKTeX/texmfs/install/tex/latex/listings/lstmisc.sty
File: lstmisc.sty 2024/09/23 1.10c (Carsten Heinz)
\c@lstnumber=\count309
\lst@skipnumbers=\count310
\lst@framebox=\box61
) (/Users/JoanaUCD/Library/Application Support/MiKTeX/texmfs/install/tex/latex/listings/listings.cfg
File: listings.cfg 2024/09/23 1.10c listings configuration
))
Package: listings 2024/09/23 1.10c (Carsten Heinz)
 (/Users/JoanaUCD/Library/Application Support/MiKTeX/texmfs/install/tex/latex/abstract/abstract.sty
Package: abstract 2009/06/08 v1.2a configurable abstracts
\abstitleskip=\skip58
\absleftindent=\skip59
\absrightindent=\skip60
\absparindent=\skip61
\absparsep=\skip62
) (/Users/JoanaUCD/Library/Application Support/MiKTeX/texmfs/install/tex/latex/titlesec/titlesec.sty
Package: titlesec 2025/01/04 v2.17 Sectioning titles
\ttl@box=\box62
\beforetitleunit=\skip63
\aftertitleunit=\skip64
\ttl@plus=\dimen185
\ttl@minus=\dimen186
\ttl@toksa=\toks31
\titlewidth=\dimen187
\titlewidthlast=\dimen188
\titlewidthfirst=\dimen189
) (/Users/JoanaUCD/Library/Application Support/MiKTeX/texmfs/install/tex/latex/tocloft/tocloft.sty
Package: tocloft 2017/08/31 v2.3i parameterised ToC, etc., typesetting
Package tocloft Info: The document has section divisions on input line 51.
\cftparskip=\skip65
\cftbeforetoctitleskip=\skip66
\cftaftertoctitleskip=\skip67
\cftbeforepartskip=\skip68
\cftpartnumwidth=\skip69
\cftpartindent=\skip70
\cftbeforesecskip=\skip71
\cftsecindent=\skip72
\cftsecnumwidth=\skip73
\cftbeforesubsecskip=\skip74
\cftsubsecindent=\skip75
\cftsubsecnumwidth=\skip76
\cftbeforesubsubsecskip=\skip77
\cftsubsubsecindent=\skip78
\cftsubsubsecnumwidth=\skip79
\cftbeforeparaskip=\skip80
\cftparaindent=\skip81
\cftparanumwidth=\skip82
\cftbeforesubparaskip=\skip83
\cftsubparaindent=\skip84
\cftsubparanumwidth=\skip85
\cftbeforeloftitleskip=\skip86
\cftafterloftitleskip=\skip87
\cftbeforefigskip=\skip88
\cftfigindent=\skip89
\cftfignumwidth=\skip90
\c@lofdepth=\count311
\c@lotdepth=\count312
\cftbeforelottitleskip=\skip91
\cftafterlottitleskip=\skip92
\cftbeforetabskip=\skip93
\cfttabindent=\skip94
\cfttabnumwidth=\skip95


Package tocloft Warning: \@starttoc has already been redefined; tocloft bailing out. on input line 1156.

)
Package hyperref Info: Option `colorlinks' set `true' on input line 51.
 (/Users/JoanaUCD/Library/Application Support/MiKTeX/texmfs/install/tex/latex/listings/lstlang1.sty
File: lstlang1.sty 2024/09/23 1.10c listings language file
) (/Users/JoanaUCD/Library/Application Support/MiKTeX/texmfs/install/tex/latex/l3backend/l3backend-pdftex.def
File: l3backend-pdftex.def 2024-05-08 L3 backend support: PDF output (pdfTeX)
\l__color_backend_stack_int=\count313
\l__pdf_internal_box=\box63
) (/Users/JoanaUCD/Library/CloudStorage/OneDrive-UniversityCollegeDublin/Labs/labs-files/tex Files/out/23311051_PHYC30170AUT25_LAB2.aux)
\openout1 = `23311051_PHYC30170AUT25_LAB2.aux'.

LaTeX Font Info:    Checking defaults for OML/cmm/m/it on input line 92.
LaTeX Font Info:    ... okay on input line 92.
LaTeX Font Info:    Checking defaults for OMS/cmsy/m/n on input line 92.
LaTeX Font Info:    ... okay on input line 92.
LaTeX Font Info:    Checking defaults for OT1/cmr/m/n on input line 92.
LaTeX Font Info:    ... okay on input line 92.
LaTeX Font Info:    Checking defaults for T1/cmr/m/n on input line 92.
LaTeX Font Info:    ... okay on input line 92.
LaTeX Font Info:    Checking defaults for TS1/cmr/m/n on input line 92.
LaTeX Font Info:    ... okay on input line 92.
LaTeX Font Info:    Checking defaults for OMX/cmex/m/n on input line 92.
LaTeX Font Info:    ... okay on input line 92.
LaTeX Font Info:    Checking defaults for U/cmr/m/n on input line 92.
LaTeX Font Info:    ... okay on input line 92.
LaTeX Font Info:    Checking defaults for PD1/pdf/m/n on input line 92.
LaTeX Font Info:    ... okay on input line 92.
LaTeX Font Info:    Checking defaults for PU/pdf/m/n on input line 92.
LaTeX Font Info:    ... okay on input line 92.
 (/Users/JoanaUCD/Library/Application Support/MiKTeX/texmfs/install/tex/context/base/mkii/supp-pdf.mkii
[Loading MPS to PDF converter (version 2006.09.02).]
\scratchcounter=\count314
\scratchdimen=\dimen190
\scratchbox=\box64
\nofMPsegments=\count315
\nofMParguments=\count316
\everyMPshowfont=\toks32
\MPscratchCnt=\count317
\MPscratchDim=\dimen191
\MPnumerator=\count318
\makeMPintoPDFobject=\count319
\everyMPtoPDFconversion=\toks33
) (/Users/JoanaUCD/Library/Application Support/MiKTeX/texmfs/install/tex/latex/epstopdf-pkg/epstopdf-base.sty
Package: epstopdf-base 2020-01-24 v2.11 Base part for package epstopdf
Package epstopdf-base Info: Redefining graphics rule for `.eps' on input line 485.
 (/Users/JoanaUCD/Library/Application Support/MiKTeX/texmfs/install/tex/latex/00miktex/epstopdf-sys.cfg
File: epstopdf-sys.cfg 2021/03/18 v2.0 Configuration of epstopdf for MiKTeX
))
*geometry* driver: auto-detecting
*geometry* detected driver: pdftex
*geometry* verbose mode - [ preamble ] result:
* driver: pdftex
* paper: a4paper
* layout: <same size as paper>
* layoutoffset:(h,v)=(0.0pt,0.0pt)
* modes: 
* h-part:(L,W,R)=(56.9055pt, 483.69687pt, 56.9055pt)
* v-part:(T,H,B)=(56.9055pt, 731.23584pt, 56.9055pt)
* \paperwidth=597.50787pt
* \paperheight=845.04684pt
* \textwidth=483.69687pt
* \textheight=731.23584pt
* \oddsidemargin=-15.36449pt
* \evensidemargin=-15.36449pt
* \topmargin=-52.36449pt
* \headheight=12.0pt
* \headsep=25.0pt
* \topskip=11.0pt
* \footskip=30.0pt
* \marginparwidth=4.0pt
* \marginparsep=10.0pt
* \columnsep=10.0pt
* \skip\footins=10.0pt plus 4.0pt minus 2.0pt
* \hoffset=0.0pt
* \voffset=0.0pt
* \mag=1000
* \@twocolumntrue
* \@twosidefalse
* \@mparswitchfalse
* \@reversemarginfalse
* (1in=72.27pt=25.4mm, 1cm=28.453pt)

Package hyperref Info: Link coloring ON on input line 92.
\c@lstlisting=\count320
<./images/ucd_brandmark_black.jpg, id=3, 426.59375pt x 626.34pt>
File: ./images/ucd_brandmark_black.jpg Graphic file (type jpg)
<use ./images/ucd_brandmark_black.jpg>
Package pdftex.def Info: ./images/ucd_brandmark_black.jpg  used on input line 97.
(pdftex.def)             Requested size: 96.73788pt x 142.02904pt.
LaTeX Font Info:    Trying to load font information for U+msa on input line 97.
(/Users/JoanaUCD/Library/Application Support/MiKTeX/texmfs/install/tex/latex/amsfonts/umsa.fd
File: umsa.fd 2013/01/14 v3.01 AMS symbols A
)
LaTeX Font Info:    Trying to load font information for U+msb on input line 97.
 (/Users/JoanaUCD/Library/Application Support/MiKTeX/texmfs/install/tex/latex/amsfonts/umsb.fd
File: umsb.fd 2013/01/14 v3.01 AMS symbols B
)

[1


{/Users/JoanaUCD/Library/Application Support/MiKTeX/texmfs/data/fonts/map/pdftex/pdftex.map} <./images/ucd_brandmark_black.jpg>] (/Users/JoanaUCD/Library/CloudStorage/OneDrive-UniversityCollegeDublin/Labs/labs-files/tex Files/out/23311051_PHYC30170AUT25_LAB2.toc)
\tf@toc=\write3
\openout3 = `23311051_PHYC30170AUT25_LAB2.toc'.




pdfTeX warning (ext4): destination with the same identifier (name{page.1}) has been already used, duplicate ignored
<to be read again> 
                   \relax 
l.112 \newpage
               [1]

<./images/ex5_setup.JPG, id=83, 282.05376pt x 309.155pt>
File: ./images/ex5_setup.JPG Graphic file (type jpg)
<use ./images/ex5_setup.JPG>
Package pdftex.def Info: ./images/ex5_setup.JPG  used on input line 170.
(pdftex.def)             Requested size: 213.16214pt x 233.64882pt.
<./images/ex5_TINA.png, id=86, 733.5405pt x 479.8728pt>
File: ./images/ex5_TINA.png Graphic file (type png)
<use ./images/ex5_TINA.png>
Package pdftex.def Info: ./images/ex5_TINA.png  used on input line 185.
(pdftex.def)             Requested size: 236.84843pt x 154.93901pt.


[2

 <./images/ex5_setup.JPG>]
<./images/ex5_OSC.png, id=105, 724.1454pt x 479.8728pt>
File: ./images/ex5_OSC.png Graphic file (type png)
<use ./images/ex5_OSC.png>
Package pdftex.def Info: ./images/ex5_OSC.png  used on input line 205.
(pdftex.def)             Requested size: 236.84843pt x 156.95264pt.
<./images/ex5_OSC_tau.png, id=107, 719.0865pt x 479.8728pt>
File: ./images/ex5_OSC_tau.png Graphic file (type png)
<use ./images/ex5_OSC_tau.png>
Package pdftex.def Info: ./images/ex5_OSC_tau.png  used on input line 215.
(pdftex.def)             Requested size: 236.84843pt x 158.05829pt.




[3 <./images/ex5_TINA.png> <./images/ex5_OSC.png> <./images/ex5_OSC_tau.png>]
Underfull \hbox (badness 1014) in paragraph at lines 247--249
\OT1/cmr/m/n/10.95 of an RC cir-cuit and val-i-dated the the-o-ret-i-
 []


Underfull \vbox (badness 10000) has occurred while \output is active []





[4]

<./images/EX7_setup.JPG, id=146, 228.855pt x 309.155pt>
File: ./images/EX7_setup.JPG Graphic file (type jpg)
<use ./images/EX7_setup.JPG>
Package pdftex.def Info: ./images/EX7_setup.JPG  used on input line 361.
(pdftex.def)             Requested size: 189.47946pt x 255.97118pt.


[5 <./images/EX7_setup.JPG>]
<./images/ex7_calculation.png, id=162, 852.786pt x 563.706pt>
File: ./images/ex7_calculation.png Graphic file (type png)
<use ./images/ex7_calculation.png>
Package pdftex.def Info: ./images/ex7_calculation.png  used on input line 397.
(pdftex.def)             Requested size: 236.84843pt x 156.55498pt.
<./images/ex7_TINA.png, id=164, 852.786pt x 563.706pt>
File: ./images/ex7_TINA.png Graphic file (type png)
<use ./images/ex7_TINA.png>
Package pdftex.def Info: ./images/ex7_TINA.png  used on input line 412.
(pdftex.def)             Requested size: 236.84843pt x 156.55498pt.


<./images/ex7_circuit.png, id=169, 852.786pt x 563.706pt>
File: ./images/ex7_circuit.png Graphic file (type png)
<use ./images/ex7_circuit.png>
Package pdftex.def Info: ./images/ex7_circuit.png  used on input line 425.
(pdftex.def)             Requested size: 236.84843pt x 156.55498pt.
<./images/ex7_comparison.png, id=170, 852.786pt x 563.706pt>
File: ./images/ex7_comparison.png Graphic file (type png)
<use ./images/ex7_comparison.png>
Package pdftex.def Info: ./images/ex7_comparison.png  used on input line 432.
(pdftex.def)             Requested size: 236.84843pt x 156.55498pt.


[6 <./images/ex7_calculation.png> <./images/ex7_TINA.png> <./images/ex7_circuit.png>]


Underfull \hbox (badness 10000) in paragraph at lines 471--474
\OT1/cmr/m/n/10.95 the prin-ci-ples of the frequency-dependent
 []


Underfull \hbox (badness 1748) in paragraph at lines 486--488
[]\OT1/cmr/m/n/10.95 The ex-per-i-ment re-sults pro-vided an ef-fec-tive
 []



[7 <./images/ex7_comparison.png>]
<./images/exp12a_setup.JPG, id=196, 329.23pt x 211.79124pt>
File: ./images/exp12a_setup.JPG Graphic file (type jpg)
<use ./images/exp12a_setup.JPG>
Package pdftex.def Info: ./images/exp12a_setup.JPG  used on input line 499.
(pdftex.def)             Requested size: 236.84843pt x 152.36678pt.
<./images/exp12b_setup.JPG, id=197, 302.12875pt x 381.425pt>
File: ./images/exp12b_setup.JPG Graphic file (type jpg)
<use ./images/exp12b_setup.JPG>
Package pdftex.def Info: ./images/exp12b_setup.JPG  used on input line 506.
(pdftex.def)             Requested size: 213.16214pt x 269.10835pt.
<./images/exp12b_setup_cap.JPG, id=198, 302.12875pt x 381.425pt>
File: ./images/exp12b_setup_cap.JPG Graphic file (type jpg)
<use ./images/exp12b_setup_cap.JPG>
Package pdftex.def Info: ./images/exp12b_setup_cap.JPG  used on input line 513.
(pdftex.def)             Requested size: 213.16214pt x 269.10835pt.

Underfull \vbox (badness 2961) has occurred while \output is active []



<./images/ex12a_TINA_fb.png, id=199, 719.0865pt x 479.8728pt>
File: ./images/ex12a_TINA_fb.png Graphic file (type png)
<use ./images/ex12a_TINA_fb.png>
Package pdftex.def Info: ./images/ex12a_TINA_fb.png  used on input line 522.
(pdftex.def)             Requested size: 236.84843pt x 158.05829pt.
<./images/ex12a_circuit_fb.png, id=200, 719.0865pt x 479.8728pt>
File: ./images/ex12a_circuit_fb.png Graphic file (type png)
<use ./images/ex12a_circuit_fb.png>
Package pdftex.def Info: ./images/ex12a_circuit_fb.png  used on input line 529.
(pdftex.def)             Requested size: 236.84843pt x 158.05829pt.

Underfull \vbox (badness 10000) has occurred while \output is active []



[8 <./images/exp12a_setup.JPG> <./images/exp12b_setup.JPG> <./images/exp12b_setup_cap.JPG> <./images/ex12a_TINA_fb.png>]
<./images/ex12a_TINA_rb.png, id=210, 717.6411pt x 479.8728pt>
File: ./images/ex12a_TINA_rb.png Graphic file (type png)
<use ./images/ex12a_TINA_rb.png>
Package pdftex.def Info: ./images/ex12a_TINA_rb.png  used on input line 536.
(pdftex.def)             Requested size: 236.84843pt x 158.37315pt.
<./images/ex12a_TINA_rb_zoom.png, id=211, 720.5319pt x 490.7133pt>
File: ./images/ex12a_TINA_rb_zoom.png Graphic file (type png)
<use ./images/ex12a_TINA_rb_zoom.png>
Package pdftex.def Info: ./images/ex12a_TINA_rb_zoom.png  used on input line 543.
(pdftex.def)             Requested size: 236.84843pt x 161.30692pt.
<./images/ex12b_TINA_nocap.png, id=212, 718.3638pt x 479.8728pt>
File: ./images/ex12b_TINA_nocap.png Graphic file (type png)
<use ./images/ex12b_TINA_nocap.png>
Package pdftex.def Info: ./images/ex12b_TINA_nocap.png  used on input line 550.
(pdftex.def)             Requested size: 236.84843pt x 158.21207pt.

Underfull \vbox (badness 10000) has occurred while \output is active []



<./images/ex12b_circuit_nocap.png, id=213, 711.8595pt x 479.8728pt>
File: ./images/ex12b_circuit_nocap.png Graphic file (type png)
<use ./images/ex12b_circuit_nocap.png>
Package pdftex.def Info: ./images/ex12b_circuit_nocap.png  used on input line 557.
(pdftex.def)             Requested size: 236.84843pt x 159.66187pt.
<./images/ex12b_TINA_cap.png, id=214, 718.3638pt x 479.8728pt>
File: ./images/ex12b_TINA_cap.png Graphic file (type png)
<use ./images/ex12b_TINA_cap.png>
Package pdftex.def Info: ./images/ex12b_TINA_cap.png  used on input line 564.
(pdftex.def)             Requested size: 236.84843pt x 158.21207pt.
<./images/ex12b_circuit_cap.png, id=215, 711.8595pt x 479.8728pt>
File: ./images/ex12b_circuit_cap.png Graphic file (type png)
<use ./images/ex12b_circuit_cap.png>
Package pdftex.def Info: ./images/ex12b_circuit_cap.png  used on input line 571.
(pdftex.def)             Requested size: 236.84843pt x 159.66187pt.

Underfull \vbox (badness 10000) has occurred while \output is active []



[9 <./images/ex12a_circuit_fb.png> <./images/ex12a_TINA_rb.png> <./images/ex12a_TINA_rb_zoom.png> <./images/ex12b_TINA_nocap.png> <./images/ex12b_circuit_nocap.png> <./images/ex12b_TINA_cap.png>]



[10

 <./images/ex12b_circuit_cap.png>] (/Users/JoanaUCD/Library/CloudStorage/OneDrive-UniversityCollegeDublin/Labs/labs-files/tex Files/out/23311051_PHYC30170AUT25_LAB2.bbl)

[11

] (/Users/JoanaUCD/Library/CloudStorage/OneDrive-UniversityCollegeDublin/Labs/labs-files/tex Files/out/23311051_PHYC30170AUT25_LAB2.aux)
 ***********
LaTeX2e <2024-11-01> patch level 2
L3 programming layer <2025-01-18>
 ***********
 ) 
Here is how much of TeX's memory you used:
 14863 strings out of 473530
 238524 string characters out of 5704664
 825276 words of memory out of 5000000
 37797 multiletter control sequences out of 15000+600000
 567543 words of font info for 68 fonts, out of 8000000 for 9000
 1141 hyphenation exceptions out of 8191
 69i,11n,79p,1315b,446s stack positions out of 10000i,1000n,20000p,200000b,200000s
{/Users/JoanaUCD/Library/Application Support/MiKTeX/texmfs/install/fonts/enc/dvips/cm-super/cm-super-ts1.enc}</Users/JoanaUCD/Library/Application Support/MiKTeX/texmfs/install/fonts/type1/public/amsfonts/cm/cmbx10.pfb></Users/JoanaUCD/Library/Application Support/MiKTeX/texmfs/install/fonts/type1/public/amsfonts/cm/cmbx12.pfb></Users/JoanaUCD/Library/Application Support/MiKTeX/texmfs/install/fonts/type1/public/amsfonts/cm/cmmi10.pfb></Users/JoanaUCD/Library/Application Support/MiKTeX/texmfs/install/fonts/type1/public/amsfonts/cm/cmmi6.pfb></Users/JoanaUCD/Library/Application Support/MiKTeX/texmfs/install/fonts/type1/public/amsfonts/cm/cmmi8.pfb></Users/JoanaUCD/Library/Application Support/MiKTeX/texmfs/install/fonts/type1/public/amsfonts/cm/cmr10.pfb></Users/JoanaUCD/Library/Application Support/MiKTeX/texmfs/install/fonts/type1/public/amsfonts/cm/cmr12.pfb></Users/JoanaUCD/Library/Application Support/MiKTeX/texmfs/install/fonts/type1/public/amsfonts/cm/cmr8.pfb></Users/JoanaUCD/Library/Application Support/MiKTeX/texmfs/install/fonts/type1/public/amsfonts/cm/cmsy10.pfb></Users/JoanaUCD/Library/Application Support/MiKTeX/texmfs/install/fonts/type1/public/amsfonts/cm/cmsy8.pfb></Users/JoanaUCD/Library/Application Support/MiKTeX/texmfs/install/fonts/type1/public/amsfonts/cm/cmti10.pfb></Users/JoanaUCD/Library/Application Support/MiKTeX/texmfs/install/fonts/type1/public/amsfonts/symbols/msam10.pfb></Users/JoanaUCD/Library/Application Support/MiKTeX/texmfs/install/fonts/type1/public/cm-super/sfrm1095.pfb>
Output written on "/Users/JoanaUCD/Library/CloudStorage/OneDrive-UniversityCollegeDublin/Labs/labs-files/tex Files/out/23311051_PHYC30170AUT25_LAB2.pdf" (12 pages, 1424509 bytes).
PDF statistics:
 413 PDF objects out of 1000 (max. 8388607)
 75 named destinations out of 1000 (max. 500000)
 362 words of extra memory for PDF output out of 10000 (max. 10000000)

