This is pdfTeX, Version 3.141592653-2.6-1.40.24 (MiKTeX 22.1) (preloaded format=pdflatex 2025.1.21)  7 FEB 2025 23:39
entering extended mode
 restricted \write18 enabled.
 file:line:error style messages enabled.
 %&-line parsing enabled.
**"/Users/JoanaUCD/Library/CloudStorage/OneDrive-UniversityCollegeDublin/Labs/labs-files/tex Files/PHYC20090EXP7LCR.tex"
(/Users/JoanaUCD/Library/CloudStorage/OneDrive-UniversityCollegeDublin/Labs/labs-files/tex Files/PHYC20090EXP7LCR.tex
LaTeX2e <2024-11-01> patch level 1
L3 programming layer <2024-12-25>
(/Users/JoanaUCD/Library/Application Support/MiKTeX/texmfs/install/tex/latex/base/article.cls
Document Class: article 2024/06/29 v1.4n Standard LaTeX document class
(/Users/JoanaUCD/Library/Application Support/MiKTeX/texmfs/install/tex/latex/base/size12.clo
File: size12.clo 2024/06/29 v1.4n Standard LaTeX file (size option)
)
\c@part=\count196
\c@section=\count197
\c@subsection=\count198
\c@subsubsection=\count199
\c@paragraph=\count266
\c@subparagraph=\count267
\c@figure=\count268
\c@table=\count269
\abovecaptionskip=\skip49
\belowcaptionskip=\skip50
\bibindent=\dimen141
) (/Users/JoanaUCD/Library/Application Support/MiKTeX/texmfs/install/tex/latex/geometry/geometry.sty
Package: geometry 2020/01/02 v5.9 Page Geometry
 (/Users/JoanaUCD/Library/Application Support/MiKTeX/texmfs/install/tex/latex/graphics/keyval.sty
Package: keyval 2022/05/29 v1.15 key=value parser (DPC)
\KV@toks@=\toks17
) (/Users/JoanaUCD/Library/Application Support/MiKTeX/texmfs/install/tex/generic/iftex/ifvtex.sty
Package: ifvtex 2019/10/25 v1.7 ifvtex legacy package. Use iftex instead.
 (/Users/JoanaUCD/Library/Application Support/MiKTeX/texmfs/install/tex/generic/iftex/iftex.sty
Package: iftex 2024/12/12 v1.0g TeX engine tests
))
\Gm@cnth=\count270
\Gm@cntv=\count271
\c@Gm@tempcnt=\count272
\Gm@bindingoffset=\dimen142
\Gm@wd@mp=\dimen143
\Gm@odd@mp=\dimen144
\Gm@even@mp=\dimen145
\Gm@layoutwidth=\dimen146
\Gm@layoutheight=\dimen147
\Gm@layouthoffset=\dimen148
\Gm@layoutvoffset=\dimen149
\Gm@dimlist=\toks18
 (/Users/JoanaUCD/Library/Application Support/MiKTeX/texmfs/install/tex/latex/geometry/geometry.cfg)) (/Users/JoanaUCD/Library/Application Support/MiKTeX/texmfs/install/tex/generic/babel/babel.sty
Package: babel 2025/01/01 v25.1 The multilingual framework for pdfLaTeX, LuaLaTeX and XeLaTeX
\babel@savecnt=\count273
\U@D=\dimen150
\l@unhyphenated=\language1
 (/Users/JoanaUCD/Library/Application Support/MiKTeX/texmfs/install/tex/generic/babel/txtbabel.def)
\bbl@readstream=\read2
\bbl@dirlevel=\count274

*************************************
* Local config file bblopts.cfg used
*
(/Users/JoanaUCD/Library/Application Support/MiKTeX/texmfs/install/tex/latex/arabi/bblopts.cfg
File: bblopts.cfg 2005/09/08 v0.1 add Arabic and Farsi to "declared" options of babel
) (/Users/JoanaUCD/Library/Application Support/MiKTeX/texmfs/install/tex/latex/babel-english/english.ldf
Language: english 2017/06/06 v3.3r English support from the babel system
)) (/Users/JoanaUCD/Library/Application Support/MiKTeX/texmfs/install/tex/generic/babel/locale/en/babel-english.tex
Package babel Info: Importing font and identification data for english
(babel)             from babel-en.ini. Reported on input line 11.
) (/Users/JoanaUCD/Library/Application Support/MiKTeX/texmfs/install/tex/latex/blindtext/blindtext.sty
Package: blindtext 2012/01/06 V2.0 blindtext-Package
 (/Users/JoanaUCD/Library/Application Support/MiKTeX/texmfs/install/tex/latex/tools/xspace.sty
Package: xspace 2014/10/28 v1.13 Space after command names (DPC,MH)
)
\c@blindtext=\count275
\c@Blindtext=\count276
\c@blind@countparstart=\count277
\blind@countxx=\count278
\blindtext@numBlindtext=\count279
\blind@countyy=\count280
\c@blindlist=\count281
\c@blindlistlevel=\count282
\c@blindlist@level=\count283
\blind@listitem=\count284
\c@blind@listcount=\count285
\c@blind@levelcount=\count286
\blind@mathformula=\count287
\blind@Mathformula=\count288
\c@blind@randomcount=\count289
\c@blind@randommax=\count290
\c@blind@pangramcount=\count291
\c@blind@pangrammax=\count292
) (/Users/JoanaUCD/Library/Application Support/MiKTeX/texmfs/install/tex/latex/graphics/graphicx.sty
Package: graphicx 2021/09/16 v1.2d Enhanced LaTeX Graphics (DPC,SPQR)
 (/Users/JoanaUCD/Library/Application Support/MiKTeX/texmfs/install/tex/latex/graphics/graphics.sty
Package: graphics 2024/08/06 v1.4g Standard LaTeX Graphics (DPC,SPQR)
 (/Users/JoanaUCD/Library/Application Support/MiKTeX/texmfs/install/tex/latex/graphics/trig.sty
Package: trig 2023/12/02 v1.11 sin cos tan (DPC)
) (/Users/JoanaUCD/Library/Application Support/MiKTeX/texmfs/install/tex/latex/graphics-cfg/graphics.cfg
File: graphics.cfg 2016/06/04 v1.11 sample graphics configuration
)
Package graphics Info: Driver file: pdftex.def on input line 106.
 (/Users/JoanaUCD/Library/Application Support/MiKTeX/texmfs/install/tex/latex/graphics-def/pdftex.def
File: pdftex.def 2024/04/13 v1.2c Graphics/color driver for pdftex
))
\Gin@req@height=\dimen151
\Gin@req@width=\dimen152
) (/Users/JoanaUCD/Library/Application Support/MiKTeX/texmfs/install/tex/latex/tools/array.sty
Package: array 2024/10/17 v2.6g Tabular extension package (FMi)
\col@sep=\dimen153
\ar@mcellbox=\box52
\extrarowheight=\dimen154
\NC@list=\toks19
\extratabsurround=\skip51
\backup@length=\skip52
\ar@cellbox=\box53
) (/Users/JoanaUCD/Library/Application Support/MiKTeX/texmfs/install/tex/latex/amsmath/amsmath.sty
Package: amsmath 2024/11/05 v2.17t AMS math features
\@mathmargin=\skip53

For additional information on amsmath, use the `?' option.
(/Users/JoanaUCD/Library/Application Support/MiKTeX/texmfs/install/tex/latex/amsmath/amstext.sty
Package: amstext 2021/08/26 v2.01 AMS text
 (/Users/JoanaUCD/Library/Application Support/MiKTeX/texmfs/install/tex/latex/amsmath/amsgen.sty
File: amsgen.sty 1999/11/30 v2.0 generic functions
\@emptytoks=\toks20
\ex@=\dimen155
)) (/Users/JoanaUCD/Library/Application Support/MiKTeX/texmfs/install/tex/latex/amsmath/amsbsy.sty
Package: amsbsy 1999/11/29 v1.2d Bold Symbols
\pmbraise@=\dimen156
) (/Users/JoanaUCD/Library/Application Support/MiKTeX/texmfs/install/tex/latex/amsmath/amsopn.sty
Package: amsopn 2022/04/08 v2.04 operator names
)
\inf@bad=\count293
LaTeX Info: Redefining \frac on input line 233.
\uproot@=\count294
\leftroot@=\count295
LaTeX Info: Redefining \overline on input line 398.
LaTeX Info: Redefining \colon on input line 409.
\classnum@=\count296
\DOTSCASE@=\count297
LaTeX Info: Redefining \ldots on input line 495.
LaTeX Info: Redefining \dots on input line 498.
LaTeX Info: Redefining \cdots on input line 619.
\Mathstrutbox@=\box54
\strutbox@=\box55
LaTeX Info: Redefining \big on input line 721.
LaTeX Info: Redefining \Big on input line 722.
LaTeX Info: Redefining \bigg on input line 723.
LaTeX Info: Redefining \Bigg on input line 724.
\big@size=\dimen157
LaTeX Font Info:    Redeclaring font encoding OML on input line 742.
LaTeX Font Info:    Redeclaring font encoding OMS on input line 743.
\macc@depth=\count298
LaTeX Info: Redefining \bmod on input line 904.
LaTeX Info: Redefining \pmod on input line 909.
LaTeX Info: Redefining \smash on input line 939.
LaTeX Info: Redefining \relbar on input line 969.
LaTeX Info: Redefining \Relbar on input line 970.
\c@MaxMatrixCols=\count299
\dotsspace@=\muskip17
\c@parentequation=\count300
\dspbrk@lvl=\count301
\tag@help=\toks21
\row@=\count302
\column@=\count303
\maxfields@=\count304
\andhelp@=\toks22
\eqnshift@=\dimen158
\alignsep@=\dimen159
\tagshift@=\dimen160
\tagwidth@=\dimen161
\totwidth@=\dimen162
\lineht@=\dimen163
\@envbody=\toks23
\multlinegap=\skip54
\multlinetaggap=\skip55
\mathdisplay@stack=\toks24
LaTeX Info: Redefining \[ on input line 2953.
LaTeX Info: Redefining \] on input line 2954.
) (/Users/JoanaUCD/Library/Application Support/MiKTeX/texmfs/install/tex/latex/float/float.sty
Package: float 2001/11/08 v1.3d Float enhancements (AL)
\c@float@type=\count305
\float@exts=\toks25
\float@box=\box56
\@float@everytoks=\toks26
\@floatcapt=\box57
) (/Users/JoanaUCD/Library/Application Support/MiKTeX/texmfs/install/tex/latex/parskip/parskip.sty
Package: parskip 2021-03-14 v2.0h non-zero parskip adjustments
 (/Users/JoanaUCD/Library/Application Support/MiKTeX/texmfs/install/tex/latex/kvoptions/kvoptions.sty
Package: kvoptions 2022-06-15 v3.15 Key value format for package options (HO)
 (/Users/JoanaUCD/Library/Application Support/MiKTeX/texmfs/install/tex/generic/ltxcmds/ltxcmds.sty
Package: ltxcmds 2023-12-04 v1.26 LaTeX kernel commands for general use (HO)
) (/Users/JoanaUCD/Library/Application Support/MiKTeX/texmfs/install/tex/latex/kvsetkeys/kvsetkeys.sty
Package: kvsetkeys 2022-10-05 v1.19 Key value parser (HO)
)) (/Users/JoanaUCD/Library/Application Support/MiKTeX/texmfs/install/tex/latex/etoolbox/etoolbox.sty
Package: etoolbox 2020/10/05 v2.5k e-TeX tools for LaTeX (JAW)
\etb@tempcnta=\count306
)) (/Users/JoanaUCD/Library/Application Support/MiKTeX/texmfs/install/tex/latex/setspace/setspace.sty
Package: setspace 2022/12/04 v6.7b set line spacing
) (/Users/JoanaUCD/Library/Application Support/MiKTeX/texmfs/install/tex/latex/pdfpages/pdfpages.sty
Package: pdfpages 2024/10/28 v0.6c Insert pages of external PDF documents (AM)
 (/Users/JoanaUCD/Library/Application Support/MiKTeX/texmfs/install/tex/latex/base/ifthen.sty
Package: ifthen 2024/03/16 v1.1e Standard LaTeX ifthen package (DPC)
) (/Users/JoanaUCD/Library/Application Support/MiKTeX/texmfs/install/tex/latex/tools/calc.sty
Package: calc 2023/07/08 v4.3 Infix arithmetic (KKT,FJ)
\calc@Acount=\count307
\calc@Bcount=\count308
\calc@Adimen=\dimen164
\calc@Bdimen=\dimen165
\calc@Askip=\skip56
\calc@Bskip=\skip57
LaTeX Info: Redefining \setlength on input line 80.
LaTeX Info: Redefining \addtolength on input line 81.
\calc@Ccount=\count309
\calc@Cskip=\skip58
) (/Users/JoanaUCD/Library/Application Support/MiKTeX/texmfs/install/tex/latex/eso-pic/eso-pic.sty
Package: eso-pic 2023/05/03 v3.0c eso-pic (RN)
\ESO@tempdima=\dimen166
\ESO@tempdimb=\dimen167
 (/Users/JoanaUCD/Library/Application Support/MiKTeX/texmfs/install/tex/latex/xcolor/xcolor.sty
Package: xcolor 2024/09/29 v3.02 LaTeX color extensions (UK)
 (/Users/JoanaUCD/Library/Application Support/MiKTeX/texmfs/install/tex/latex/graphics-cfg/color.cfg
File: color.cfg 2016/01/02 v1.6 sample color configuration
)
Package xcolor Info: Driver file: pdftex.def on input line 274.
 (/Users/JoanaUCD/Library/Application Support/MiKTeX/texmfs/install/tex/latex/graphics/mathcolor.ltx)
Package xcolor Info: Model `cmy' substituted by `cmy0' on input line 1349.
Package xcolor Info: Model `hsb' substituted by `rgb' on input line 1353.
Package xcolor Info: Model `RGB' extended on input line 1365.
Package xcolor Info: Model `HTML' substituted by `rgb' on input line 1367.
Package xcolor Info: Model `Hsb' substituted by `hsb' on input line 1368.
Package xcolor Info: Model `tHsb' substituted by `hsb' on input line 1369.
Package xcolor Info: Model `HSB' substituted by `hsb' on input line 1370.
Package xcolor Info: Model `Gray' substituted by `gray' on input line 1371.
Package xcolor Info: Model `wave' substituted by `hsb' on input line 1372.
))
\AM@pagewidth=\dimen168
\AM@pageheight=\dimen169
\AM@fboxrule=\dimen170
 (/Users/JoanaUCD/Library/Application Support/MiKTeX/texmfs/install/tex/latex/pdfpages/pppdftex.def
File: pppdftex.def 2024/10/28 v0.6c Pdfpages driver for pdfTeX (AM)
)
\pdfpages@includegraphics@status=\count310
\AM@pagebox=\box58
\AM@global@opts=\toks27
\AM@pagecnt=\count311
\AM@toc@title=\toks28
\AM@lof@heading=\toks29
\c@AM@survey=\count312
\AM@templatesizebox=\box59
) (/Users/JoanaUCD/Library/Application Support/MiKTeX/texmfs/install/tex/latex/abstract/abstract.sty
Package: abstract 2009/06/08 v1.2a configurable abstracts
\abstitleskip=\skip59
\absleftindent=\skip60
\absrightindent=\skip61
\absparindent=\skip62
\absparsep=\skip63
) (/Users/JoanaUCD/Library/Application Support/MiKTeX/texmfs/install/tex/latex/adjustbox/adjustbox.sty
Package: adjustbox 2022/10/17 v1.3a Adjusting TeX boxes (trim, clip, ...)
 (/Users/JoanaUCD/Library/Application Support/MiKTeX/texmfs/install/tex/latex/xkeyval/xkeyval.sty
Package: xkeyval 2022/06/16 v2.9 package option processing (HA)
 (/Users/JoanaUCD/Library/Application Support/MiKTeX/texmfs/install/tex/generic/xkeyval/xkeyval.tex (/Users/JoanaUCD/Library/Application Support/MiKTeX/texmfs/install/tex/generic/xkeyval/xkvutils.tex
\XKV@toks=\toks30
\XKV@tempa@toks=\toks31
)
\XKV@depth=\count313
File: xkeyval.tex 2014/12/03 v2.7a key=value parser (HA)
)) (/Users/JoanaUCD/Library/Application Support/MiKTeX/texmfs/install/tex/latex/adjustbox/adjcalc.sty
Package: adjcalc 2012/05/16 v1.1 Provides advanced setlength with multiple back-ends (calc, etex, pgfmath)
) (/Users/JoanaUCD/Library/Application Support/MiKTeX/texmfs/install/tex/latex/adjustbox/trimclip.sty
Package: trimclip 2020/08/19 v1.2 Trim and clip general TeX material
 (/Users/JoanaUCD/Library/Application Support/MiKTeX/texmfs/install/tex/latex/collectbox/collectbox.sty
Package: collectbox 2022/10/17 v0.4c Collect macro arguments as boxes
\collectedbox=\box60
)
\tc@llx=\dimen171
\tc@lly=\dimen172
\tc@urx=\dimen173
\tc@ury=\dimen174
Package trimclip Info: Using driver 'tc-pdftex.def'.
 (/Users/JoanaUCD/Library/Application Support/MiKTeX/texmfs/install/tex/latex/adjustbox/tc-pdftex.def
File: tc-pdftex.def 2019/01/04 v2.2 Clipping driver for pdftex
))
\adjbox@Width=\dimen175
\adjbox@Height=\dimen176
\adjbox@Depth=\dimen177
\adjbox@Totalheight=\dimen178
\adjbox@pwidth=\dimen179
\adjbox@pheight=\dimen180
\adjbox@pdepth=\dimen181
\adjbox@ptotalheight=\dimen182
 (/Users/JoanaUCD/Library/Application Support/MiKTeX/texmfs/install/tex/latex/ifoddpage/ifoddpage.sty
Package: ifoddpage 2022/10/18 v1.2 Conditionals for odd/even page detection
\c@checkoddpage=\count314
) (/Users/JoanaUCD/Library/Application Support/MiKTeX/texmfs/install/tex/latex/varwidth/varwidth.sty
Package: varwidth 2009/03/30 ver 0.92;  Variable-width minipages
\@vwid@box=\box61
\sift@deathcycles=\count315
\@vwid@loff=\dimen183
\@vwid@roff=\dimen184
)) (/Users/JoanaUCD/Library/Application Support/MiKTeX/texmfs/install/tex/latex/emptypage/emptypage.sty
Package: emptypage 2010/05/30 v1.2 Suppress page numbers and headings on empty pages
) (/Users/JoanaUCD/Library/Application Support/MiKTeX/texmfs/install/tex/latex/tocloft/tocloft.sty
Package: tocloft 2017/08/31 v2.3i parameterised ToC, etc., typesetting
Package tocloft Info: The document has section divisions on input line 51.
\cftparskip=\skip64
\cftbeforetoctitleskip=\skip65
\cftaftertoctitleskip=\skip66
\cftbeforepartskip=\skip67
\cftpartnumwidth=\skip68
\cftpartindent=\skip69
\cftbeforesecskip=\skip70
\cftsecindent=\skip71
\cftsecnumwidth=\skip72
\cftbeforesubsecskip=\skip73
\cftsubsecindent=\skip74
\cftsubsecnumwidth=\skip75
\cftbeforesubsubsecskip=\skip76
\cftsubsubsecindent=\skip77
\cftsubsubsecnumwidth=\skip78
\cftbeforeparaskip=\skip79
\cftparaindent=\skip80
\cftparanumwidth=\skip81
\cftbeforesubparaskip=\skip82
\cftsubparaindent=\skip83
\cftsubparanumwidth=\skip84
\cftbeforeloftitleskip=\skip85
\cftafterloftitleskip=\skip86
\cftbeforefigskip=\skip87
\cftfigindent=\skip88
\cftfignumwidth=\skip89
\c@lofdepth=\count316
\c@lotdepth=\count317
\cftbeforelottitleskip=\skip90
\cftafterlottitleskip=\skip91
\cftbeforetabskip=\skip92
\cfttabindent=\skip93
\cfttabnumwidth=\skip94


Package tocloft Warning: \@starttoc has already been redefined; tocloft bailing out. on input line 1156.

) (/Users/JoanaUCD/Library/Application Support/MiKTeX/texmfs/install/tex/latex/tocbibind/tocbibind.sty
Package: tocbibind 2010/10/13 v1.5k extra ToC listings
Package tocbibind Info: The document has section divisions on input line 50.


Package tocbibind Note: Using section or other style headings.

) (/Users/JoanaUCD/Library/Application Support/MiKTeX/texmfs/install/tex/latex/hyperref/hyperref.sty
Package: hyperref 2024-11-05 v7.01l Hypertext links for LaTeX
 (/Users/JoanaUCD/Library/Application Support/MiKTeX/texmfs/install/tex/generic/kvdefinekeys/kvdefinekeys.sty
Package: kvdefinekeys 2019-12-19 v1.6 Define keys (HO)
) (/Users/JoanaUCD/Library/Application Support/MiKTeX/texmfs/install/tex/generic/pdfescape/pdfescape.sty
Package: pdfescape 2019/12/09 v1.15 Implements pdfTeX's escape features (HO)
 (/Users/JoanaUCD/Library/Application Support/MiKTeX/texmfs/install/tex/generic/pdftexcmds/pdftexcmds.sty
Package: pdftexcmds 2020-06-27 v0.33 Utility functions of pdfTeX for LuaTeX (HO)
 (/Users/JoanaUCD/Library/Application Support/MiKTeX/texmfs/install/tex/generic/infwarerr/infwarerr.sty
Package: infwarerr 2019/12/03 v1.5 Providing info/warning/error messages (HO)
)
Package pdftexcmds Info: \pdf@primitive is available.
Package pdftexcmds Info: \pdf@ifprimitive is available.
Package pdftexcmds Info: \pdfdraftmode found.
)) (/Users/JoanaUCD/Library/Application Support/MiKTeX/texmfs/install/tex/latex/hycolor/hycolor.sty
Package: hycolor 2020-01-27 v1.10 Color options for hyperref/bookmark (HO)
) (/Users/JoanaUCD/Library/Application Support/MiKTeX/texmfs/install/tex/latex/hyperref/nameref.sty
Package: nameref 2023-11-26 v2.56 Cross-referencing by name of section
 (/Users/JoanaUCD/Library/Application Support/MiKTeX/texmfs/install/tex/latex/refcount/refcount.sty
Package: refcount 2019/12/15 v3.6 Data extraction from label references (HO)
) (/Users/JoanaUCD/Library/Application Support/MiKTeX/texmfs/install/tex/generic/gettitlestring/gettitlestring.sty
Package: gettitlestring 2019/12/15 v1.6 Cleanup title references (HO)
)
\c@section@level=\count318
) (/Users/JoanaUCD/Library/Application Support/MiKTeX/texmfs/install/tex/generic/stringenc/stringenc.sty
Package: stringenc 2019/11/29 v1.12 Convert strings between diff. encodings (HO)
)
\@linkdim=\dimen185
\Hy@linkcounter=\count319
\Hy@pagecounter=\count320
 (/Users/JoanaUCD/Library/Application Support/MiKTeX/texmfs/install/tex/latex/hyperref/pd1enc.def
File: pd1enc.def 2024-11-05 v7.01l Hyperref: PDFDocEncoding definition (HO)
Now handling font encoding PD1 ...
... no UTF-8 mapping file for font encoding PD1
) (/Users/JoanaUCD/Library/Application Support/MiKTeX/texmfs/install/tex/generic/intcalc/intcalc.sty
Package: intcalc 2019/12/15 v1.3 Expandable calculations with integers (HO)
)
\Hy@SavedSpaceFactor=\count321
 (/Users/JoanaUCD/Library/Application Support/MiKTeX/texmfs/install/tex/latex/hyperref/puenc.def
File: puenc.def 2024-11-05 v7.01l Hyperref: PDF Unicode definition (HO)
Now handling font encoding PU ...
... no UTF-8 mapping file for font encoding PU
)
Package hyperref Info: Hyper figures OFF on input line 4157.
Package hyperref Info: Link nesting OFF on input line 4162.
Package hyperref Info: Hyper index ON on input line 4165.
Package hyperref Info: Plain pages OFF on input line 4172.
Package hyperref Info: Backreferencing OFF on input line 4177.
Package hyperref Info: Implicit mode ON; LaTeX internals redefined.
Package hyperref Info: Bookmarks ON on input line 4424.
\c@Hy@tempcnt=\count322
 (/Users/JoanaUCD/Library/Application Support/MiKTeX/texmfs/install/tex/latex/url/url.sty
\Urlmuskip=\muskip18
Package: url 2013/09/16  ver 3.4  Verb mode for urls, etc.
)
LaTeX Info: Redefining \url on input line 4763.
\XeTeXLinkMargin=\dimen186
 (/Users/JoanaUCD/Library/Application Support/MiKTeX/texmfs/install/tex/generic/bitset/bitset.sty
Package: bitset 2019/12/09 v1.3 Handle bit-vector datatype (HO)
 (/Users/JoanaUCD/Library/Application Support/MiKTeX/texmfs/install/tex/generic/bigintcalc/bigintcalc.sty
Package: bigintcalc 2019/12/15 v1.5 Expandable calculations on big integers (HO)
))
\Fld@menulength=\count323
\Field@Width=\dimen187
\Fld@charsize=\dimen188
Package hyperref Info: Hyper figures OFF on input line 6042.
Package hyperref Info: Link nesting OFF on input line 6047.
Package hyperref Info: Hyper index ON on input line 6050.
Package hyperref Info: backreferencing OFF on input line 6057.
Package hyperref Info: Link coloring OFF on input line 6062.
Package hyperref Info: Link coloring with OCG OFF on input line 6067.
Package hyperref Info: PDF/A mode OFF on input line 6072.
 (/Users/JoanaUCD/Library/Application Support/MiKTeX/texmfs/install/tex/latex/base/atbegshi-ltx.sty
Package: atbegshi-ltx 2021/01/10 v1.0c Emulation of the original atbegshi
package with kernel methods
)
\Hy@abspage=\count324
\c@Item=\count325
\c@Hfootnote=\count326
)
Package hyperref Info: Driver (autodetected): hpdftex.
 (/Users/JoanaUCD/Library/Application Support/MiKTeX/texmfs/install/tex/latex/hyperref/hpdftex.def
File: hpdftex.def 2024-11-05 v7.01l Hyperref driver for pdfTeX
 (/Users/JoanaUCD/Library/Application Support/MiKTeX/texmfs/install/tex/latex/base/atveryend-ltx.sty
Package: atveryend-ltx 2020/08/19 v1.0a Emulation of the original atveryend package
with kernel methods
)
\Fld@listcount=\count327
\c@bookmark@seq@number=\count328
 (/Users/JoanaUCD/Library/Application Support/MiKTeX/texmfs/install/tex/latex/rerunfilecheck/rerunfilecheck.sty
Package: rerunfilecheck 2022-07-10 v1.10 Rerun checks for auxiliary files (HO)
 (/Users/JoanaUCD/Library/Application Support/MiKTeX/texmfs/install/tex/generic/uniquecounter/uniquecounter.sty
Package: uniquecounter 2019/12/15 v1.4 Provide unlimited unique counter (HO)
)
Package uniquecounter Info: New unique counter `rerunfilecheck' on input line 285.
)
\Hy@SectionHShift=\skip95
) (/Users/JoanaUCD/Library/Application Support/MiKTeX/texmfs/install/tex/latex/caption/subcaption.sty
Package: subcaption 2023/07/28 v1.6b Sub-captions (AR)
 (/Users/JoanaUCD/Library/Application Support/MiKTeX/texmfs/install/tex/latex/caption/caption.sty
Package: caption 2023/08/05 v3.6o Customizing captions (AR)
 (/Users/JoanaUCD/Library/Application Support/MiKTeX/texmfs/install/tex/latex/caption/caption3.sty
Package: caption3 2023/07/31 v2.4d caption3 kernel (AR)
\caption@tempdima=\dimen189
\captionmargin=\dimen190
\caption@leftmargin=\dimen191
\caption@rightmargin=\dimen192
\caption@width=\dimen193
\caption@indent=\dimen194
\caption@parindent=\dimen195
\caption@hangindent=\dimen196
Package caption Info: Standard document class detected.
)
\c@caption@flags=\count329
\c@continuedfloat=\count330
Package caption Info: float package is loaded.
Package caption Info: hyperref package is loaded.
)
Package caption Info: New subtype `subfigure' on input line 238.
\c@subfigure=\count331
Package caption Info: New subtype `subtable' on input line 238.
\c@subtable=\count332
) (/Users/JoanaUCD/Library/Application Support/MiKTeX/texmfs/install/tex/latex/lipsum/lipsum.sty (/Users/JoanaUCD/Library/Application Support/MiKTeX/texmfs/install/tex/latex/l3packages/l3keys2e/l3keys2e.sty (/Users/JoanaUCD/Library/Application Support/MiKTeX/texmfs/install/tex/latex/l3kernel/expl3.sty
Package: expl3 2024-12-25 L3 programming layer (loader) 
 (/Users/JoanaUCD/Library/Application Support/MiKTeX/texmfs/install/tex/latex/l3backend/l3backend-pdftex.def
File: l3backend-pdftex.def 2024-05-08 L3 backend support: PDF output (pdfTeX)
\l__color_backend_stack_int=\count333
\l__pdf_internal_box=\box62
))
Package: l3keys2e 2024-08-16 LaTeX2e option processing using LaTeX3 keys
)
Package: lipsum 2021-09-20 v2.7 150 paragraphs of Lorem Ipsum dummy text
\g__lipsum_par_int=\count334
\l__lipsum_a_int=\count335
\l__lipsum_b_int=\count336
 (/Users/JoanaUCD/Library/Application Support/MiKTeX/texmfs/install/tex/latex/lipsum/lipsum.ltd.tex))
Package hyperref Info: Option `colorlinks' set `true' on input line 41.
 (/Users/JoanaUCD/Library/CloudStorage/OneDrive-UniversityCollegeDublin/Labs/labs-files/tex Files/out/PHYC20090EXP7LCR.aux)
\openout1 = `PHYC20090EXP7LCR.aux'.

LaTeX Font Info:    Checking defaults for OML/cmm/m/it on input line 52.
LaTeX Font Info:    ... okay on input line 52.
LaTeX Font Info:    Checking defaults for OMS/cmsy/m/n on input line 52.
LaTeX Font Info:    ... okay on input line 52.
LaTeX Font Info:    Checking defaults for OT1/cmr/m/n on input line 52.
LaTeX Font Info:    ... okay on input line 52.
LaTeX Font Info:    Checking defaults for T1/cmr/m/n on input line 52.
LaTeX Font Info:    ... okay on input line 52.
LaTeX Font Info:    Checking defaults for TS1/cmr/m/n on input line 52.
LaTeX Font Info:    ... okay on input line 52.
LaTeX Font Info:    Checking defaults for OMX/cmex/m/n on input line 52.
LaTeX Font Info:    ... okay on input line 52.
LaTeX Font Info:    Checking defaults for U/cmr/m/n on input line 52.
LaTeX Font Info:    ... okay on input line 52.
LaTeX Font Info:    Checking defaults for PD1/pdf/m/n on input line 52.
LaTeX Font Info:    ... okay on input line 52.
LaTeX Font Info:    Checking defaults for PU/pdf/m/n on input line 52.
LaTeX Font Info:    ... okay on input line 52.

*geometry* driver: auto-detecting
*geometry* detected driver: pdftex
*geometry* verbose mode - [ preamble ] result:
* driver: pdftex
* paper: a4paper
* layout: <same size as paper>
* layoutoffset:(h,v)=(0.0pt,0.0pt)
* modes: 
* h-part:(L,W,R)=(56.9055pt, 483.69687pt, 56.9055pt)
* v-part:(T,H,B)=(56.9055pt, 731.23584pt, 56.9055pt)
* \paperwidth=597.50787pt
* \paperheight=845.04684pt
* \textwidth=483.69687pt
* \textheight=731.23584pt
* \oddsidemargin=-15.36449pt
* \evensidemargin=-15.36449pt
* \topmargin=-52.36449pt
* \headheight=12.0pt
* \headsep=25.0pt
* \topskip=12.0pt
* \footskip=30.0pt
* \marginparwidth=44.0pt
* \marginparsep=10.0pt
* \columnsep=10.0pt
* \skip\footins=10.8pt plus 4.0pt minus 2.0pt
* \hoffset=0.0pt
* \voffset=0.0pt
* \mag=1000
* \@twocolumnfalse
* \@twosidefalse
* \@mparswitchfalse
* \@reversemarginfalse
* (1in=72.27pt=25.4mm, 1cm=28.453pt)

(/Users/JoanaUCD/Library/Application Support/MiKTeX/texmfs/install/tex/context/base/mkii/supp-pdf.mkii
[Loading MPS to PDF converter (version 2006.09.02).]
\scratchcounter=\count337
\scratchdimen=\dimen197
\scratchbox=\box63
\nofMPsegments=\count338
\nofMParguments=\count339
\everyMPshowfont=\toks32
\MPscratchCnt=\count340
\MPscratchDim=\dimen198
\MPnumerator=\count341
\makeMPintoPDFobject=\count342
\everyMPtoPDFconversion=\toks33
) (/Users/JoanaUCD/Library/Application Support/MiKTeX/texmfs/install/tex/latex/epstopdf-pkg/epstopdf-base.sty
Package: epstopdf-base 2020-01-24 v2.11 Base part for package epstopdf
Package epstopdf-base Info: Redefining graphics rule for `.eps' on input line 485.
 (/Users/JoanaUCD/Library/Application Support/MiKTeX/texmfs/install/tex/latex/00miktex/epstopdf-sys.cfg
File: epstopdf-sys.cfg 2021/03/18 v2.0 Configuration of epstopdf for MiKTeX
)) (/Users/JoanaUCD/Library/Application Support/MiKTeX/texmfs/install/tex/latex/pdflscape/pdflscape.sty
Package: pdflscape 2022-10-27 v0.13 Display of landscape pages in PDF
 (/Users/JoanaUCD/Library/Application Support/MiKTeX/texmfs/install/tex/latex/pdflscape/pdflscape-nometadata.sty
Package: pdflscape-nometadata 2022-10-28 v0.13 Display of landscape pages in PDF (HO)
 (/Users/JoanaUCD/Library/Application Support/MiKTeX/texmfs/install/tex/latex/graphics/lscape.sty
Package: lscape 2020/05/28 v3.02 Landscape Pages (DPC)
)
Package pdflscape Info: Auto-detected driver: pdftex on input line 81.
))
Package hyperref Info: Link coloring ON on input line 52.
 (/Users/JoanaUCD/Library/CloudStorage/OneDrive-UniversityCollegeDublin/Labs/labs-files/tex Files/out/PHYC20090EXP7LCR.out) (/Users/JoanaUCD/Library/CloudStorage/OneDrive-UniversityCollegeDublin/Labs/labs-files/tex Files/out/PHYC20090EXP7LCR.out)
\@outlinefile=\write3
\openout3 = `PHYC20090EXP7LCR.out'.

Package caption Info: Begin \AtBeginDocument code.
Package caption Info: End \AtBeginDocument code.
<./images/UCDLogo.png, id=115, 1638.12pt x 574.145pt>
File: ./images/UCDLogo.png Graphic file (type png)
<use ./images/UCDLogo.png>
Package pdftex.def Info: ./images/UCDLogo.png  used on input line 58.
(pdftex.def)             Requested size: 483.69687pt x 169.52899pt.
<./images/UCDBanner.png, id=117, 1019.81pt x 147.55125pt>
File: ./images/UCDBanner.png Graphic file (type png)
<use ./images/UCDBanner.png>
Package pdftex.def Info: ./images/UCDBanner.png  used on input line 62.
(pdftex.def)             Requested size: 597.50787pt x 86.45332pt.


[1

{/Users/JoanaUCD/Library/Application Support/MiKTeX/texmfs/data/fonts/map/pdftex/pdftex.map} <./images/UCDLogo.png> <./images/UCDBanner.png>] (/Users/JoanaUCD/Library/CloudStorage/OneDrive-UniversityCollegeDublin/Labs/labs-files/tex Files/out/PHYC20090EXP7LCR.toc)
\tf@toc=\write4
\openout4 = `PHYC20090EXP7LCR.toc'.




pdfTeX warning (ext4): destination with the same identifier (name{page.1}) has been already used, duplicate ignored
<to be read again> 
                   \relax 
l.90 \newpage
              [1

]
<./images/solenoid.jpg, id=172, 1606.0pt x 903.375pt>
File: ./images/solenoid.jpg Graphic file (type jpg)
<use ./images/solenoid.jpg>
Package pdftex.def Info: ./images/solenoid.jpg  used on input line 138.
(pdftex.def)             Requested size: 355.65944pt x 200.05263pt.


[2]
<./images/parallel plate capacitor.jpg, id=202, 169.5936pt x 268.8444pt>
File: ./images/parallel plate capacitor.jpg Graphic file (type jpg)
<use ./images/parallel plate capacitor.jpg>
Package pdftex.def Info: ./images/parallel plate capacitor.jpg  used on input line 167.
(pdftex.def)             Requested size: 128.0374pt x 202.98244pt.


[3 <./images/solenoid.jpg> <./images/parallel plate capacitor.jpg>]
<./images/resistorr.jpg, id=229, 568.1225pt x 836.12375pt>
File: ./images/resistorr.jpg Graphic file (type jpg)
<use ./images/resistorr.jpg>
Package pdftex.def Info: ./images/resistorr.jpg  used on input line 196.
(pdftex.def)             Requested size: 213.39566pt x 314.05595pt.


[4 <./images/resistorr.jpg>]
<./images/em wave relation.png, id=260, 570.13pt x 356.33125pt>
File: ./images/em wave relation.png Graphic file (type png)
<use ./images/em wave relation.png>
Package pdftex.def Info: ./images/em wave relation.png  used on input line 236.
(pdftex.def)             Requested size: 426.79134pt x 266.74211pt.
<./images/oscillo.jpg, id=265, 570.933pt x 428.3202pt>
File: ./images/oscillo.jpg Graphic file (type jpg)
<use ./images/oscillo.jpg>
Package pdftex.def Info: ./images/oscillo.jpg  used on input line 249.
(pdftex.def)             Requested size: 284.52756pt x 213.46025pt.


[5 <./images/em wave relation.png>]
<./images/time and freq domains.png, id=295, 732.7375pt x 259.97125pt>
File: ./images/time and freq domains.png Graphic file (type png)
<use ./images/time and freq domains.png>
Package pdftex.def Info: ./images/time and freq domains.png  used on input line 291.
(pdftex.def)             Requested size: 483.69687pt x 171.61328pt.


[6 <./images/oscillo.jpg>]

[7 <./images/time and freq domains.png>]
<./images/BODE plot.png, id=341, 844.15375pt x 411.5375pt>
File: ./images/BODE plot.png Graphic file (type png)
<use ./images/BODE plot.png>
Package pdftex.def Info: ./images/BODE plot.png  used on input line 353.
(pdftex.def)             Requested size: 426.79134pt x 208.07283pt.


[8 <./images/BODE plot.png>]
<./images/bode theory.png, id=360, 758.835pt x 344.28625pt>
File: ./images/bode theory.png Graphic file (type png)
<use ./images/bode theory.png>
Package pdftex.def Info: ./images/bode theory.png  used on input line 393.
(pdftex.def)             Requested size: 426.79134pt x 193.63951pt.


[9 <./images/bode theory.png>]
<./images/own exp equip.jpeg, id=382, 971.3088pt x 728.4816pt>
File: ./images/own exp equip.jpeg Graphic file (type jpg)
<use ./images/own exp equip.jpeg>
Package pdftex.def Info: ./images/own exp equip.jpeg  used on input line 434.
(pdftex.def)             Requested size: 426.79134pt x 320.09938pt.
<./images/own theo exp.jpeg, id=386, 971.3088pt x 728.4816pt>
File: ./images/own theo exp.jpeg Graphic file (type jpg)
<use ./images/own theo exp.jpeg>
Package pdftex.def Info: ./images/own theo exp.jpeg  used on input line 453.
(pdftex.def)             Requested size: 398.33858pt x 298.7572pt.


[10 <./images/own exp equip.jpeg>]

[11 <./images/own theo exp.jpeg>]
<./images/graph LCR goof.png, id=401, 503.8825pt x 353.32pt>
File: ./images/graph LCR goof.png Graphic file (type png)
<use ./images/graph LCR goof.png>
Package pdftex.def Info: ./images/graph LCR goof.png  used on input line 487.
(pdftex.def)             Requested size: 426.79134pt x 299.26674pt.


[12 <./images/graph LCR goof.png>]

[13]
<./images/plotlmhfreq.png, id=443, 619.3539pt x 342.5598pt>
File: ./images/plotlmhfreq.png Graphic file (type png)
<use ./images/plotlmhfreq.png>
Package pdftex.def Info: ./images/plotlmhfreq.png  used on input line 601.
(pdftex.def)             Requested size: 483.69687pt x 267.53008pt.
<./images/plotanglefrew.png, id=446, 615.7404pt x 343.2825pt>
File: ./images/plotanglefrew.png Graphic file (type png)
<use ./images/plotanglefrew.png>
Package pdftex.def Info: ./images/plotanglefrew.png  used on input line 610.
(pdftex.def)             Requested size: 483.69687pt x 269.67116pt.


[14 <./images/plotlmhfreq.png>]
<./images/angfreqI.png, id=459, 638.8668pt x 340.3917pt>
File: ./images/angfreqI.png Graphic file (type png)
<use ./images/angfreqI.png>
Package pdftex.def Info: ./images/angfreqI.png  used on input line 653.
(pdftex.def)             Requested size: 483.69687pt x 257.7239pt.


[15 <./images/plotanglefrew.png>]

[16 <./images/angfreqI.png>]

[17] (/Users/JoanaUCD/Library/CloudStorage/OneDrive-UniversityCollegeDublin/Labs/labs-files/tex Files/out/PHYC20090EXP7LCR.bbl
Underfull \hbox (badness 10000) in paragraph at lines 72--76
\OT1/cmr/m/n/12 University[]Physics[](OpenStax ) /University[]Physics[]II[]-[][]Thermodynamics[]Electricity[]
 []



[18])

[19]
<./images/plot R5.png, id=546, 583.42969pt x 260.47313pt>
File: ./images/plot R5.png Graphic file (type png)
<use ./images/plot R5.png>
Package pdftex.def Info: ./images/plot R5.png  used on input line 738.
(pdftex.def)             Requested size: 195.89456pt x 87.45477pt.
<./images/plot R20.png, id=547, 583.42969pt x 260.47313pt>
File: ./images/plot R20.png Graphic file (type png)
<use ./images/plot R20.png>
Package pdftex.def Info: ./images/plot R20.png  used on input line 743.
(pdftex.def)             Requested size: 195.89456pt x 87.45477pt.
<./images/plot R40.png, id=548, 583.42969pt x 260.47313pt>
File: ./images/plot R40.png Graphic file (type png)
<use ./images/plot R40.png>
Package pdftex.def Info: ./images/plot R40.png  used on input line 748.
(pdftex.def)             Requested size: 195.89456pt x 87.45477pt.
<./images/plot R10.png, id=549, 583.42969pt x 260.47313pt>
File: ./images/plot R10.png Graphic file (type png)
<use ./images/plot R10.png>
Package pdftex.def Info: ./images/plot R10.png  used on input line 756.
(pdftex.def)             Requested size: 195.89456pt x 87.45477pt.
<./images/plot R30.png, id=550, 583.42969pt x 260.47313pt>
File: ./images/plot R30.png Graphic file (type png)
<use ./images/plot R30.png>
Package pdftex.def Info: ./images/plot R30.png  used on input line 761.
(pdftex.def)             Requested size: 195.89456pt x 87.45477pt.
<./images/plot R50.png, id=551, 583.42969pt x 260.47313pt>
File: ./images/plot R50.png Graphic file (type png)
<use ./images/plot R50.png>
Package pdftex.def Info: ./images/plot R50.png  used on input line 766.
(pdftex.def)             Requested size: 195.89456pt x 87.45477pt.
<./images/lcr code 1.png, id=552, 656.4525pt x 833.1125pt>
File: ./images/lcr code 1.png Graphic file (type png)
<use ./images/lcr code 1.png>
Package pdftex.def Info: ./images/lcr code 1.png  used on input line 778.
(pdftex.def)             Requested size: 284.52756pt x 361.10437pt.


[20 <./images/plot R5.png> <./images/plot R20.png> <./images/plot R40.png> <./images/plot R10.png> <./images/plot R30.png> <./images/plot R50.png>]
<./images/lcr code 2.png, id=567, 1045.9075pt x 517.935pt>
File: ./images/lcr code 2.png Graphic file (type png)
<use ./images/lcr code 2.png>
Package pdftex.def Info: ./images/lcr code 2.png  used on input line 786.
(pdftex.def)             Requested size: 284.52756pt x 140.89542pt.
<./images/lcr code 3.png, id=572, 1054.94125pt x 519.9425pt>
File: ./images/lcr code 3.png Graphic file (type png)
<use ./images/lcr code 3.png>
Package pdftex.def Info: ./images/lcr code 3.png  used on input line 794.
(pdftex.def)             Requested size: 284.52756pt x 140.22768pt.
<./images/lcr code 4.png, id=577, 615.29875pt x 544.0325pt>
File: ./images/lcr code 4.png Graphic file (type png)
<use ./images/lcr code 4.png>
Package pdftex.def Info: ./images/lcr code 4.png  used on input line 800.
(pdftex.def)             Requested size: 426.79134pt x 377.36684pt.


[21 <./images/lcr code 1.png> <./images/lcr code 2.png> <./images/lcr code 3.png>]
<./images/lcr code 5.png, id=593, 905.3825pt x 519.9425pt>
File: ./images/lcr code 5.png Graphic file (type png)
<use ./images/lcr code 5.png>
Package pdftex.def Info: ./images/lcr code 5.png  used on input line 806.
(pdftex.def)             Requested size: 426.79134pt x 245.09497pt.


[22 <./images/lcr code 4.png> <./images/lcr code 5.png>] (/Users/JoanaUCD/Library/CloudStorage/OneDrive-UniversityCollegeDublin/Labs/labs-files/tex Files/out/PHYC20090EXP7LCR.lof)
\tf@lof=\write5
\openout5 = `PHYC20090EXP7LCR.lof'.

 (/Users/JoanaUCD/Library/CloudStorage/OneDrive-UniversityCollegeDublin/Labs/labs-files/tex Files/out/PHYC20090EXP7LCR.lot)
\tf@lot=\write6
\openout6 = `PHYC20090EXP7LCR.lot'.



[23] (/Users/JoanaUCD/Library/CloudStorage/OneDrive-UniversityCollegeDublin/Labs/labs-files/tex Files/out/PHYC20090EXP7LCR.aux)
 ***********
LaTeX2e <2024-11-01> patch level 1
L3 programming layer <2024-12-25>
 ***********
Package rerunfilecheck Info: File `PHYC20090EXP7LCR.out' has not changed.
(rerunfilecheck)             Checksum: D96F88B9AB3C53EC5352B33FE1E3DA93;4785.
 ) 
Here is how much of TeX's memory you used:
 16364 strings out of 475472
 282652 string characters out of 5764328
 797135 words of memory out of 5000000
 38948 multiletter control sequences out of 15000+600000
 568622 words of font info for 69 fonts, out of 8000000 for 9000
 0 hyphenation exceptions out of 8191
 83i,23n,131p,628b,617s stack positions out of 10000i,1000n,20000p,200000b,200000s
 </Users/JoanaUCD/Library/Application Support/MiKTeX/texmfs/data/fonts/pk/ljfour/jknappen/ec/dpi600/tcrm1000.pk> </Users/JoanaUCD/Library/Application Support/MiKTeX/texmfs/data/fonts/pk/ljfour/jknappen/ec/dpi600/tcti1200.pk> </Users/JoanaUCD/Library/Application Support/MiKTeX/texmfs/data/fonts/pk/ljfour/jknappen/ec/dpi600/tcrm1200.pk></Users/JoanaUCD/Library/Application Support/MiKTeX/texmfs/install/fonts/type1/public/amsfonts/cm/cmbx10.pfb></Users/JoanaUCD/Library/Application Support/MiKTeX/texmfs/install/fonts/type1/public/amsfonts/cm/cmbx12.pfb></Users/JoanaUCD/Library/Application Support/MiKTeX/texmfs/install/fonts/type1/public/amsfonts/cm/cmex10.pfb></Users/JoanaUCD/Library/Application Support/MiKTeX/texmfs/install/fonts/type1/public/amsfonts/cm/cmmi10.pfb></Users/JoanaUCD/Library/Application Support/MiKTeX/texmfs/install/fonts/type1/public/amsfonts/cm/cmmi12.pfb></Users/JoanaUCD/Library/Application Support/MiKTeX/texmfs/install/fonts/type1/public/amsfonts/cm/cmmi8.pfb></Users/JoanaUCD/Library/Application Support/MiKTeX/texmfs/install/fonts/type1/public/amsfonts/cm/cmr10.pfb></Users/JoanaUCD/Library/Application Support/MiKTeX/texmfs/install/fonts/type1/public/amsfonts/cm/cmr12.pfb></Users/JoanaUCD/Library/Application Support/MiKTeX/texmfs/install/fonts/type1/public/amsfonts/cm/cmr17.pfb></Users/JoanaUCD/Library/Application Support/MiKTeX/texmfs/install/fonts/type1/public/amsfonts/cm/cmr6.pfb></Users/JoanaUCD/Library/Application Support/MiKTeX/texmfs/install/fonts/type1/public/amsfonts/cm/cmr8.pfb></Users/JoanaUCD/Library/Application Support/MiKTeX/texmfs/install/fonts/type1/public/amsfonts/cm/cmsy10.pfb></Users/JoanaUCD/Library/Application Support/MiKTeX/texmfs/install/fonts/type1/public/amsfonts/cm/cmsy7.pfb></Users/JoanaUCD/Library/Application Support/MiKTeX/texmfs/install/fonts/type1/public/amsfonts/cm/cmsy8.pfb></Users/JoanaUCD/Library/Application Support/MiKTeX/texmfs/install/fonts/type1/public/amsfonts/cm/cmti10.pfb></Users/JoanaUCD/Library/Application Support/MiKTeX/texmfs/install/fonts/type1/public/amsfonts/cm/cmti12.pfb>
Output written on "/Users/JoanaUCD/Library/CloudStorage/OneDrive-UniversityCollegeDublin/Labs/labs-files/tex Files/out/PHYC20090EXP7LCR.pdf" (24 pages, 9327771 bytes).
PDF statistics:
 769 PDF objects out of 1000 (max. 8388607)
 130 named destinations out of 1000 (max. 500000)
 360 words of extra memory for PDF output out of 10000 (max. 10000000)

