\BOOKMARK [1][-]{figure.caption.2}{\376\377\000A\000b\000s\000t\000r\000a\000c\000t}{}% 1
\BOOKMARK [1][-]{section.1}{\376\377\000T\000h\000e\000o\000r\000y}{}% 2
\BOOKMARK [2][-]{subsection.1.1}{\376\377\000L\000e\000n\000s\000e\000s}{section.1}% 3
\BOOKMARK [3][-]{subsubsection.1.1.1}{\376\377\000F\000o\000c\000a\000l\000\040\000L\000e\000n\000g\000t\000h}{subsection.1.1}% 4
\BOOKMARK [3][-]{subsubsection.1.1.2}{\376\377\000I\000m\000a\000g\000e\000\040\000F\000o\000r\000m\000a\000t\000i\000o\000n}{subsection.1.1}% 5
\BOOKMARK [2][-]{subsection.1.2}{\376\377\000P\000o\000l\000a\000r\000i\000s\000a\000t\000i\000o\000n}{section.1}% 6
\BOOKMARK [3][-]{subsubsection.1.2.1}{\376\377\000R\000e\000f\000l\000e\000c\000t\000i\000o\000n\000\040\000a\000n\000d\000\040\000R\000e\000f\000r\000a\000c\000t\000i\000o\000n}{subsection.1.2}% 7
\BOOKMARK [3][-]{subsubsection.1.2.2}{\376\377\000S\000n\000e\000l\000l\000'\000s\000\040\000L\000a\000w}{subsection.1.2}% 8
\BOOKMARK [3][-]{subsubsection.1.2.3}{\376\377\000B\000r\000e\000w\000s\000t\000e\000r\000'\000s\000\040\000A\000n\000g\000l\000e}{subsection.1.2}% 9
\BOOKMARK [3][-]{subsubsection.1.2.4}{\376\377\000R\000a\000t\000i\000o\000s\000\040\000o\000f\000\040\000I\000n\000t\000e\000n\000s\000i\000t\000y}{subsection.1.2}% 10
\BOOKMARK [1][-]{section.2}{\376\377\000M\000e\000t\000h\000o\000d\000o\000l\000o\000g\000y}{}% 11
\BOOKMARK [2][-]{subsection.2.1}{\376\377\000D\000e\000t\000e\000r\000m\000i\000n\000i\000n\000g\000\040\000t\000h\000e\000\040\000F\000o\000c\000a\000l\000\040\000L\000e\000n\000g\000t\000h}{section.2}% 12
\BOOKMARK [3][-]{subsubsection.2.1.1}{\376\377\000C\000o\000n\000v\000e\000x\000\040\000L\000e\000n\000s\000\040\000M\000e\000t\000h\000o\000d}{subsection.2.1}% 13
\BOOKMARK [3][-]{subsubsection.2.1.2}{\376\377\000C\000o\000n\000c\000a\000v\000e\000\040\000L\000e\000n\000s\000\040\000M\000e\000t\000h\000o\000d}{subsection.2.1}% 14
\BOOKMARK [2][-]{subsection.2.2}{\376\377\000D\000e\000t\000e\000r\000m\000i\000n\000i\000n\000g\000\040\000B\000r\000e\000w\000s\000t\000e\000r\000'\000s\000\040\000A\000n\000g\000l\000e\000\040\000M\000e\000t\000h\000o\000d}{section.2}% 15
\BOOKMARK [1][-]{section.3}{\376\377\000R\000e\000s\000u\000l\000t\000s\000\040\000a\000n\000d\000\040\000C\000a\000l\000c\000u\000l\000a\000t\000i\000o\000n\000s}{}% 16
\BOOKMARK [2][-]{subsection.3.1}{\376\377\000D\000e\000t\000e\000r\000m\000i\000n\000i\000n\000g\000\040\000t\000h\000e\000\040\000F\000o\000c\000a\000l\000\040\000L\000e\000n\000g\000t\000h}{section.3}% 17
\BOOKMARK [3][-]{subsubsection.3.1.1}{\376\377\000C\000o\000n\000v\000e\000x\000\040\000L\000e\000n\000s}{subsection.3.1}% 18
\BOOKMARK [3][-]{subsubsection.3.1.2}{\376\377\000C\000o\000n\000c\000a\000v\000e\000\040\000L\000e\000n\000s\000e}{subsection.3.1}% 19
\BOOKMARK [2][-]{subsection.3.2}{\376\377\000D\000e\000t\000e\000r\000m\000i\000n\000i\000n\000g\000\040\000B\000r\000e\000w\000s\000t\000e\000r\000'\000s\000\040\000A\000n\000g\000l\000e}{section.3}% 20
\BOOKMARK [1][-]{section.4}{\376\377\000C\000o\000n\000c\000l\000u\000s\000i\000o\000n}{}% 21
\BOOKMARK [1][-]{section.5}{\376\377\000A\000p\000p\000l\000i\000c\000a\000t\000i\000o\000n\000s\000\040\000o\000f\000\040\000L\000e\000n\000s\000e\000s}{}% 22
\BOOKMARK [2][-]{subsection.5.1}{\376\377\000E\000y\000e\000g\000l\000a\000s\000s\000e\000s}{section.5}% 23
\BOOKMARK [2][-]{subsection.5.2}{\376\377\000M\000i\000c\000r\000o\000s\000c\000o\000p\000e\000s}{section.5}% 24
\BOOKMARK [2][-]{subsection.5.3}{\376\377\000T\000e\000l\000e\000s\000c\000o\000p\000e\000s}{section.5}% 25
\BOOKMARK [1][-]{section*.11}{\376\377\000R\000e\000f\000e\000r\000e\000n\000c\000e\000s}{}% 26
\BOOKMARK [1][-]{section*.12}{\376\377\000A\000p\000p\000e\000n\000d\000i\000x}{}% 27
\BOOKMARK [1][-]{section*.13}{\376\377\000L\000i\000s\000t\000\040\000o\000f\000\040\000F\000i\000g\000u\000r\000e\000s}{}% 28
\BOOKMARK [1][-]{section*.14}{\376\377\000L\000i\000s\000t\000\040\000o\000f\000\040\000T\000a\000b\000l\000e\000s}{}% 29
\BOOKMARK [2][-]{section*.15}{\376\377\000R\000a\000w\000\040\000D\000a\000t\000a}{section*.14}% 30
\BOOKMARK [2][-]{section*.16}{\376\377\000C\000o\000d\000e}{section*.14}% 31
