\BOOKMARK [1][-]{section.1}{\376\377\000T\000h\000e\000o\000r\000y}{}% 1
\BOOKMARK [2][-]{subsection.1.1}{\376\377\000W\000a\000v\000e\000\040\000N\000a\000t\000u\000r\000e\000\040\000o\000f\000\040\000L\000i\000g\000h\000t}{section.1}% 2
\BOOKMARK [2][-]{subsection.1.2}{\376\377\000D\000i\000f\000f\000r\000a\000c\000t\000i\000o\000n}{section.1}% 3
\BOOKMARK [3][-]{subsubsection.1.2.1}{\376\377\000F\000r\000e\000s\000n\000e\000l\000\040\000D\000i\000f\000f\000r\000a\000c\000t\000i\000o\000n}{subsection.1.2}% 4
\BOOKMARK [3][-]{subsubsection.1.2.2}{\376\377\000F\000r\000a\000u\000n\000h\000o\000f\000e\000r\000\040\000D\000i\000f\000f\000r\000a\000c\000t\000i\000o\000n}{subsection.1.2}% 5
\BOOKMARK [2][-]{subsection.1.3}{\376\377\000I\000n\000t\000e\000r\000f\000e\000r\000e\000n\000c\000e}{section.1}% 6
\BOOKMARK [3][-]{subsubsection.1.3.1}{\376\377\000L\000a\000s\000e\000r\000\040\000P\000r\000o\000p\000e\000r\000t\000i\000e\000s\000\040\000f\000o\000r\000\040\000I\000n\000t\000e\000r\000f\000e\000r\000e\000n\000c\000e}{subsection.1.3}% 7
\BOOKMARK [4][-]{paragraph.1.3.1.1}{\376\377\000M\000o\000n\000o\000c\000h\000r\000o\000m\000a\000t\000i\000c\000i\000t\000y}{subsubsection.1.3.1}% 8
\BOOKMARK [4][-]{paragraph.1.3.1.2}{\376\377\000C\000o\000h\000e\000r\000e\000n\000c\000e}{subsubsection.1.3.1}% 9
\BOOKMARK [2][-]{subsection.1.4}{\376\377\000S\000i\000n\000g\000l\000e\000\040\000S\000l\000i\000t\000\040\000E\000x\000p\000e\000r\000i\000m\000e\000n\000t}{section.1}% 10
\BOOKMARK [2][-]{subsection.1.5}{\376\377\000D\000o\000u\000b\000l\000e\000\040\000S\000l\000i\000t\000\040\000\050\000Y\000o\000u\000n\000g\000'\000s\000\051\000\040\000E\000x\000p\000e\000r\000i\000m\000e\000n\000t}{section.1}% 11
\BOOKMARK [2][-]{subsection.1.6}{\376\377\000A\000p\000p\000l\000i\000c\000a\000t\000i\000o\000n\000s\000\040\000o\000f\000\040\000I\000n\000t\000e\000r\000f\000e\000r\000e\000n\000c\000e\000\040\000a\000n\000d\000\040\000D\000i\000f\000f\000r\000a\000c\000t\000i\000o\000n}{section.1}% 12
\BOOKMARK [1][-]{section.2}{\376\377\000M\000e\000t\000h\000o\000d\000o\000l\000o\000g\000y}{}% 13
\BOOKMARK [2][-]{subsection.2.1}{\376\377\000S\000i\000n\000g\000l\000e\000\040\000S\000l\000i\000t\000\040\000E\000x\000p\000e\000r\000i\000m\000e\000n\000t\000\040\000M\000e\000t\000h\000o\000d}{section.2}% 14
\BOOKMARK [2][-]{subsection.2.2}{\376\377\000D\000o\000u\000b\000l\000e\000\040\000S\000l\000i\000t\000\040\000\050\000Y\000o\000u\000n\000g\000'\000s\000\051\000\040\000E\000x\000p\000e\000r\000i\000m\000e\000n\000t\000\040\000M\000e\000t\000h\000o\000d}{section.2}% 15
\BOOKMARK [1][-]{section.3}{\376\377\000R\000e\000s\000u\000l\000t\000s\000\040\000a\000n\000d\000\040\000D\000i\000s\000c\000u\000s\000s\000i\000o\000n}{}% 16
\BOOKMARK [2][-]{subsection.3.1}{\376\377\000S\000i\000n\000g\000l\000e\000\040\000S\000l\000i\000t\000\040\000E\000x\000p\000e\000r\000i\000m\000e\000n\000t\000\040\000R\000e\000s\000u\000l\000t\000s}{section.3}% 17
\BOOKMARK [2][-]{subsection.3.2}{\376\377\000D\000o\000u\000b\000l\000e\000\040\000S\000l\000i\000t\000\040\000\050\000Y\000o\000u\000n\000g\000'\000s\000\051\000\040\000E\000x\000p\000e\000r\000i\000m\000e\000n\000t\000\040\000R\000e\000s\000u\000l\000t\000s}{section.3}% 18
\BOOKMARK [1][-]{section.4}{\376\377\000C\000o\000n\000c\000l\000u\000s\000i\000o\000n}{}% 19
\BOOKMARK [1][-]{section.4}{\376\377\000R\000e\000f\000e\000r\000e\000n\000c\000e\000s}{}% 20
\BOOKMARK [1][-]{section*.8}{\376\377\000L\000i\000s\000t\000\040\000o\000f\000\040\000F\000i\000g\000u\000r\000e\000s}{}% 21
