\BOOKMARK [1][-]{figure.caption.2}{\376\377\000A\000b\000s\000t\000r\000a\000c\000t}{}% 1
\BOOKMARK [1][-]{section.1}{\376\377\000T\000h\000e\000o\000r\000y}{}% 2
\BOOKMARK [2][-]{subsection.1.1}{\376\377\000S\000p\000e\000c\000t\000r\000a}{section.1}% 3
\BOOKMARK [3][-]{subsubsection.1.1.1}{\376\377\000A\000b\000s\000o\000r\000p\000t\000i\000o\000n\000\040\000L\000i\000n\000e\000\040\000S\000p\000e\000c\000t\000r\000a}{subsection.1.1}% 4
\BOOKMARK [3][-]{subsubsection.1.1.2}{\376\377\000E\000m\000i\000s\000s\000i\000o\000n\000\040\000L\000i\000n\000e\000\040\000S\000p\000e\000c\000t\000r\000a}{subsection.1.1}% 5
\BOOKMARK [2][-]{subsection.1.2}{\376\377\000B\000l\000a\000c\000k\000b\000o\000d\000y\000\040\000R\000a\000d\000i\000a\000t\000i\000o\000n}{section.1}% 6
\BOOKMARK [2][-]{subsection.1.3}{\376\377\000W\000i\000e\000n\000'\000s\000\040\000D\000i\000s\000p\000l\000a\000c\000e\000m\000e\000n\000t\000\040\000L\000a\000w}{section.1}% 7
\BOOKMARK [2][-]{subsection.1.4}{\376\377\000A\000p\000p\000a\000r\000e\000n\000t\000\040\000a\000n\000d\000\040\000A\000b\000s\000o\000l\000u\000t\000e\000\040\000M\000a\000g\000n\000i\000t\000u\000d\000e}{section.1}% 8
\BOOKMARK [2][-]{subsection.1.5}{\376\377\000S\000t\000e\000l\000l\000a\000r\000\040\000C\000l\000a\000s\000s\000i\000f\000i\000c\000a\000t\000i\000o\000n}{section.1}% 9
\BOOKMARK [3][-]{subsubsection.1.5.1}{\376\377\000H\000a\000r\000v\000a\000r\000d\000\040\000C\000l\000a\000s\000s\000i\000f\000i\000c\000a\000t\000i\000o\000n\000\040\000o\000f\000\040\000S\000p\000e\000c\000t\000r\000a\000l\000\040\000T\000y\000p\000e\000s}{subsection.1.5}% 10
\BOOKMARK [3][-]{subsubsection.1.5.2}{\376\377\000M\000K\000\040\000S\000y\000s\000t\000e\000m\000\040\000o\000f\000\040\000L\000u\000m\000i\000n\000o\000s\000i\000t\000y}{subsection.1.5}% 11
\BOOKMARK [3][-]{subsubsection.1.5.3}{\376\377\000M\000a\000i\000n\000\040\000S\000e\000q\000u\000e\000n\000c\000e\000\040\000S\000t\000a\000r\000s}{subsection.1.5}% 12
\BOOKMARK [1][-]{section.2}{\376\377\000M\000e\000t\000h\000o\000d\000o\000l\000o\000g\000y}{}% 13
\BOOKMARK [1][-]{section.3}{\376\377\000R\000e\000s\000u\000l\000t\000s\000\040\000a\000n\000d\000\040\000C\000a\000l\000c\000u\000l\000a\000t\000i\000o\000n\000s}{}% 14
\BOOKMARK [1][-]{section.4}{\376\377\000C\000o\000n\000c\000l\000u\000s\000i\000o\000n}{}% 15
\BOOKMARK [1][-]{section*.8}{\376\377\000R\000e\000f\000e\000r\000e\000n\000c\000e\000s}{}% 16
\BOOKMARK [1][-]{section*.9}{\376\377\000L\000i\000s\000t\000\040\000o\000f\000\040\000F\000i\000g\000u\000r\000e\000s}{}% 17
\BOOKMARK [1][-]{section*.10}{\376\377\000L\000i\000s\000t\000\040\000o\000f\000\040\000T\000a\000b\000l\000e\000s}{}% 18
\BOOKMARK [1][-]{section*.11}{\376\377\000A\000p\000p\000e\000n\000d\000i\000x}{}% 19
\BOOKMARK [2][-]{section*.12}{\376\377\000T\000a\000b\000l\000e\000s}{section*.11}% 20
\BOOKMARK [2][-]{section*.13}{\376\377\000G\000r\000a\000p\000h\000s}{section*.11}% 21
\BOOKMARK [2][-]{section*.14}{\376\377\000C\000o\000d\000e}{section*.11}% 22
