\BOOKMARK [1][-]{figure.caption.2}{\376\377\000A\000b\000s\000t\000r\000a\000c\000t}{}% 1
\BOOKMARK [1][-]{section.1}{\376\377\000T\000h\000e\000o\000r\000y}{}% 2
\BOOKMARK [2][-]{subsection.1.1}{\376\377\000W\000a\000v\000e\000s}{section.1}% 3
\BOOKMARK [3][-]{subsubsection.1.1.1}{\376\377\000T\000h\000e\000\040\000A\000n\000a\000t\000o\000m\000y\000\040\000o\000f\000\040\000a\000\040\000W\000a\000v\000e}{subsection.1.1}% 4
\BOOKMARK [3][-]{subsubsection.1.1.2}{\376\377\000N\000e\000w\000t\000o\000n\000'\000s\000\040\000L\000a\000w\000s\000\040\000a\000n\000d\000\040\000W\000a\000v\000e\000\040\000V\000e\000l\000o\000c\000i\000t\000y}{subsection.1.1}% 5
\BOOKMARK [2][-]{subsection.1.2}{\376\377\000R\000e\000s\000o\000n\000a\000n\000c\000e}{section.1}% 6
\BOOKMARK [3][-]{subsubsection.1.2.1}{\376\377\000S\000t\000a\000n\000d\000i\000n\000g\000\040\000W\000a\000v\000e\000s}{subsection.1.2}% 7
\BOOKMARK [3][-]{subsubsection.1.2.2}{\376\377\000H\000a\000r\000m\000o\000n\000i\000c\000s}{subsection.1.2}% 8
\BOOKMARK [1][-]{section.2}{\376\377\000M\000e\000t\000h\000o\000d\000o\000l\000o\000g\000y}{}% 9
\BOOKMARK [2][-]{subsection.2.1}{\376\377\000V\000a\000r\000y\000i\000n\000g\000\040\000L\000e\000n\000g\000t\000h\000\040\000M\000e\000t\000h\000o\000d}{section.2}% 10
\BOOKMARK [2][-]{subsection.2.2}{\376\377\000V\000a\000r\000y\000i\000n\000g\000\040\000T\000e\000n\000s\000i\000o\000n\000\040\000M\000e\000t\000h\000o\000d}{section.2}% 11
\BOOKMARK [1][-]{section.3}{\376\377\000R\000e\000s\000u\000l\000t\000s\000\040\000a\000n\000d\000\040\000C\000a\000l\000c\000u\000l\000a\000t\000i\000o\000n\000s}{}% 12
\BOOKMARK [2][-]{subsection.3.1}{\376\377\000A\000p\000p\000l\000i\000c\000a\000t\000i\000o\000n\000\040\000o\000f\000\040\000T\000h\000e\000o\000r\000y\000\040\000Q\000u\000e\000s\000t\000i\000o\000n\000s}{section.3}% 13
\BOOKMARK [2][-]{subsection.3.2}{\376\377\000V\000a\000r\000y\000i\000n\000g\000\040\000L\000e\000n\000g\000t\000h}{section.3}% 14
\BOOKMARK [2][-]{subsection.3.3}{\376\377\000V\000a\000r\000y\000i\000n\000g\000\040\000T\000e\000n\000s\000i\000o\000n}{section.3}% 15
\BOOKMARK [1][-]{section.4}{\376\377\000C\000o\000n\000c\000l\000u\000s\000i\000o\000n}{}% 16
\BOOKMARK [1][-]{section.5}{\376\377\000A\000p\000p\000l\000i\000c\000a\000t\000i\000o\000n\000s\000\040\000o\000f\000\040\000R\000e\000s\000o\000n\000a\000n\000t\000\040\000F\000r\000e\000q\000u\000e\000n\000c\000y}{}% 17
\BOOKMARK [2][-]{subsection.5.1}{\376\377\000E\000l\000e\000c\000t\000r\000i\000c\000a\000l\000\040\000R\000e\000s\000o\000n\000a\000n\000c\000e}{section.5}% 18
\BOOKMARK [3][-]{subsubsection.5.1.1}{\376\377\000R\000a\000d\000i\000o\000s\000\040\000T\000r\000a\000n\000s\000m\000i\000s\000s\000i\000o\000n\000s\000\040\000a\000n\000d\000\040\000T\000V\000\040\000B\000r\000o\000a\000d\000c\000a\000s\000t\000s}{subsection.5.1}% 19
\BOOKMARK [3][-]{subsubsection.5.1.2}{\376\377\000E\000n\000v\000i\000r\000o\000n\000m\000e\000n\000t\000a\000l\000\040\000M\000o\000n\000i\000t\000o\000r\000i\000n\000g}{subsection.5.1}% 20
\BOOKMARK [1][-]{section*.7}{\376\377\000R\000e\000f\000e\000r\000e\000n\000c\000e\000s}{}% 21
\BOOKMARK [1][-]{section*.8}{\376\377\000L\000i\000s\000t\000\040\000o\000f\000\040\000F\000i\000g\000u\000r\000e\000s}{}% 22
\BOOKMARK [1][-]{section*.9}{\376\377\000L\000i\000s\000t\000\040\000o\000f\000\040\000T\000a\000b\000l\000e\000s}{}% 23
\BOOKMARK [1][-]{section*.10}{\376\377\000A\000p\000p\000e\000n\000d\000i\000x}{}% 24
\BOOKMARK [2][-]{section*.11}{\376\377\000T\000a\000b\000l\000e\000s}{section*.10}% 25
\BOOKMARK [2][-]{section*.12}{\376\377\000G\000r\000a\000p\000h\000s}{section*.10}% 26
\BOOKMARK [2][-]{section*.13}{\376\377\000C\000o\000d\000e}{section*.10}% 27
